This file contains any messages produced by compilers while
running configure, to aid debugging if configure makes a mistake.

It was created by vo-aacenc configure 0.1.3, which was
generated by GNU Autoconf 2.69.  Invocation command line was

  $ ./configure --host=arm-linux-androideabi --with-sysroot=/Users/xiaokai.zhan/soft/android-ndk-r10d/platforms/android-9/arch-arm/ --prefix=/Users/xiaokai.zhan/book/workspace/cross_compile_project/ffmpeg_2.8.5_android/external_libs/vo_aac/build/armv5/ --enable-armv5e --includedir=/Users/xiaokai.zhan/soft/android-ndk-r10d/platforms/android-9/arch-arm/usr/include --disable-shared

## --------- ##
## Platform. ##
## --------- ##

hostname = XiaokaiZhandeMacBook-Pro.local
uname -m = x86_64
uname -r = 16.7.0
uname -s = Darwin
uname -v = Darwin Kernel Version 16.7.0: Thu Jun 15 17:36:27 PDT 2017; root:xnu-3789.70.16~2/RELEASE_X86_64

/usr/bin/uname -p = i386
/bin/uname -X     = unknown

/bin/arch              = unknown
/usr/bin/arch -k       = unknown
/usr/convex/getsysinfo = unknown
/usr/bin/hostinfo      = Mach kernel version:
	 Darwin Kernel Version 16.7.0: Thu Jun 15 17:36:27 PDT 2017; root:xnu-3789.70.16~2/RELEASE_X86_64
Kernel configured for up to 8 processors.
4 processors are physically available.
8 processors are logically available.
Processor type: x86_64h (Intel x86-64h Haswell)
Processors active: 0 1 2 3 4 5 6 7
Primary memory available: 16.00 gigabytes
Default processor set: 283 tasks, 1145 threads, 8 processors
Load average: 1.08, Mach factor: 6.91
/bin/machine           = unknown
/usr/bin/oslevel       = unknown
/bin/universe          = unknown

PATH: /Users/xiaokai.zhan/.rvm/gems/ruby-2.4.1/bin
PATH: /Users/xiaokai.zhan/.rvm/gems/ruby-2.4.1@global/bin
PATH: /Users/xiaokai.zhan/.rvm/rubies/ruby-2.4.1/bin
PATH: /usr/local/arcanist/bin/
PATH: /usr/local/libphutil/bin
PATH: /Users/xiaokai.zhan/soft/android-ndk-r10d
PATH: /Users/xiaokai.zhan/soft/sdk/platform-tools
PATH: /Users/xiaokai.zhan/libs/ffmpeg-2.8.5/install-path/bin
PATH: /usr/local/arcanist/bin/
PATH: /usr/local/libphutil/bin
PATH: /usr/local/bin
PATH: /usr/bin
PATH: /bin
PATH: /usr/sbin
PATH: /sbin
PATH: /Users/xiaokai.zhan/.rvm/bin
PATH: /Users/xiaokai.zhan/soft/android-ndk-r10d/toolchains/arm-linux-androideabi-4.6/prebuilt/darwin-x86_64/bin
PATH: /Users/xiaokai.zhan/soft/android-ndk-r10d/platforms/android-9/arch-arm/usr/include


## ----------- ##
## Core tests. ##
## ----------- ##

configure:2187: checking for a BSD-compatible install
configure:2255: result: /usr/local/bin/ginstall -c
configure:2266: checking whether build environment is sane
configure:2316: result: yes
configure:2365: checking for arm-linux-androideabi-strip
configure:2381: found /Users/xiaokai.zhan/soft/android-ndk-r10d/toolchains/arm-linux-androideabi-4.6/prebuilt/darwin-x86_64/bin/arm-linux-androideabi-strip
configure:2392: result: arm-linux-androideabi-strip
configure:2457: checking for a thread-safe mkdir -p
configure:2496: result: /usr/local/bin/gmkdir -p
configure:2509: checking for gawk
configure:2539: result: no
configure:2509: checking for mawk
configure:2539: result: no
configure:2509: checking for nawk
configure:2539: result: no
configure:2509: checking for awk
configure:2525: found /usr/bin/awk
configure:2536: result: awk
configure:2547: checking whether make sets $(MAKE)
configure:2569: result: yes
configure:2644: checking how to create a ustar tar archive
configure:2657: tar --version
bsdtar 2.8.3 - libarchive 2.8.3
configure:2660: $? = 0
configure:2700: tardir=conftest.dir && eval tar --format=ustar -chf - "$tardir" >conftest.tar
configure:2703: $? = 0
configure:2707: tar -xf - <conftest.tar
configure:2710: $? = 0
configure:2723: result: gnutar
configure:2741: checking whether make supports nested variables
configure:2758: result: yes
configure:2770: checking whether to enable maintainer-specific portions of Makefiles
configure:2779: result: no
configure:2853: checking for style of include used by make
configure:2882: result: GNU
configure:2913: checking for arm-linux-androideabi-gcc
configure:2930: found /Users/xiaokai.zhan/soft/android-ndk-r10d/toolchains/arm-linux-androideabi-4.6/prebuilt/darwin-x86_64/bin/arm-linux-androideabi-gcc
configure:2941: result: arm-linux-androideabi-gcc
configure:3222: checking for C compiler version
configure:3231: arm-linux-androideabi-gcc --version >&5
arm-linux-androideabi-gcc (GCC) 4.6 20120106 (prerelease)
Copyright (C) 2011 Free Software Foundation, Inc.
This is free software; see the source for copying conditions.  There is NO
warranty; not even for MERCHANTABILITY or FITNESS FOR A PARTICULAR PURPOSE.

configure:3242: $? = 0
configure:3231: arm-linux-androideabi-gcc -v >&5
Using built-in specs.
COLLECT_GCC=arm-linux-androideabi-gcc
COLLECT_LTO_WRAPPER=/Users/xiaokai.zhan/soft/android-ndk-r10d/toolchains/arm-linux-androideabi-4.6/prebuilt/darwin-x86_64/bin/../libexec/gcc/arm-linux-androideabi/4.6/lto-wrapper
Target: arm-linux-androideabi
Configured with: /s/ndk-toolchain/src/build/../gcc/gcc-4.6/configure --prefix=/tmp/ndk-User/build/toolchain/prefix --target=arm-linux-androideabi --host=x86_64-apple-darwin --build=x86_64-apple-darwin --with-gnu-as --with-gnu-ld --enable-languages=c,c++ --with-gmp=/tmp/ndk-User/build/toolchain/temp-install --with-mpfr=/tmp/ndk-User/build/toolchain/temp-install --with-mpc=/tmp/ndk-User/build/toolchain/temp-install --with-cloog=/tmp/ndk-User/build/toolchain/temp-install --with-isl=/tmp/ndk-User/build/toolchain/temp-install --with-ppl=/tmp/ndk-User/build/toolchain/temp-install --disable-ppl-version-check --disable-cloog-version-check --disable-isl-version-check --enable-cloog-backend=isl --with-host-libstdcxx='-static-libgcc -lstdc++ -lm' --disable-libssp --enable-threads --disable-nls --disable-libmudflap --disable-libgomp --disable-libstdc__-v3 --disable-sjlj-exceptions --disable-shared --disable-tls --disable-libitm --with-float=soft --with-fpu=vfp --with-arch=armv5te --enable-target-optspace --enable-initfini-array --disable-nls --prefix=/tmp/ndk-User/build/toolchain/prefix --with-sysroot=/tmp/ndk-User/build/toolchain/prefix/sysroot --with-binutils-version=2.21 --with-mpfr-version=3.1.1 --with-mpc-version=1.0.1 --with-gmp-version=5.0.5 --with-gcc-version=4.6 --with-gdb-version=7.3.x --with-python=/Users/User/mydroid/ndk/prebuilt/darwin-x86_64/bin/python-config.sh --with-gxx-include-dir=/tmp/ndk-User/build/toolchain/prefix/include/c++/4.6 --with-bugurl=http://source.android.com/source/report-bugs.html --enable-languages=c,c++ --disable-bootstrap --enable-plugins --enable-libgomp --disable-libsanitizer --enable-gold --enable-graphite=yes --with-cloog-version=0.18.0 --with-ppl-version=1.0 --enable-eh-frame-hdr-for-static --with-arch=armv5te --program-transform-name='s&^&arm-linux-androideabi-&' --enable-gold=default
Thread model: posix
gcc version 4.6 20120106 (prerelease) (GCC) 
configure:3242: $? = 0
configure:3231: arm-linux-androideabi-gcc -v >&5
Using built-in specs.
COLLECT_GCC=arm-linux-androideabi-gcc
COLLECT_LTO_WRAPPER=/Users/xiaokai.zhan/soft/android-ndk-r10d/toolchains/arm-linux-androideabi-4.6/prebuilt/darwin-x86_64/bin/../libexec/gcc/arm-linux-androideabi/4.6/lto-wrapper
Target: arm-linux-androideabi
Configured with: /s/ndk-toolchain/src/build/../gcc/gcc-4.6/configure --prefix=/tmp/ndk-User/build/toolchain/prefix --target=arm-linux-androideabi --host=x86_64-apple-darwin --build=x86_64-apple-darwin --with-gnu-as --with-gnu-ld --enable-languages=c,c++ --with-gmp=/tmp/ndk-User/build/toolchain/temp-install --with-mpfr=/tmp/ndk-User/build/toolchain/temp-install --with-mpc=/tmp/ndk-User/build/toolchain/temp-install --with-cloog=/tmp/ndk-User/build/toolchain/temp-install --with-isl=/tmp/ndk-User/build/toolchain/temp-install --with-ppl=/tmp/ndk-User/build/toolchain/temp-install --disable-ppl-version-check --disable-cloog-version-check --disable-isl-version-check --enable-cloog-backend=isl --with-host-libstdcxx='-static-libgcc -lstdc++ -lm' --disable-libssp --enable-threads --disable-nls --disable-libmudflap --disable-libgomp --disable-libstdc__-v3 --disable-sjlj-exceptions --disable-shared --disable-tls --disable-libitm --with-float=soft --with-fpu=vfp --with-arch=armv5te --enable-target-optspace --enable-initfini-array --disable-nls --prefix=/tmp/ndk-User/build/toolchain/prefix --with-sysroot=/tmp/ndk-User/build/toolchain/prefix/sysroot --with-binutils-version=2.21 --with-mpfr-version=3.1.1 --with-mpc-version=1.0.1 --with-gmp-version=5.0.5 --with-gcc-version=4.6 --with-gdb-version=7.3.x --with-python=/Users/User/mydroid/ndk/prebuilt/darwin-x86_64/bin/python-config.sh --with-gxx-include-dir=/tmp/ndk-User/build/toolchain/prefix/include/c++/4.6 --with-bugurl=http://source.android.com/source/report-bugs.html --enable-languages=c,c++ --disable-bootstrap --enable-plugins --enable-libgomp --disable-libsanitizer --enable-gold --enable-graphite=yes --with-cloog-version=0.18.0 --with-ppl-version=1.0 --enable-eh-frame-hdr-for-static --with-arch=armv5te --program-transform-name='s&^&arm-linux-androideabi-&' --enable-gold=default
Thread model: posix
gcc version 4.6 20120106 (prerelease) (GCC) 
configure:3242: $? = 0
configure:3231: arm-linux-androideabi-gcc -qversion >&5
arm-linux-androideabi-gcc: error: unrecognized option '-qversion'
arm-linux-androideabi-gcc: fatal error: no input files
compilation terminated.
configure:3242: $? = 1
configure:3265: checking whether the C compiler works
bbbbbbbbbbbbbbbbbbbbbbb
configure:3290: arm-linux-androideabi-gcc -L/Users/xiaokai.zhan/soft/android-ndk-r10d/platforms/android-9/arch-arm/usr/lib -I/Users/xiaokai.zhan/soft/android-ndk-r10d/platforms/android-9/arch-arm/usr/include  -L/Users/xiaokai.zhan/soft/android-ndk-r10d/platforms/android-9/arch-arm/usr/lib conftest.c  >&5
configure:3307: $? = 0
configure:3347: result: no
configure: failed program was:
| /* confdefs.h */
| #define PACKAGE_NAME "vo-aacenc"
| #define PACKAGE_TARNAME "vo-aacenc"
| #define PACKAGE_VERSION "0.1.3"
| #define PACKAGE_STRING "vo-aacenc 0.1.3"
| #define PACKAGE_BUGREPORT "http://sourceforge.net/projects/opencore-amr/"
| #define PACKAGE_URL ""
| #define PACKAGE "vo-aacenc"
| #define VERSION "0.1.3"
| /* end confdefs.h.  */
| 
| int
| main ()
| {
| 
|   ;
|   return 0;
| }
configure:3363: checking for C compiler default output file name
configure:3365: result: 
configure:3371: checking for suffix of executables
$CC -o conftest$ac_exeext $CFLAGS $CPPFLAGS $LDFLAGS conftest.$ac_ext $LIBS >&5
configure:3383: $? = 0
configure:3405: result: 
configure:3427: checking whether we are cross compiling
configure:3435: arm-linux-androideabi-gcc -o conftest -L/Users/xiaokai.zhan/soft/android-ndk-r10d/platforms/android-9/arch-arm/usr/lib -I/Users/xiaokai.zhan/soft/android-ndk-r10d/platforms/android-9/arch-arm/usr/include  -L/Users/xiaokai.zhan/soft/android-ndk-r10d/platforms/android-9/arch-arm/usr/lib conftest.c  >&5
/Users/xiaokai.zhan/soft/android-ndk-r10d/toolchains/arm-linux-androideabi-4.6/prebuilt/darwin-x86_64/bin/../lib/gcc/arm-linux-androideabi/4.6/../../../../arm-linux-androideabi/bin/ld: error: cannot open crtbegin_dynamic.o: No such file or directory
/Users/xiaokai.zhan/soft/android-ndk-r10d/toolchains/arm-linux-androideabi-4.6/prebuilt/darwin-x86_64/bin/../lib/gcc/arm-linux-androideabi/4.6/../../../../arm-linux-androideabi/bin/ld: error: cannot open crtend_android.o: No such file or directory
collect2: ld returned 1 exit status
configure:3439: $? = 1
configure:3446: ./conftest
./configure: line 3448: ./conftest: No such file or directory
configure:3450: $? = 127
configure:3465: result: yes
configure:3470: checking for suffix of object files
configure:3492: arm-linux-androideabi-gcc -c -L/Users/xiaokai.zhan/soft/android-ndk-r10d/platforms/android-9/arch-arm/usr/lib -I/Users/xiaokai.zhan/soft/android-ndk-r10d/platforms/android-9/arch-arm/usr/include  conftest.c >&5
configure:3496: $? = 0
configure:3517: result: o
configure:3521: checking whether we are using the GNU C compiler
configure:3540: arm-linux-androideabi-gcc -c -L/Users/xiaokai.zhan/soft/android-ndk-r10d/platforms/android-9/arch-arm/usr/lib -I/Users/xiaokai.zhan/soft/android-ndk-r10d/platforms/android-9/arch-arm/usr/include  conftest.c >&5
configure:3540: $? = 0
configure:3549: result: yes
configure:3558: checking whether arm-linux-androideabi-gcc accepts -g
configure:3578: arm-linux-androideabi-gcc -c -g  conftest.c >&5
configure:3578: $? = 0
configure:3619: result: yes
configure:3636: checking for arm-linux-androideabi-gcc option to accept ISO C89
configure:3699: arm-linux-androideabi-gcc  -c -L/Users/xiaokai.zhan/soft/android-ndk-r10d/platforms/android-9/arch-arm/usr/lib -I/Users/xiaokai.zhan/soft/android-ndk-r10d/platforms/android-9/arch-arm/usr/include  conftest.c >&5
configure:3699: $? = 0
configure:3712: result: none needed
configure:3734: checking dependency style of arm-linux-androideabi-gcc
configure:3845: result: gcc3
configure:3869: checking dependency style of arm-linux-androideabi-gcc
configure:3978: result: gcc3
configure:3993: checking for arm-linux-androideabi-gcc option to accept ISO C99
configure:4142: arm-linux-androideabi-gcc  -c -L/Users/xiaokai.zhan/soft/android-ndk-r10d/platforms/android-9/arch-arm/usr/lib -I/Users/xiaokai.zhan/soft/android-ndk-r10d/platforms/android-9/arch-arm/usr/include  conftest.c >&5
conftest.c:61:29: error: expected ';', ',' or ')' before 'text'
conftest.c: In function 'main':
conftest.c:115:18: error: expected '=', ',', ';', 'asm' or '__attribute__' before 'newvar'
conftest.c:115:18: error: 'newvar' undeclared (first use in this function)
conftest.c:115:18: note: each undeclared identifier is reported only once for each function it appears in
conftest.c:125:3: error: 'for' loop initial declarations are only allowed in C99 mode
conftest.c:125:3: note: use option -std=c99 or -std=gnu99 to compile your code
configure:4142: $? = 1
configure: failed program was:
| /* confdefs.h */
| #define PACKAGE_NAME "vo-aacenc"
| #define PACKAGE_TARNAME "vo-aacenc"
| #define PACKAGE_VERSION "0.1.3"
| #define PACKAGE_STRING "vo-aacenc 0.1.3"
| #define PACKAGE_BUGREPORT "http://sourceforge.net/projects/opencore-amr/"
| #define PACKAGE_URL ""
| #define PACKAGE "vo-aacenc"
| #define VERSION "0.1.3"
| /* end confdefs.h.  */
| #include <stdarg.h>
| #include <stdbool.h>
| #include <stdlib.h>
| #include <wchar.h>
| #include <stdio.h>
| 
| // Check varargs macros.  These examples are taken from C99 6.10.3.5.
| #define debug(...) fprintf (stderr, __VA_ARGS__)
| #define showlist(...) puts (#__VA_ARGS__)
| #define report(test,...) ((test) ? puts (#test) : printf (__VA_ARGS__))
| static void
| test_varargs_macros (void)
| {
|   int x = 1234;
|   int y = 5678;
|   debug ("Flag");
|   debug ("X = %d\n", x);
|   showlist (The first, second, and third items.);
|   report (x>y, "x is %d but y is %d", x, y);
| }
| 
| // Check long long types.
| #define BIG64 18446744073709551615ull
| #define BIG32 4294967295ul
| #define BIG_OK (BIG64 / BIG32 == 4294967297ull && BIG64 % BIG32 == 0)
| #if !BIG_OK
|   your preprocessor is broken;
| #endif
| #if BIG_OK
| #else
|   your preprocessor is broken;
| #endif
| static long long int bignum = -9223372036854775807LL;
| static unsigned long long int ubignum = BIG64;
| 
| struct incomplete_array
| {
|   int datasize;
|   double data[];
| };
| 
| struct named_init {
|   int number;
|   const wchar_t *name;
|   double average;
| };
| 
| typedef const char *ccp;
| 
| static inline int
| test_restrict (ccp restrict text)
| {
|   // See if C++-style comments work.
|   // Iterate through items via the restricted pointer.
|   // Also check for declarations in for loops.
|   for (unsigned int i = 0; *(text+i) != '\0'; ++i)
|     continue;
|   return 0;
| }
| 
| // Check varargs and va_copy.
| static void
| test_varargs (const char *format, ...)
| {
|   va_list args;
|   va_start (args, format);
|   va_list args_copy;
|   va_copy (args_copy, args);
| 
|   const char *str;
|   int number;
|   float fnumber;
| 
|   while (*format)
|     {
|       switch (*format++)
| 	{
| 	case 's': // string
| 	  str = va_arg (args_copy, const char *);
| 	  break;
| 	case 'd': // int
| 	  number = va_arg (args_copy, int);
| 	  break;
| 	case 'f': // float
| 	  fnumber = va_arg (args_copy, double);
| 	  break;
| 	default:
| 	  break;
| 	}
|     }
|   va_end (args_copy);
|   va_end (args);
| }
| 
| int
| main ()
| {
| 
|   // Check bool.
|   _Bool success = false;
| 
|   // Check restrict.
|   if (test_restrict ("String literal") == 0)
|     success = true;
|   char *restrict newvar = "Another string";
| 
|   // Check varargs.
|   test_varargs ("s, d' f .", "string", 65, 34.234);
|   test_varargs_macros ();
| 
|   // Check flexible array members.
|   struct incomplete_array *ia =
|     malloc (sizeof (struct incomplete_array) + (sizeof (double) * 10));
|   ia->datasize = 10;
|   for (int i = 0; i < ia->datasize; ++i)
|     ia->data[i] = i * 1.234;
| 
|   // Check named initializers.
|   struct named_init ni = {
|     .number = 34,
|     .name = L"Test wide string",
|     .average = 543.34343,
|   };
| 
|   ni.number = 58;
| 
|   int dynamic_array[ni.number];
|   dynamic_array[ni.number - 1] = 543;
| 
|   // work around unused variable warnings
|   return (!success || bignum == 0LL || ubignum == 0uLL || newvar[0] == 'x'
| 	  || dynamic_array[ni.number - 1] != 543);
| 
|   ;
|   return 0;
| }
configure:4142: arm-linux-androideabi-gcc -std=gnu99 -c -L/Users/xiaokai.zhan/soft/android-ndk-r10d/platforms/android-9/arch-arm/usr/lib -I/Users/xiaokai.zhan/soft/android-ndk-r10d/platforms/android-9/arch-arm/usr/include  conftest.c >&5
configure:4142: $? = 0
configure:4162: result: -std=gnu99
configure:4200: checking build system type
configure:4214: result: x86_64-apple-darwin16.7.0
configure:4234: checking host system type
configure:4247: result: arm-unknown-linux-androideabi
configure:4288: checking how to print strings
configure:4315: result: printf
configure:4336: checking for a sed that does not truncate output
configure:4400: result: /usr/bin/sed
configure:4418: checking for grep that handles long lines and -e
configure:4476: result: /usr/bin/grep
configure:4481: checking for egrep
configure:4543: result: /usr/bin/grep -E
configure:4548: checking for fgrep
configure:4610: result: /usr/bin/grep -F
configure:4645: checking for ld used by arm-linux-androideabi-gcc -std=gnu99
configure:4712: result: /Users/xiaokai.zhan/soft/android-ndk-r10d/toolchains/arm-linux-androideabi-4.6/prebuilt/darwin-x86_64/arm-linux-androideabi/bin/ld
configure:4719: checking if the linker (/Users/xiaokai.zhan/soft/android-ndk-r10d/toolchains/arm-linux-androideabi-4.6/prebuilt/darwin-x86_64/arm-linux-androideabi/bin/ld) is GNU ld
configure:4734: result: yes
configure:4746: checking for BSD- or MS-compatible name lister (nm)
configure:4795: result: /Users/xiaokai.zhan/soft/android-ndk-r10d/toolchains/arm-linux-androideabi-4.6/prebuilt/darwin-x86_64/bin/arm-linux-androideabi-nm -B
configure:4925: checking the name lister (/Users/xiaokai.zhan/soft/android-ndk-r10d/toolchains/arm-linux-androideabi-4.6/prebuilt/darwin-x86_64/bin/arm-linux-androideabi-nm -B) interface
configure:4932: arm-linux-androideabi-gcc -std=gnu99 -c -L/Users/xiaokai.zhan/soft/android-ndk-r10d/platforms/android-9/arch-arm/usr/lib -I/Users/xiaokai.zhan/soft/android-ndk-r10d/platforms/android-9/arch-arm/usr/include  conftest.c >&5
configure:4935: /Users/xiaokai.zhan/soft/android-ndk-r10d/toolchains/arm-linux-androideabi-4.6/prebuilt/darwin-x86_64/bin/arm-linux-androideabi-nm -B "conftest.o"
configure:4938: output
00000000 B some_variable
configure:4945: result: BSD nm
configure:4948: checking whether ln -s works
configure:4952: result: yes
configure:4960: checking the maximum length of command line arguments
configure:5090: result: 196608
configure:5107: checking whether the shell understands some XSI constructs
configure:5117: result: yes
configure:5121: checking whether the shell understands "+="
configure:5127: result: yes
configure:5162: checking how to convert x86_64-apple-darwin16.7.0 file names to arm-unknown-linux-androideabi format
configure:5202: result: func_convert_file_noop
configure:5209: checking how to convert x86_64-apple-darwin16.7.0 file names to toolchain format
configure:5229: result: func_convert_file_noop
configure:5236: checking for /Users/xiaokai.zhan/soft/android-ndk-r10d/toolchains/arm-linux-androideabi-4.6/prebuilt/darwin-x86_64/arm-linux-androideabi/bin/ld option to reload object files
configure:5243: result: -r
configure:5277: checking for arm-linux-androideabi-objdump
configure:5293: found /Users/xiaokai.zhan/soft/android-ndk-r10d/toolchains/arm-linux-androideabi-4.6/prebuilt/darwin-x86_64/bin/arm-linux-androideabi-objdump
configure:5304: result: arm-linux-androideabi-objdump
configure:5376: checking how to recognize dependent libraries
configure:5574: result: pass_all
configure:5619: checking for arm-linux-androideabi-dlltool
configure:5649: result: no
configure:5659: checking for dlltool
configure:5689: result: no
configure:5719: checking how to associate runtime and link libraries
configure:5746: result: printf %s\n
configure:5763: checking for arm-linux-androideabi-ar
configure:5779: found /Users/xiaokai.zhan/soft/android-ndk-r10d/toolchains/arm-linux-androideabi-4.6/prebuilt/darwin-x86_64/bin/arm-linux-androideabi-ar
configure:5790: result: arm-linux-androideabi-ar
configure:5871: checking for archiver @FILE support
configure:5888: arm-linux-androideabi-gcc -std=gnu99 -c -L/Users/xiaokai.zhan/soft/android-ndk-r10d/platforms/android-9/arch-arm/usr/lib -I/Users/xiaokai.zhan/soft/android-ndk-r10d/platforms/android-9/arch-arm/usr/include  conftest.c >&5
configure:5888: $? = 0
configure:5891: arm-linux-androideabi-ar cru libconftest.a @conftest.lst >&5
configure:5894: $? = 0
configure:5899: arm-linux-androideabi-ar cru libconftest.a @conftest.lst >&5
arm-linux-androideabi-ar: conftest.o: No such file or directory
configure:5902: $? = 1
configure:5914: result: @
configure:5932: checking for arm-linux-androideabi-strip
configure:5959: result: arm-linux-androideabi-strip
configure:6031: checking for arm-linux-androideabi-ranlib
configure:6047: found /Users/xiaokai.zhan/soft/android-ndk-r10d/toolchains/arm-linux-androideabi-4.6/prebuilt/darwin-x86_64/bin/arm-linux-androideabi-ranlib
configure:6058: result: arm-linux-androideabi-ranlib
configure:6200: checking command to parse /Users/xiaokai.zhan/soft/android-ndk-r10d/toolchains/arm-linux-androideabi-4.6/prebuilt/darwin-x86_64/bin/arm-linux-androideabi-nm -B output from arm-linux-androideabi-gcc -std=gnu99 object
configure:6320: arm-linux-androideabi-gcc -std=gnu99 -c -L/Users/xiaokai.zhan/soft/android-ndk-r10d/platforms/android-9/arch-arm/usr/lib -I/Users/xiaokai.zhan/soft/android-ndk-r10d/platforms/android-9/arch-arm/usr/include  conftest.c >&5
configure:6323: $? = 0
configure:6327: /Users/xiaokai.zhan/soft/android-ndk-r10d/toolchains/arm-linux-androideabi-4.6/prebuilt/darwin-x86_64/bin/arm-linux-androideabi-nm -B conftest.o \| sed -n -e 's/^.*[ ]\([BCDEGRST][BCDEGRST]*\)[ ][ ]*\([_A-Za-z][_A-Za-z0-9]*\)$/\1 \2 \2/p' | sed '/ __gnu_lto/d' \> conftest.nm
configure:6330: $? = 0
configure:6396: arm-linux-androideabi-gcc -std=gnu99 -o conftest -L/Users/xiaokai.zhan/soft/android-ndk-r10d/platforms/android-9/arch-arm/usr/lib -I/Users/xiaokai.zhan/soft/android-ndk-r10d/platforms/android-9/arch-arm/usr/include  -L/Users/xiaokai.zhan/soft/android-ndk-r10d/platforms/android-9/arch-arm/usr/lib conftest.c conftstm.o >&5
/Users/xiaokai.zhan/soft/android-ndk-r10d/toolchains/arm-linux-androideabi-4.6/prebuilt/darwin-x86_64/bin/../lib/gcc/arm-linux-androideabi/4.6/../../../../arm-linux-androideabi/bin/ld: error: cannot open crtbegin_dynamic.o: No such file or directory
/Users/xiaokai.zhan/soft/android-ndk-r10d/toolchains/arm-linux-androideabi-4.6/prebuilt/darwin-x86_64/bin/../lib/gcc/arm-linux-androideabi/4.6/../../../../arm-linux-androideabi/bin/ld: error: cannot open crtend_android.o: No such file or directory
collect2: ld returned 1 exit status
configure:6399: $? = 1
configure:6320: arm-linux-androideabi-gcc -std=gnu99 -c -L/Users/xiaokai.zhan/soft/android-ndk-r10d/platforms/android-9/arch-arm/usr/lib -I/Users/xiaokai.zhan/soft/android-ndk-r10d/platforms/android-9/arch-arm/usr/include  conftest.c >&5
configure:6323: $? = 0
configure:6327: /Users/xiaokai.zhan/soft/android-ndk-r10d/toolchains/arm-linux-androideabi-4.6/prebuilt/darwin-x86_64/bin/arm-linux-androideabi-nm -B conftest.o \| sed -n -e 's/^.*[ ]\([BCDEGRST][BCDEGRST]*\)[ ][ ]*_\([_A-Za-z][_A-Za-z0-9]*\)$/\1 _\2 \2/p' | sed '/ __gnu_lto/d' \> conftest.nm
configure:6330: $? = 0
cannot run sed -n -e 's/^.*[	 ]\([BCDEGRST][BCDEGRST]*\)[	 ][	 ]*_\([_A-Za-z][_A-Za-z0-9]*\)$/\1 _\2 \2/p' | sed '/ __gnu_lto/d'
configure:6434: result: failed
configure:6474: checking for sysroot
configure:6504: result: /Users/xiaokai.zhan/soft/android-ndk-r10d/platforms/android-9/arch-arm/
configure:6720: checking for arm-linux-androideabi-mt
configure:6750: result: no
configure:6760: checking for mt
configure:6790: result: no
configure:6810: checking if : is a manifest tool
configure:6816: : '-?'
configure:6824: result: no
configure:7467: checking how to run the C preprocessor
configure:7498: arm-linux-androideabi-gcc -std=gnu99 -E  conftest.c
In file included from /Users/xiaokai.zhan/soft/android-ndk-r10d/toolchains/arm-linux-androideabi-4.6/prebuilt/darwin-x86_64/bin/../lib/gcc/arm-linux-androideabi/4.6/include-fixed/syslimits.h:7:0,
                 from /Users/xiaokai.zhan/soft/android-ndk-r10d/toolchains/arm-linux-androideabi-4.6/prebuilt/darwin-x86_64/bin/../lib/gcc/arm-linux-androideabi/4.6/include-fixed/limits.h:34,
                 from conftest.c:12:
/Users/xiaokai.zhan/soft/android-ndk-r10d/toolchains/arm-linux-androideabi-4.6/prebuilt/darwin-x86_64/bin/../lib/gcc/arm-linux-androideabi/4.6/include-fixed/limits.h:169:61: error: no include path in which to search for limits.h
configure:7498: $? = 1
configure: failed program was:
| /* confdefs.h */
| #define PACKAGE_NAME "vo-aacenc"
| #define PACKAGE_TARNAME "vo-aacenc"
| #define PACKAGE_VERSION "0.1.3"
| #define PACKAGE_STRING "vo-aacenc 0.1.3"
| #define PACKAGE_BUGREPORT "http://sourceforge.net/projects/opencore-amr/"
| #define PACKAGE_URL ""
| #define PACKAGE "vo-aacenc"
| #define VERSION "0.1.3"
| /* end confdefs.h.  */
| #ifdef __STDC__
| # include <limits.h>
| #else
| # include <assert.h>
| #endif
| 		     Syntax error
configure:7498: arm-linux-androideabi-gcc -std=gnu99 -E  conftest.c
In file included from /Users/xiaokai.zhan/soft/android-ndk-r10d/toolchains/arm-linux-androideabi-4.6/prebuilt/darwin-x86_64/bin/../lib/gcc/arm-linux-androideabi/4.6/include-fixed/syslimits.h:7:0,
                 from /Users/xiaokai.zhan/soft/android-ndk-r10d/toolchains/arm-linux-androideabi-4.6/prebuilt/darwin-x86_64/bin/../lib/gcc/arm-linux-androideabi/4.6/include-fixed/limits.h:34,
                 from conftest.c:12:
/Users/xiaokai.zhan/soft/android-ndk-r10d/toolchains/arm-linux-androideabi-4.6/prebuilt/darwin-x86_64/bin/../lib/gcc/arm-linux-androideabi/4.6/include-fixed/limits.h:169:61: error: no include path in which to search for limits.h
configure:7498: $? = 1
configure: failed program was:
| /* confdefs.h */
| #define PACKAGE_NAME "vo-aacenc"
| #define PACKAGE_TARNAME "vo-aacenc"
| #define PACKAGE_VERSION "0.1.3"
| #define PACKAGE_STRING "vo-aacenc 0.1.3"
| #define PACKAGE_BUGREPORT "http://sourceforge.net/projects/opencore-amr/"
| #define PACKAGE_URL ""
| #define PACKAGE "vo-aacenc"
| #define VERSION "0.1.3"
| /* end confdefs.h.  */
| #ifdef __STDC__
| # include <limits.h>
| #else
| # include <assert.h>
| #endif
| 		     Syntax error
configure:7498: arm-linux-androideabi-gcc -std=gnu99 -E -traditional-cpp  conftest.c
conftest.c:14:0: fatal error: assert.h: No such file or directory
compilation terminated.
configure:7498: $? = 1
configure: failed program was:
| /* confdefs.h */
| #define PACKAGE_NAME "vo-aacenc"
| #define PACKAGE_TARNAME "vo-aacenc"
| #define PACKAGE_VERSION "0.1.3"
| #define PACKAGE_STRING "vo-aacenc 0.1.3"
| #define PACKAGE_BUGREPORT "http://sourceforge.net/projects/opencore-amr/"
| #define PACKAGE_URL ""
| #define PACKAGE "vo-aacenc"
| #define VERSION "0.1.3"
| /* end confdefs.h.  */
| #ifdef __STDC__
| # include <limits.h>
| #else
| # include <assert.h>
| #endif
| 		     Syntax error
configure:7498: arm-linux-androideabi-gcc -std=gnu99 -E -traditional-cpp  conftest.c
conftest.c:14:0: fatal error: assert.h: No such file or directory
compilation terminated.
configure:7498: $? = 1
configure: failed program was:
| /* confdefs.h */
| #define PACKAGE_NAME "vo-aacenc"
| #define PACKAGE_TARNAME "vo-aacenc"
| #define PACKAGE_VERSION "0.1.3"
| #define PACKAGE_STRING "vo-aacenc 0.1.3"
| #define PACKAGE_BUGREPORT "http://sourceforge.net/projects/opencore-amr/"
| #define PACKAGE_URL ""
| #define PACKAGE "vo-aacenc"
| #define VERSION "0.1.3"
| /* end confdefs.h.  */
| #ifdef __STDC__
| # include <limits.h>
| #else
| # include <assert.h>
| #endif
| 		     Syntax error
configure:7498: /lib/cpp  conftest.c
./configure: line 1656: /lib/cpp: No such file or directory
configure:7498: $? = 127
configure: failed program was:
| /* confdefs.h */
| #define PACKAGE_NAME "vo-aacenc"
| #define PACKAGE_TARNAME "vo-aacenc"
| #define PACKAGE_VERSION "0.1.3"
| #define PACKAGE_STRING "vo-aacenc 0.1.3"
| #define PACKAGE_BUGREPORT "http://sourceforge.net/projects/opencore-amr/"
| #define PACKAGE_URL ""
| #define PACKAGE "vo-aacenc"
| #define VERSION "0.1.3"
| /* end confdefs.h.  */
| #ifdef __STDC__
| # include <limits.h>
| #else
| # include <assert.h>
| #endif
| 		     Syntax error
configure:7498: /lib/cpp  conftest.c
./configure: line 1656: /lib/cpp: No such file or directory
configure:7498: $? = 127
configure: failed program was:
| /* confdefs.h */
| #define PACKAGE_NAME "vo-aacenc"
| #define PACKAGE_TARNAME "vo-aacenc"
| #define PACKAGE_VERSION "0.1.3"
| #define PACKAGE_STRING "vo-aacenc 0.1.3"
| #define PACKAGE_BUGREPORT "http://sourceforge.net/projects/opencore-amr/"
| #define PACKAGE_URL ""
| #define PACKAGE "vo-aacenc"
| #define VERSION "0.1.3"
| /* end confdefs.h.  */
| #ifdef __STDC__
| # include <limits.h>
| #else
| # include <assert.h>
| #endif
| 		     Syntax error
configure:7537: result: /lib/cpp
configure:7557: /lib/cpp  conftest.c
./configure: line 1656: /lib/cpp: No such file or directory
configure:7557: $? = 127
configure: failed program was:
| /* confdefs.h */
| #define PACKAGE_NAME "vo-aacenc"
| #define PACKAGE_TARNAME "vo-aacenc"
| #define PACKAGE_VERSION "0.1.3"
| #define PACKAGE_STRING "vo-aacenc 0.1.3"
| #define PACKAGE_BUGREPORT "http://sourceforge.net/projects/opencore-amr/"
| #define PACKAGE_URL ""
| #define PACKAGE "vo-aacenc"
| #define VERSION "0.1.3"
| /* end confdefs.h.  */
| #ifdef __STDC__
| # include <limits.h>
| #else
| # include <assert.h>
| #endif
| 		     Syntax error
configure:7557: /lib/cpp  conftest.c
./configure: line 1656: /lib/cpp: No such file or directory
configure:7557: $? = 127
configure: failed program was:
| /* confdefs.h */
| #define PACKAGE_NAME "vo-aacenc"
| #define PACKAGE_TARNAME "vo-aacenc"
| #define PACKAGE_VERSION "0.1.3"
| #define PACKAGE_STRING "vo-aacenc 0.1.3"
| #define PACKAGE_BUGREPORT "http://sourceforge.net/projects/opencore-amr/"
| #define PACKAGE_URL ""
| #define PACKAGE "vo-aacenc"
| #define VERSION "0.1.3"
| /* end confdefs.h.  */
| #ifdef __STDC__
| # include <limits.h>
| #else
| # include <assert.h>
| #endif
| 		     Syntax error
configure:7600: checking for ANSI C header files
configure:7620: arm-linux-androideabi-gcc -std=gnu99 -c -L/Users/xiaokai.zhan/soft/android-ndk-r10d/platforms/android-9/arch-arm/usr/lib -I/Users/xiaokai.zhan/soft/android-ndk-r10d/platforms/android-9/arch-arm/usr/include  conftest.c >&5
configure:7620: $? = 0
./configure: line 7634: /lib/cpp: No such file or directory
configure:7704: result: no
configure:7717: checking for sys/types.h
configure:7717: arm-linux-androideabi-gcc -std=gnu99 -c -L/Users/xiaokai.zhan/soft/android-ndk-r10d/platforms/android-9/arch-arm/usr/lib -I/Users/xiaokai.zhan/soft/android-ndk-r10d/platforms/android-9/arch-arm/usr/include  conftest.c >&5
configure:7717: $? = 0
configure:7717: result: yes
configure:7717: checking for sys/stat.h
configure:7717: arm-linux-androideabi-gcc -std=gnu99 -c -L/Users/xiaokai.zhan/soft/android-ndk-r10d/platforms/android-9/arch-arm/usr/lib -I/Users/xiaokai.zhan/soft/android-ndk-r10d/platforms/android-9/arch-arm/usr/include  conftest.c >&5
configure:7717: $? = 0
configure:7717: result: yes
configure:7717: checking for stdlib.h
configure:7717: arm-linux-androideabi-gcc -std=gnu99 -c -L/Users/xiaokai.zhan/soft/android-ndk-r10d/platforms/android-9/arch-arm/usr/lib -I/Users/xiaokai.zhan/soft/android-ndk-r10d/platforms/android-9/arch-arm/usr/include  conftest.c >&5
configure:7717: $? = 0
configure:7717: result: yes
configure:7717: checking for string.h
configure:7717: arm-linux-androideabi-gcc -std=gnu99 -c -L/Users/xiaokai.zhan/soft/android-ndk-r10d/platforms/android-9/arch-arm/usr/lib -I/Users/xiaokai.zhan/soft/android-ndk-r10d/platforms/android-9/arch-arm/usr/include  conftest.c >&5
configure:7717: $? = 0
configure:7717: result: yes
configure:7717: checking for memory.h
configure:7717: arm-linux-androideabi-gcc -std=gnu99 -c -L/Users/xiaokai.zhan/soft/android-ndk-r10d/platforms/android-9/arch-arm/usr/lib -I/Users/xiaokai.zhan/soft/android-ndk-r10d/platforms/android-9/arch-arm/usr/include  conftest.c >&5
configure:7717: $? = 0
configure:7717: result: yes
configure:7717: checking for strings.h
configure:7717: arm-linux-androideabi-gcc -std=gnu99 -c -L/Users/xiaokai.zhan/soft/android-ndk-r10d/platforms/android-9/arch-arm/usr/lib -I/Users/xiaokai.zhan/soft/android-ndk-r10d/platforms/android-9/arch-arm/usr/include  conftest.c >&5
configure:7717: $? = 0
configure:7717: result: yes
configure:7717: checking for inttypes.h
configure:7717: arm-linux-androideabi-gcc -std=gnu99 -c -L/Users/xiaokai.zhan/soft/android-ndk-r10d/platforms/android-9/arch-arm/usr/lib -I/Users/xiaokai.zhan/soft/android-ndk-r10d/platforms/android-9/arch-arm/usr/include  conftest.c >&5
configure:7717: $? = 0
configure:7717: result: yes
configure:7717: checking for stdint.h
configure:7717: arm-linux-androideabi-gcc -std=gnu99 -c -L/Users/xiaokai.zhan/soft/android-ndk-r10d/platforms/android-9/arch-arm/usr/lib -I/Users/xiaokai.zhan/soft/android-ndk-r10d/platforms/android-9/arch-arm/usr/include  conftest.c >&5
configure:7717: $? = 0
configure:7717: result: yes
configure:7717: checking for unistd.h
configure:7717: arm-linux-androideabi-gcc -std=gnu99 -c -L/Users/xiaokai.zhan/soft/android-ndk-r10d/platforms/android-9/arch-arm/usr/lib -I/Users/xiaokai.zhan/soft/android-ndk-r10d/platforms/android-9/arch-arm/usr/include  conftest.c >&5
configure:7717: $? = 0
configure:7717: result: yes
configure:7731: checking for dlfcn.h
configure:7731: arm-linux-androideabi-gcc -std=gnu99 -c -L/Users/xiaokai.zhan/soft/android-ndk-r10d/platforms/android-9/arch-arm/usr/lib -I/Users/xiaokai.zhan/soft/android-ndk-r10d/platforms/android-9/arch-arm/usr/include  conftest.c >&5
configure:7731: $? = 0
configure:7731: result: yes
configure:7937: checking for objdir
configure:7952: result: .libs
configure:8223: checking if arm-linux-androideabi-gcc -std=gnu99 supports -fno-rtti -fno-exceptions
configure:8241: arm-linux-androideabi-gcc -std=gnu99 -c -L/Users/xiaokai.zhan/soft/android-ndk-r10d/platforms/android-9/arch-arm/usr/lib -I/Users/xiaokai.zhan/soft/android-ndk-r10d/platforms/android-9/arch-arm/usr/include  -fno-rtti -fno-exceptions conftest.c >&5
cc1: warning: command line option '-fno-rtti' is valid for C++/ObjC++ but not for C [enabled by default]
configure:8245: $? = 0
configure:8258: result: no
configure:8585: checking for arm-linux-androideabi-gcc -std=gnu99 option to produce PIC
configure:8592: result: -fPIC -DPIC
configure:8600: checking if arm-linux-androideabi-gcc -std=gnu99 PIC flag -fPIC -DPIC works
configure:8618: arm-linux-androideabi-gcc -std=gnu99 -c -L/Users/xiaokai.zhan/soft/android-ndk-r10d/platforms/android-9/arch-arm/usr/lib -I/Users/xiaokai.zhan/soft/android-ndk-r10d/platforms/android-9/arch-arm/usr/include  -fPIC -DPIC -DPIC conftest.c >&5
configure:8622: $? = 0
configure:8635: result: yes
configure:8664: checking if arm-linux-androideabi-gcc -std=gnu99 static flag -static works
configure:8692: result: no
configure:8707: checking if arm-linux-androideabi-gcc -std=gnu99 supports -c -o file.o
configure:8728: arm-linux-androideabi-gcc -std=gnu99 -c -L/Users/xiaokai.zhan/soft/android-ndk-r10d/platforms/android-9/arch-arm/usr/lib -I/Users/xiaokai.zhan/soft/android-ndk-r10d/platforms/android-9/arch-arm/usr/include  -o out/conftest2.o conftest.c >&5
configure:8732: $? = 0
configure:8754: result: yes
configure:8762: checking if arm-linux-androideabi-gcc -std=gnu99 supports -c -o file.o
configure:8809: result: yes
configure:8842: checking whether the arm-linux-androideabi-gcc -std=gnu99 linker (/Users/xiaokai.zhan/soft/android-ndk-r10d/toolchains/arm-linux-androideabi-4.6/prebuilt/darwin-x86_64/arm-linux-androideabi/bin/ld) supports shared libraries
configure:9999: result: yes
configure:10239: checking dynamic linker characteristics
configure:10739: arm-linux-androideabi-gcc -std=gnu99 -o conftest -L/Users/xiaokai.zhan/soft/android-ndk-r10d/platforms/android-9/arch-arm/usr/lib -I/Users/xiaokai.zhan/soft/android-ndk-r10d/platforms/android-9/arch-arm/usr/include  -L/Users/xiaokai.zhan/soft/android-ndk-r10d/platforms/android-9/arch-arm/usr/lib -Wl,-rpath -Wl,/foo conftest.c  >&5
/Users/xiaokai.zhan/soft/android-ndk-r10d/toolchains/arm-linux-androideabi-4.6/prebuilt/darwin-x86_64/bin/../lib/gcc/arm-linux-androideabi/4.6/../../../../arm-linux-androideabi/bin/ld: error: cannot open crtbegin_dynamic.o: No such file or directory
/Users/xiaokai.zhan/soft/android-ndk-r10d/toolchains/arm-linux-androideabi-4.6/prebuilt/darwin-x86_64/bin/../lib/gcc/arm-linux-androideabi/4.6/../../../../arm-linux-androideabi/bin/ld: error: cannot open crtend_android.o: No such file or directory
collect2: ld returned 1 exit status
configure:10739: $? = 1
configure: failed program was:
| /* confdefs.h */
| #define PACKAGE_NAME "vo-aacenc"
| #define PACKAGE_TARNAME "vo-aacenc"
| #define PACKAGE_VERSION "0.1.3"
| #define PACKAGE_STRING "vo-aacenc 0.1.3"
| #define PACKAGE_BUGREPORT "http://sourceforge.net/projects/opencore-amr/"
| #define PACKAGE_URL ""
| #define PACKAGE "vo-aacenc"
| #define VERSION "0.1.3"
| #define HAVE_SYS_TYPES_H 1
| #define HAVE_SYS_STAT_H 1
| #define HAVE_STDLIB_H 1
| #define HAVE_STRING_H 1
| #define HAVE_MEMORY_H 1
| #define HAVE_STRINGS_H 1
| #define HAVE_INTTYPES_H 1
| #define HAVE_STDINT_H 1
| #define HAVE_UNISTD_H 1
| #define HAVE_DLFCN_H 1
| #define LT_OBJDIR ".libs/"
| /* end confdefs.h.  */
| 
| int
| main ()
| {
| 
|   ;
|   return 0;
| }
configure:10973: result: GNU/Linux ld.so
configure:11080: checking how to hardcode library paths into programs
configure:11105: result: immediate
configure:11645: checking whether stripping libraries is possible
configure:11667: result: no
configure:11685: checking if libtool supports shared libraries
configure:11687: result: yes
configure:11690: checking whether to build shared libraries
configure:11711: result: no
configure:11714: checking whether to build static libraries
configure:11718: result: yes
configure:11947: creating ./config.status

## ---------------------- ##
## Running config.status. ##
## ---------------------- ##

This file was extended by vo-aacenc config.status 0.1.3, which was
generated by GNU Autoconf 2.69.  Invocation command line was

  CONFIG_FILES    = 
  CONFIG_HEADERS  = 
  CONFIG_LINKS    = 
  CONFIG_COMMANDS = 
  $ ./config.status 

on XiaokaiZhandeMacBook-Pro.local

config.status:1021: creating Makefile
config.status:1021: creating vo-aacenc.pc
config.status:1193: executing depfiles commands
config.status:1193: executing libtool commands

## ---------------- ##
## Cache variables. ##
## ---------------- ##

ac_cv_build=x86_64-apple-darwin16.7.0
ac_cv_c_compiler_gnu=yes
ac_cv_env_CCASFLAGS_set=
ac_cv_env_CCASFLAGS_value=
ac_cv_env_CCAS_set=
ac_cv_env_CCAS_value=
ac_cv_env_CC_set=
ac_cv_env_CC_value=
ac_cv_env_CFLAGS_set=set
ac_cv_env_CFLAGS_value='-L/Users/xiaokai.zhan/soft/android-ndk-r10d/platforms/android-9/arch-arm/usr/lib -I/Users/xiaokai.zhan/soft/android-ndk-r10d/platforms/android-9/arch-arm/usr/include'
ac_cv_env_CPPFLAGS_set=
ac_cv_env_CPPFLAGS_value=
ac_cv_env_CPP_set=
ac_cv_env_CPP_value=
ac_cv_env_LDFLAGS_set=set
ac_cv_env_LDFLAGS_value=-L/Users/xiaokai.zhan/soft/android-ndk-r10d/platforms/android-9/arch-arm/usr/lib
ac_cv_env_LIBS_set=
ac_cv_env_LIBS_value=
ac_cv_env_build_alias_set=
ac_cv_env_build_alias_value=
ac_cv_env_host_alias_set=set
ac_cv_env_host_alias_value=arm-linux-androideabi
ac_cv_env_target_alias_set=
ac_cv_env_target_alias_value=
ac_cv_header_dlfcn_h=yes
ac_cv_header_inttypes_h=yes
ac_cv_header_memory_h=yes
ac_cv_header_stdc=no
ac_cv_header_stdint_h=yes
ac_cv_header_stdlib_h=yes
ac_cv_header_string_h=yes
ac_cv_header_strings_h=yes
ac_cv_header_sys_stat_h=yes
ac_cv_header_sys_types_h=yes
ac_cv_header_unistd_h=yes
ac_cv_host=arm-unknown-linux-androideabi
ac_cv_objext=o
ac_cv_path_EGREP='/usr/bin/grep -E'
ac_cv_path_FGREP='/usr/bin/grep -F'
ac_cv_path_GREP=/usr/bin/grep
ac_cv_path_SED=/usr/bin/sed
ac_cv_path_install='/usr/local/bin/ginstall -c'
ac_cv_path_mkdir=/usr/local/bin/gmkdir
ac_cv_prog_AR=arm-linux-androideabi-ar
ac_cv_prog_AWK=awk
ac_cv_prog_CC=arm-linux-androideabi-gcc
ac_cv_prog_CPP=/lib/cpp
ac_cv_prog_OBJDUMP=arm-linux-androideabi-objdump
ac_cv_prog_RANLIB=arm-linux-androideabi-ranlib
ac_cv_prog_STRIP=arm-linux-androideabi-strip
ac_cv_prog_cc_c89=
ac_cv_prog_cc_c99=-std=gnu99
ac_cv_prog_cc_g=yes
ac_cv_prog_make_make_set=yes
am_cv_CCAS_dependencies_compiler_type=gcc3
am_cv_CC_dependencies_compiler_type=gcc3
am_cv_make_support_nested_variables=yes
am_cv_prog_tar_ustar=gnutar
lt_cv_ar_at_file=@
lt_cv_deplibs_check_method=pass_all
lt_cv_file_magic_cmd='$MAGIC_CMD'
lt_cv_file_magic_test_file=
lt_cv_ld_reload_flag=-r
lt_cv_nm_interface='BSD nm'
lt_cv_objdir=.libs
lt_cv_path_LD=/Users/xiaokai.zhan/soft/android-ndk-r10d/toolchains/arm-linux-androideabi-4.6/prebuilt/darwin-x86_64/arm-linux-androideabi/bin/ld
lt_cv_path_NM='/Users/xiaokai.zhan/soft/android-ndk-r10d/toolchains/arm-linux-androideabi-4.6/prebuilt/darwin-x86_64/bin/arm-linux-androideabi-nm -B'
lt_cv_path_mainfest_tool=no
lt_cv_prog_compiler_c_o=yes
lt_cv_prog_compiler_pic='-fPIC -DPIC'
lt_cv_prog_compiler_pic_works=yes
lt_cv_prog_compiler_rtti_exceptions=no
lt_cv_prog_compiler_static_works=no
lt_cv_prog_gnu_ld=yes
lt_cv_sharedlib_from_linklib_cmd='printf %s\n'
lt_cv_shlibpath_overrides_runpath=no
lt_cv_sys_global_symbol_pipe=
lt_cv_sys_global_symbol_to_c_name_address='sed -n -e '\''s/^: \([^ ]*\)[ ]*$/  {\"\1\", (void *) 0},/p'\'' -e '\''s/^[BCDEGRST]* \([^ ]*\) \([^ ]*\)$/  {"\2", (void *) \&\2},/p'\'''
lt_cv_sys_global_symbol_to_c_name_address_lib_prefix='sed -n -e '\''s/^: \([^ ]*\)[ ]*$/  {\"\1\", (void *) 0},/p'\'' -e '\''s/^[BCDEGRST]* \([^ ]*\) \(lib[^ ]*\)$/  {"\2", (void *) \&\2},/p'\'' -e '\''s/^[BCDEGRST]* \([^ ]*\) \([^ ]*\)$/  {"lib\2", (void *) \&\2},/p'\'''
lt_cv_sys_global_symbol_to_cdecl=
lt_cv_sys_max_cmd_len=196608
lt_cv_to_host_file_cmd=func_convert_file_noop
lt_cv_to_tool_file_cmd=func_convert_file_noop

## ----------------- ##
## Output variables. ##
## ----------------- ##

ACLOCAL='${SHELL} /Users/xiaokai.zhan/book/workspace/cross_compile_project/ffmpeg_2.8.5_android/external_libs/vo_aac/missing --run aclocal-1.11'
AMDEPBACKSLASH='\'
AMDEP_FALSE='#'
AMDEP_TRUE=''
AMTAR='$${TAR-tar}'
AM_BACKSLASH='\'
AM_DEFAULT_V='$(AM_DEFAULT_VERBOSITY)'
AM_DEFAULT_VERBOSITY='0'
AM_V='$(V)'
AR='arm-linux-androideabi-ar'
ARMV5E_FALSE='#'
ARMV5E_TRUE=''
ARMV7NEON_FALSE=''
ARMV7NEON_TRUE='#'
AUTOCONF='${SHELL} /Users/xiaokai.zhan/book/workspace/cross_compile_project/ffmpeg_2.8.5_android/external_libs/vo_aac/missing --run autoconf'
AUTOHEADER='${SHELL} /Users/xiaokai.zhan/book/workspace/cross_compile_project/ffmpeg_2.8.5_android/external_libs/vo_aac/missing --run autoheader'
AUTOMAKE='${SHELL} /Users/xiaokai.zhan/book/workspace/cross_compile_project/ffmpeg_2.8.5_android/external_libs/vo_aac/missing --run automake-1.11'
AWK='awk'
CC='arm-linux-androideabi-gcc -std=gnu99'
CCAS='arm-linux-androideabi-gcc'
CCASDEPMODE='depmode=gcc3'
CCASFLAGS='-L/Users/xiaokai.zhan/soft/android-ndk-r10d/platforms/android-9/arch-arm/usr/lib -I/Users/xiaokai.zhan/soft/android-ndk-r10d/platforms/android-9/arch-arm/usr/include'
CCDEPMODE='depmode=gcc3'
CFLAGS='-L/Users/xiaokai.zhan/soft/android-ndk-r10d/platforms/android-9/arch-arm/usr/lib -I/Users/xiaokai.zhan/soft/android-ndk-r10d/platforms/android-9/arch-arm/usr/include'
CPP='/lib/cpp'
CPPFLAGS=''
CYGPATH_W='echo'
DEFS='-DPACKAGE_NAME=\"vo-aacenc\" -DPACKAGE_TARNAME=\"vo-aacenc\" -DPACKAGE_VERSION=\"0.1.3\" -DPACKAGE_STRING=\"vo-aacenc\ 0.1.3\" -DPACKAGE_BUGREPORT=\"http://sourceforge.net/projects/opencore-amr/\" -DPACKAGE_URL=\"\" -DPACKAGE=\"vo-aacenc\" -DVERSION=\"0.1.3\" -DHAVE_SYS_TYPES_H=1 -DHAVE_SYS_STAT_H=1 -DHAVE_STDLIB_H=1 -DHAVE_STRING_H=1 -DHAVE_MEMORY_H=1 -DHAVE_STRINGS_H=1 -DHAVE_INTTYPES_H=1 -DHAVE_STDINT_H=1 -DHAVE_UNISTD_H=1 -DHAVE_DLFCN_H=1 -DLT_OBJDIR=\".libs/\"'
DEPDIR='.deps'
DLLTOOL='false'
DSYMUTIL=''
DUMPBIN=''
ECHO_C='\c'
ECHO_N=''
ECHO_T=''
EGREP='/usr/bin/grep -E'
EXAMPLE_FALSE=''
EXAMPLE_TRUE='#'
EXEEXT=''
FGREP='/usr/bin/grep -F'
GREP='/usr/bin/grep'
INSTALL_DATA='${INSTALL} -m 644'
INSTALL_PROGRAM='${INSTALL}'
INSTALL_SCRIPT='${INSTALL}'
INSTALL_STRIP_PROGRAM='$(install_sh) -c -s'
LD='/Users/xiaokai.zhan/soft/android-ndk-r10d/toolchains/arm-linux-androideabi-4.6/prebuilt/darwin-x86_64/arm-linux-androideabi/bin/ld'
LDFLAGS='-L/Users/xiaokai.zhan/soft/android-ndk-r10d/platforms/android-9/arch-arm/usr/lib'
LIBOBJS=''
LIBS=''
LIBTOOL='$(SHELL) $(top_builddir)/libtool'
LIPO=''
LN_S='ln -s'
LTLIBOBJS=''
MAINT='#'
MAINTAINER_MODE_FALSE=''
MAINTAINER_MODE_TRUE='#'
MAKEINFO='${SHELL} /Users/xiaokai.zhan/book/workspace/cross_compile_project/ffmpeg_2.8.5_android/external_libs/vo_aac/missing --run makeinfo'
MANIFEST_TOOL=':'
MKDIR_P='/usr/local/bin/gmkdir -p'
NM='/Users/xiaokai.zhan/soft/android-ndk-r10d/toolchains/arm-linux-androideabi-4.6/prebuilt/darwin-x86_64/bin/arm-linux-androideabi-nm -B'
NMEDIT=''
OBJDUMP='arm-linux-androideabi-objdump'
OBJEXT='o'
OTOOL64=''
OTOOL=''
PACKAGE='vo-aacenc'
PACKAGE_BUGREPORT='http://sourceforge.net/projects/opencore-amr/'
PACKAGE_NAME='vo-aacenc'
PACKAGE_STRING='vo-aacenc 0.1.3'
PACKAGE_TARNAME='vo-aacenc'
PACKAGE_URL=''
PACKAGE_VERSION='0.1.3'
PATH_SEPARATOR=':'
RANLIB='arm-linux-androideabi-ranlib'
SED='/usr/bin/sed'
SET_MAKE=''
SHELL='/bin/sh'
STRIP='arm-linux-androideabi-strip'
VERSION='0.1.3'
VO_AACENC_VERSION='0:4:0'
ac_ct_AR=''
ac_ct_CC=''
ac_ct_DUMPBIN=''
am__EXEEXT_FALSE=''
am__EXEEXT_TRUE='#'
am__fastdepCCAS_FALSE='#'
am__fastdepCCAS_TRUE=''
am__fastdepCC_FALSE='#'
am__fastdepCC_TRUE=''
am__include='include'
am__isrc=''
am__leading_dot='.'
am__nodep='_no'
am__quote=''
am__tar='tar --format=ustar -chf - "$$tardir"'
am__untar='tar -xf -'
bindir='${exec_prefix}/bin'
build='x86_64-apple-darwin16.7.0'
build_alias=''
build_cpu='x86_64'
build_os='darwin16.7.0'
build_vendor='apple'
datadir='${datarootdir}'
datarootdir='${prefix}/share'
docdir='${datarootdir}/doc/${PACKAGE_TARNAME}'
dvidir='${docdir}'
exec_prefix='${prefix}'
host='arm-unknown-linux-androideabi'
host_alias='arm-linux-androideabi'
host_cpu='arm'
host_os='linux-androideabi'
host_vendor='unknown'
htmldir='${docdir}'
includedir='/Users/xiaokai.zhan/soft/android-ndk-r10d/platforms/android-9/arch-arm/usr/include'
infodir='${datarootdir}/info'
install_sh='${SHELL} /Users/xiaokai.zhan/book/workspace/cross_compile_project/ffmpeg_2.8.5_android/external_libs/vo_aac/install-sh'
libdir='${exec_prefix}/lib'
libexecdir='${exec_prefix}/libexec'
localedir='${datarootdir}/locale'
localstatedir='${prefix}/var'
mandir='${datarootdir}/man'
mkdir_p='/usr/local/bin/gmkdir -p'
oldincludedir='/usr/include'
pdfdir='${docdir}'
prefix='/Users/xiaokai.zhan/book/workspace/cross_compile_project/ffmpeg_2.8.5_android/external_libs/vo_aac/build/armv5'
program_transform_name='s,x,x,'
psdir='${docdir}'
sbindir='${exec_prefix}/sbin'
sharedstatedir='${prefix}/com'
sysconfdir='${prefix}/etc'
target_alias=''

## ----------- ##
## confdefs.h. ##
## ----------- ##

/* confdefs.h */
#define PACKAGE_NAME "vo-aacenc"
#define PACKAGE_TARNAME "vo-aacenc"
#define PACKAGE_VERSION "0.1.3"
#define PACKAGE_STRING "vo-aacenc 0.1.3"
#define PACKAGE_BUGREPORT "http://sourceforge.net/projects/opencore-amr/"
#define PACKAGE_URL ""
#define PACKAGE "vo-aacenc"
#define VERSION "0.1.3"
#define HAVE_SYS_TYPES_H 1
#define HAVE_SYS_STAT_H 1
#define HAVE_STDLIB_H 1
#define HAVE_STRING_H 1
#define HAVE_MEMORY_H 1
#define HAVE_STRINGS_H 1
#define HAVE_INTTYPES_H 1
#define HAVE_STDINT_H 1
#define HAVE_UNISTD_H 1
#define HAVE_DLFCN_H 1
#define LT_OBJDIR ".libs/"

configure: exit 0
