This file contains any messages produced by compilers while
running configure, to aid debugging if configure makes a mistake.

It was created by lame configure 3.99.5, which was
generated by GNU Autoconf 2.68.  Invocation command line was

  $ /Users/sam/Downloads/lame-3.99.5/configure --disable-shared --disable-frontend --host=arm-apple-darwin --prefix=/Users/sam/Downloads/lame-3.99.5/thin-lame/armv7 CC=xcrun -sdk iphoneos clang -arch armv7 CFLAGS=-arch armv7  -fembed-bitcode LDFLAGS=-arch armv7  -fembed-bitcode

## --------- ##
## Platform. ##
## --------- ##

hostname = hangcom-mbp
uname -m = x86_64
uname -r = 15.2.0
uname -s = Darwin
uname -v = Darwin Kernel Version 15.2.0: Fri Nov 13 19:56:56 PST 2015; root:xnu-3248.20.55~2/RELEASE_X86_64

/usr/bin/uname -p = i386
/bin/uname -X     = unknown

/bin/arch              = unknown
/usr/bin/arch -k       = unknown
/usr/convex/getsysinfo = unknown
/usr/bin/hostinfo      = Mach kernel version:
	 Darwin Kernel Version 15.2.0: Fri Nov 13 19:56:56 PST 2015; root:xnu-3248.20.55~2/RELEASE_X86_64
Kernel configured for up to 4 processors.
2 processors are physically available.
4 processors are logically available.
Processor type: x86_64h (Intel x86-64h Haswell)
Processors active: 0 1 2 3
Primary memory available: 8.00 gigabytes
Default processor set: 256 tasks, 1115 threads, 4 processors
Load average: 2.00, Mach factor: 1.99
/bin/machine           = unknown
/usr/bin/oslevel       = unknown
/bin/universe          = unknown

PATH: /opt/iOSOpenDev/bin
PATH: /Library/Java/JavaVirtualMachines/jdk1.8.0_51.jdk/Contents/Home/bin
PATH: /opt/local/bin
PATH: /opt/local/sbin
PATH: /usr/local/go/bin
PATH: /Users/sam/Documents/Golang/bin
PATH: /sw/bin
PATH: /sw/sbin
PATH: /usr/local/bin
PATH: /usr/bin
PATH: /bin
PATH: /usr/sbin
PATH: /sbin
PATH: /opt/infer/infer/infer/bin
PATH: /opt/theos/bin
PATH: /opt/X11/bin
PATH: /usr/local/go/bin
PATH: /usr/X11R6/bin


## ----------- ##
## Core tests. ##
## ----------- ##

configure:2555: checking build system type
configure:2569: result: i686-apple-darwin15.2.0
configure:2589: checking host system type
configure:2602: result: arm-apple-darwin
configure:2639: checking for a BSD-compatible install
configure:2707: result: /opt/local/bin/ginstall -c
configure:2718: checking whether build environment is sane
configure:2768: result: yes
configure:2817: checking for arm-apple-darwin-strip
configure:2847: result: no
configure:2857: checking for strip
configure:2873: found /usr/bin/strip
configure:2884: result: strip
configure:2909: checking for a thread-safe mkdir -p
configure:2948: result: /opt/local/bin/gmkdir -p
configure:2961: checking for gawk
configure:2991: result: no
configure:2961: checking for mawk
configure:2991: result: no
configure:2961: checking for nawk
configure:2991: result: no
configure:2961: checking for awk
configure:2977: found /usr/bin/awk
configure:2988: result: awk
configure:2999: checking whether make sets $(MAKE)
configure:3021: result: yes
configure:3045: error: source directory already configured; run "make distclean" there first

## ---------------- ##
## Cache variables. ##
## ---------------- ##

ac_cv_build=i686-apple-darwin15.2.0
ac_cv_env_CC_set=set
ac_cv_env_CC_value='xcrun -sdk iphoneos clang -arch armv7'
ac_cv_env_CFLAGS_set=set
ac_cv_env_CFLAGS_value='-arch armv7  -fembed-bitcode'
ac_cv_env_CPPFLAGS_set=
ac_cv_env_CPPFLAGS_value=
ac_cv_env_CPP_set=
ac_cv_env_CPP_value=
ac_cv_env_LDFLAGS_set=set
ac_cv_env_LDFLAGS_value='-arch armv7  -fembed-bitcode'
ac_cv_env_LIBS_set=
ac_cv_env_LIBS_value=
ac_cv_env_PKG_CONFIG_LIBDIR_set=
ac_cv_env_PKG_CONFIG_LIBDIR_value=
ac_cv_env_PKG_CONFIG_PATH_set=
ac_cv_env_PKG_CONFIG_PATH_value=
ac_cv_env_PKG_CONFIG_set=
ac_cv_env_PKG_CONFIG_value=
ac_cv_env_SNDFILE_CFLAGS_set=
ac_cv_env_SNDFILE_CFLAGS_value=
ac_cv_env_SNDFILE_LIBS_set=
ac_cv_env_SNDFILE_LIBS_value=
ac_cv_env_build_alias_set=
ac_cv_env_build_alias_value=
ac_cv_env_host_alias_set=set
ac_cv_env_host_alias_value=arm-apple-darwin
ac_cv_env_target_alias_set=
ac_cv_env_target_alias_value=
ac_cv_host=arm-apple-darwin
ac_cv_path_install='/opt/local/bin/ginstall -c'
ac_cv_path_mkdir=/opt/local/bin/gmkdir
ac_cv_prog_AWK=awk
ac_cv_prog_ac_ct_STRIP=strip
ac_cv_prog_make_make_set=yes

## ----------------- ##
## Output variables. ##
## ----------------- ##

ACLOCAL=''
ALLOCA=''
AMDEPBACKSLASH=''
AMDEP_FALSE=''
AMDEP_TRUE=''
AMTAR=''
ANSI2KNR=''
AR=''
AUTOCONF=''
AUTOHEADER=''
AUTOMAKE=''
AWK='awk'
CC='xcrun -sdk iphoneos clang -arch armv7'
CCDEPMODE=''
CFLAGS='-arch armv7  -fembed-bitcode'
CONFIG_DEFS=''
CONFIG_MATH_LIB=''
CPP=''
CPPFLAGS=''
CPUCCODE=''
CPUTYPE=''
CYGPATH_W=''
DEFS=''
DEPDIR=''
DSYMUTIL=''
DUMPBIN=''
ECHO_C='\c'
ECHO_N=''
ECHO_T=''
EGREP=''
EXEEXT=''
FGREP=''
FRONTEND_CFLAGS=''
FRONTEND_LDADD=''
FRONTEND_LDFLAGS=''
GREP=''
GTK_CFLAGS=''
GTK_CONFIG=''
GTK_LIBS=''
HAVE_NASM_FALSE=''
HAVE_NASM_TRUE=''
INCLUDES=''
INSTALL_DATA='${INSTALL} -m 644'
INSTALL_PROGRAM='${INSTALL}'
INSTALL_SCRIPT='${INSTALL}'
INSTALL_STRIP_PROGRAM='$(install_sh) -c -s'
LD=''
LDADD=''
LDFLAGS='-arch armv7  -fembed-bitcode'
LIBICONV=''
LIBOBJS=''
LIBS=''
LIBTOOL=''
LIBTOOL_DEPS=''
LIB_MAJOR_VERSION=''
LIB_MINOR_VERSION=''
LIB_WITH_DECODER_FALSE=''
LIB_WITH_DECODER_TRUE=''
LIPO=''
LN_S=''
LTLIBICONV=''
LTLIBOBJS=''
MAINT=''
MAINTAINER_MODE_FALSE=''
MAINTAINER_MODE_TRUE=''
MAKEDEP=''
MAKEINFO=''
MKDIR_P='/opt/local/bin/gmkdir -p'
NASM=''
NASM_FORMAT=''
NM=''
NMEDIT=''
OBJDUMP=''
OBJEXT=''
OTOOL64=''
OTOOL=''
PACKAGE=''
PACKAGE_BUGREPORT='lame-dev@lists.sf.net'
PACKAGE_NAME='lame'
PACKAGE_STRING='lame 3.99.5'
PACKAGE_TARNAME='lame'
PACKAGE_URL=''
PACKAGE_VERSION='3.99.5'
PATH_SEPARATOR=':'
PKG_CONFIG=''
PKG_CONFIG_LIBDIR=''
PKG_CONFIG_PATH=''
RANLIB=''
RM_F=''
SED=''
SET_MAKE=''
SHELL='/bin/sh'
SNDFILE_CFLAGS=''
SNDFILE_LIBS=''
STRIP='strip'
U=''
VERSION=''
WITH_FRONTEND=''
WITH_MP3RTP=''
WITH_MP3X=''
WITH_VECTOR_FALSE=''
WITH_VECTOR_TRUE=''
WITH_XMM_FALSE=''
WITH_XMM_TRUE=''
ac_ct_CC=''
ac_ct_DUMPBIN=''
am__EXEEXT_FALSE=''
am__EXEEXT_TRUE=''
am__fastdepCC_FALSE=''
am__fastdepCC_TRUE=''
am__include=''
am__isrc=' -I$(srcdir)'
am__leading_dot='.'
am__quote=''
am__tar=''
am__untar=''
bindir='${exec_prefix}/bin'
build='i686-apple-darwin15.2.0'
build_alias=''
build_cpu='i686'
build_os='darwin15.2.0'
build_vendor='apple'
datadir='${datarootdir}'
datarootdir='${prefix}/share'
docdir='${datarootdir}/doc/${PACKAGE_TARNAME}'
dvidir='${docdir}'
exec_prefix='NONE'
host='arm-apple-darwin'
host_alias='arm-apple-darwin'
host_cpu='arm'
host_os='darwin'
host_vendor='apple'
htmldir='${docdir}'
includedir='${prefix}/include'
infodir='${datarootdir}/info'
install_sh='${SHELL} /Users/sam/Downloads/lame-3.99.5/install-sh'
libdir='${exec_prefix}/lib'
libexecdir='${exec_prefix}/libexec'
localedir='${datarootdir}/locale'
localstatedir='${prefix}/var'
mandir='${datarootdir}/man'
mkdir_p='/opt/local/bin/gmkdir -p'
oldincludedir='/usr/include'
pdfdir='${docdir}'
prefix='/Users/sam/Downloads/lame-3.99.5/thin-lame/armv7'
program_transform_name='s,x,x,'
psdir='${docdir}'
sbindir='${exec_prefix}/sbin'
sharedstatedir='${prefix}/com'
sysconfdir='${prefix}/etc'
target_alias=''

## ----------- ##
## confdefs.h. ##
## ----------- ##

/* confdefs.h */
#define PACKAGE_NAME "lame"
#define PACKAGE_TARNAME "lame"
#define PACKAGE_VERSION "3.99.5"
#define PACKAGE_STRING "lame 3.99.5"
#define PACKAGE_BUGREPORT "lame-dev@lists.sf.net"
#define PACKAGE_URL ""

configure: exit 1
