This file contains any messages produced by compilers while
running configure, to aid debugging if configure makes a mistake.

It was created by fdk-aac configure 0.1.4, which was
generated by GNU Autoconf 2.69.  Invocation command line was

  $ /Users/xiaokai.zhan/book/workspace/cross_compile_project/FFmpeg-Compile-Source/build-fdk-aac/fdk-aac-0.1.4/configure --enable-static --disable-shared --host=aarch64-apple-darwin CC=xcrun -sdk iphoneos clang -Wno-error=unused-command-line-argument-hard-error-in-future CXX=xcrun -sdk iphoneos clang -Wno-error=unused-command-line-argument-hard-error-in-future CPP=xcrun -sdk iphoneos clang -Wno-error=unused-command-line-argument-hard-error-in-future -E AS=/Users/xiaokai.zhan/book/workspace/cross_compile_project/FFmpeg-Compile-Source/build-fdk-aac/fdk-aac-0.1.4/extras/gas-preprocessor.pl xcrun -sdk iphoneos clang -Wno-error=unused-command-line-argument-hard-error-in-future CFLAGS=-arch arm64 -mios-version-min=7.0 LDFLAGS=-arch arm64 -mios-version-min=7.0 CPPFLAGS=-arch arm64 -mios-version-min=7.0 --prefix=/Users/xiaokai.zhan/book/workspace/cross_compile_project/FFmpeg-Compile-Source/build-fdk-aac/thin/arm64

## --------- ##
## Platform. ##
## --------- ##

hostname = XiaokaiZhandeMacBook-Pro.local
uname -m = x86_64
uname -r = 16.7.0
uname -s = Darwin
uname -v = Darwin Kernel Version 16.7.0: Thu Jun 15 17:36:27 PDT 2017; root:xnu-3789.70.16~2/RELEASE_X86_64

/usr/bin/uname -p = i386
/bin/uname -X     = unknown

/bin/arch              = unknown
/usr/bin/arch -k       = unknown
/usr/convex/getsysinfo = unknown
/usr/bin/hostinfo      = Mach kernel version:
	 Darwin Kernel Version 16.7.0: Thu Jun 15 17:36:27 PDT 2017; root:xnu-3789.70.16~2/RELEASE_X86_64
Kernel configured for up to 8 processors.
4 processors are physically available.
8 processors are logically available.
Processor type: x86_64h (Intel x86-64h Haswell)
Processors active: 0 1 2 3 4 5 6 7
Primary memory available: 16.00 gigabytes
Default processor set: 242 tasks, 808 threads, 8 processors
Load average: 1.30, Mach factor: 6.68
/bin/machine           = unknown
/usr/bin/oslevel       = unknown
/bin/universe          = unknown

PATH: /Users/xiaokai.zhan/.rvm/gems/ruby-2.4.1/bin
PATH: /Users/xiaokai.zhan/.rvm/gems/ruby-2.4.1@global/bin
PATH: /Users/xiaokai.zhan/.rvm/rubies/ruby-2.4.1/bin
PATH: /usr/local/arcanist/bin/
PATH: /usr/local/libphutil/bin
PATH: /Users/xiaokai.zhan/soft/android-ndk-r10d
PATH: /Users/xiaokai.zhan/soft/sdk/platform-tools
PATH: /Users/xiaokai.zhan/libs/ffmpeg-2.8.5/install-path/bin
PATH: /usr/local/arcanist/bin/
PATH: /usr/local/libphutil/bin
PATH: /usr/local/bin
PATH: /usr/bin
PATH: /bin
PATH: /usr/sbin
PATH: /sbin
PATH: /Users/xiaokai.zhan/.rvm/bin


## ----------- ##
## Core tests. ##
## ----------- ##

configure:2299: checking for a BSD-compatible install
configure:2367: result: /usr/local/bin/ginstall -c
configure:2378: checking whether build environment is sane
configure:2428: result: yes
configure:2477: checking for aarch64-apple-darwin-strip
configure:2507: result: no
configure:2517: checking for strip
configure:2533: found /usr/bin/strip
configure:2544: result: strip
configure:2569: checking for a thread-safe mkdir -p
configure:2608: result: /usr/local/bin/gmkdir -p
configure:2621: checking for gawk
configure:2651: result: no
configure:2621: checking for mawk
configure:2651: result: no
configure:2621: checking for nawk
configure:2651: result: no
configure:2621: checking for awk
configure:2637: found /usr/bin/awk
configure:2648: result: awk
configure:2659: checking whether make sets $(MAKE)
configure:2681: result: yes
configure:2756: checking how to create a ustar tar archive
configure:2769: tar --version
bsdtar 2.8.3 - libarchive 2.8.3
configure:2772: $? = 0
configure:2812: tardir=conftest.dir && eval tar --format=ustar -chf - "$tardir" >conftest.tar
configure:2815: $? = 0
configure:2819: tar -xf - <conftest.tar
configure:2822: $? = 0
configure:2835: result: gnutar
configure:2853: checking whether make supports nested variables
configure:2870: result: yes
configure:2907: checking for aarch64-apple-darwin-gcc
configure:2934: result: xcrun -sdk iphoneos clang -Wno-error=unused-command-line-argument-hard-error-in-future
configure:3203: checking for C compiler version
configure:3212: xcrun -sdk iphoneos clang -Wno-error=unused-command-line-argument-hard-error-in-future --version >&5
Apple LLVM version 9.0.0 (clang-900.0.37)
Target: x86_64-apple-darwin16.7.0
Thread model: posix
InstalledDir: /Applications/Xcode.app/Contents/Developer/Toolchains/XcodeDefault.xctoolchain/usr/bin
configure:3223: $? = 0
configure:3212: xcrun -sdk iphoneos clang -Wno-error=unused-command-line-argument-hard-error-in-future -v >&5
Apple LLVM version 9.0.0 (clang-900.0.37)
Target: x86_64-apple-darwin16.7.0
Thread model: posix
InstalledDir: /Applications/Xcode.app/Contents/Developer/Toolchains/XcodeDefault.xctoolchain/usr/bin
clang: warning: argument unused during compilation: '-Wno-error=unused-command-line-argument-hard-error-in-future' [-Wunused-command-line-argument]
configure:3223: $? = 0
configure:3212: xcrun -sdk iphoneos clang -Wno-error=unused-command-line-argument-hard-error-in-future -V >&5
clang: error: argument to '-V' is missing (expected 1 value)
clang: error: no input files
configure:3223: $? = 1
configure:3212: xcrun -sdk iphoneos clang -Wno-error=unused-command-line-argument-hard-error-in-future -qversion >&5
clang: error: unknown argument: '-qversion'
clang: error: no input files
configure:3223: $? = 1
configure:3243: checking whether the C compiler works
configure:3265: xcrun -sdk iphoneos clang -Wno-error=unused-command-line-argument-hard-error-in-future -arch arm64 -mios-version-min=7.0 -arch arm64 -mios-version-min=7.0 -arch arm64 -mios-version-min=7.0 conftest.c  >&5
warning: unknown warning option '-Werror=unused-command-line-argument-hard-error-in-future'; did you mean '-Werror=unused-command-line-argument'? [-Wunknown-warning-option]
1 warning generated.
configure:3269: $? = 0
configure:3317: result: yes
configure:3320: checking for C compiler default output file name
configure:3322: result: a.out
configure:3328: checking for suffix of executables
configure:3335: xcrun -sdk iphoneos clang -Wno-error=unused-command-line-argument-hard-error-in-future -o conftest -arch arm64 -mios-version-min=7.0 -arch arm64 -mios-version-min=7.0 -arch arm64 -mios-version-min=7.0 conftest.c  >&5
warning: unknown warning option '-Werror=unused-command-line-argument-hard-error-in-future'; did you mean '-Werror=unused-command-line-argument'? [-Wunknown-warning-option]
1 warning generated.
configure:3339: $? = 0
configure:3361: result: 
configure:3383: checking whether we are cross compiling
configure:3391: xcrun -sdk iphoneos clang -Wno-error=unused-command-line-argument-hard-error-in-future -o conftest -arch arm64 -mios-version-min=7.0 -arch arm64 -mios-version-min=7.0 -arch arm64 -mios-version-min=7.0 conftest.c  >&5
warning: unknown warning option '-Werror=unused-command-line-argument-hard-error-in-future'; did you mean '-Werror=unused-command-line-argument'? [-Wunknown-warning-option]
1 warning generated.
configure:3395: $? = 0
configure:3402: ./conftest
/Users/xiaokai.zhan/book/workspace/cross_compile_project/FFmpeg-Compile-Source/build-fdk-aac/fdk-aac-0.1.4/configure: line 3404: ./conftest: Bad CPU type in executable
configure:3406: $? = 126
configure:3421: result: yes
configure:3426: checking for suffix of object files
configure:3448: xcrun -sdk iphoneos clang -Wno-error=unused-command-line-argument-hard-error-in-future -c -arch arm64 -mios-version-min=7.0 -arch arm64 -mios-version-min=7.0 conftest.c >&5
warning: unknown warning option '-Werror=unused-command-line-argument-hard-error-in-future'; did you mean '-Werror=unused-command-line-argument'? [-Wunknown-warning-option]
1 warning generated.
configure:3452: $? = 0
configure:3473: result: o
configure:3477: checking whether we are using the GNU C compiler
configure:3496: xcrun -sdk iphoneos clang -Wno-error=unused-command-line-argument-hard-error-in-future -c -arch arm64 -mios-version-min=7.0 -arch arm64 -mios-version-min=7.0 conftest.c >&5
warning: unknown warning option '-Werror=unused-command-line-argument-hard-error-in-future'; did you mean '-Werror=unused-command-line-argument'? [-Wunknown-warning-option]
1 warning generated.
configure:3496: $? = 0
configure:3505: result: yes
configure:3514: checking whether xcrun -sdk iphoneos clang -Wno-error=unused-command-line-argument-hard-error-in-future accepts -g
configure:3534: xcrun -sdk iphoneos clang -Wno-error=unused-command-line-argument-hard-error-in-future -c -g -arch arm64 -mios-version-min=7.0 conftest.c >&5
warning: unknown warning option '-Werror=unused-command-line-argument-hard-error-in-future'; did you mean '-Werror=unused-command-line-argument'? [-Wunknown-warning-option]
1 warning generated.
configure:3534: $? = 0
configure: failed program was:
| /* confdefs.h */
| #define PACKAGE_NAME "fdk-aac"
| #define PACKAGE_TARNAME "fdk-aac"
| #define PACKAGE_VERSION "0.1.4"
| #define PACKAGE_STRING "fdk-aac 0.1.4"
| #define PACKAGE_BUGREPORT "http://sourceforge.net/projects/opencore-amr/"
| #define PACKAGE_URL ""
| #define PACKAGE "fdk-aac"
| #define VERSION "0.1.4"
| /* end confdefs.h.  */
| 
| int
| main ()
| {
| 
|   ;
|   return 0;
| }
configure:3549: xcrun -sdk iphoneos clang -Wno-error=unused-command-line-argument-hard-error-in-future -c  -arch arm64 -mios-version-min=7.0 conftest.c >&5
warning: unknown warning option '-Werror=unused-command-line-argument-hard-error-in-future'; did you mean '-Werror=unused-command-line-argument'? [-Wunknown-warning-option]
1 warning generated.
configure:3549: $? = 0
configure: failed program was:
| /* confdefs.h */
| #define PACKAGE_NAME "fdk-aac"
| #define PACKAGE_TARNAME "fdk-aac"
| #define PACKAGE_VERSION "0.1.4"
| #define PACKAGE_STRING "fdk-aac 0.1.4"
| #define PACKAGE_BUGREPORT "http://sourceforge.net/projects/opencore-amr/"
| #define PACKAGE_URL ""
| #define PACKAGE "fdk-aac"
| #define VERSION "0.1.4"
| /* end confdefs.h.  */
| 
| int
| main ()
| {
| 
|   ;
|   return 0;
| }
configure:3565: xcrun -sdk iphoneos clang -Wno-error=unused-command-line-argument-hard-error-in-future -c -g -arch arm64 -mios-version-min=7.0 conftest.c >&5
warning: unknown warning option '-Werror=unused-command-line-argument-hard-error-in-future'; did you mean '-Werror=unused-command-line-argument'? [-Wunknown-warning-option]
1 warning generated.
configure:3565: $? = 0
configure:3575: result: yes
configure:3592: checking for xcrun -sdk iphoneos clang -Wno-error=unused-command-line-argument-hard-error-in-future option to accept ISO C89
configure:3655: xcrun -sdk iphoneos clang -Wno-error=unused-command-line-argument-hard-error-in-future  -c -arch arm64 -mios-version-min=7.0 -arch arm64 -mios-version-min=7.0 conftest.c >&5
warning: unknown warning option '-Werror=unused-command-line-argument-hard-error-in-future'; did you mean '-Werror=unused-command-line-argument'? [-Wunknown-warning-option]
1 warning generated.
configure:3655: $? = 0
configure:3668: result: none needed
configure:3699: checking for style of include used by make
configure:3727: result: GNU
configure:3753: checking dependency style of xcrun -sdk iphoneos clang -Wno-error=unused-command-line-argument-hard-error-in-future
configure:3864: result: gcc3
configure:3991: checking for C++ compiler version
configure:4000: xcrun -sdk iphoneos clang -Wno-error=unused-command-line-argument-hard-error-in-future --version >&5
Apple LLVM version 9.0.0 (clang-900.0.37)
Target: x86_64-apple-darwin16.7.0
Thread model: posix
InstalledDir: /Applications/Xcode.app/Contents/Developer/Toolchains/XcodeDefault.xctoolchain/usr/bin
configure:4011: $? = 0
configure:4000: xcrun -sdk iphoneos clang -Wno-error=unused-command-line-argument-hard-error-in-future -v >&5
Apple LLVM version 9.0.0 (clang-900.0.37)
Target: x86_64-apple-darwin16.7.0
Thread model: posix
InstalledDir: /Applications/Xcode.app/Contents/Developer/Toolchains/XcodeDefault.xctoolchain/usr/bin
clang: warning: argument unused during compilation: '-Wno-error=unused-command-line-argument-hard-error-in-future' [-Wunused-command-line-argument]
configure:4011: $? = 0
configure:4000: xcrun -sdk iphoneos clang -Wno-error=unused-command-line-argument-hard-error-in-future -V >&5
clang: error: argument to '-V' is missing (expected 1 value)
clang: error: no input files
configure:4011: $? = 1
configure:4000: xcrun -sdk iphoneos clang -Wno-error=unused-command-line-argument-hard-error-in-future -qversion >&5
clang: error: unknown argument: '-qversion'
clang: error: no input files
configure:4011: $? = 1
configure:4015: checking whether we are using the GNU C++ compiler
configure:4034: xcrun -sdk iphoneos clang -Wno-error=unused-command-line-argument-hard-error-in-future -c  -arch arm64 -mios-version-min=7.0 conftest.cpp >&5
warning: unknown warning option '-Werror=unused-command-line-argument-hard-error-in-future'; did you mean '-Werror=unused-command-line-argument'? [-Wunknown-warning-option]
1 warning generated.
configure:4034: $? = 0
configure:4043: result: yes
configure:4052: checking whether xcrun -sdk iphoneos clang -Wno-error=unused-command-line-argument-hard-error-in-future accepts -g
configure:4072: xcrun -sdk iphoneos clang -Wno-error=unused-command-line-argument-hard-error-in-future -c -g -arch arm64 -mios-version-min=7.0 conftest.cpp >&5
warning: unknown warning option '-Werror=unused-command-line-argument-hard-error-in-future'; did you mean '-Werror=unused-command-line-argument'? [-Wunknown-warning-option]
1 warning generated.
configure:4072: $? = 0
configure: failed program was:
| /* confdefs.h */
| #define PACKAGE_NAME "fdk-aac"
| #define PACKAGE_TARNAME "fdk-aac"
| #define PACKAGE_VERSION "0.1.4"
| #define PACKAGE_STRING "fdk-aac 0.1.4"
| #define PACKAGE_BUGREPORT "http://sourceforge.net/projects/opencore-amr/"
| #define PACKAGE_URL ""
| #define PACKAGE "fdk-aac"
| #define VERSION "0.1.4"
| /* end confdefs.h.  */
| 
| int
| main ()
| {
| 
|   ;
|   return 0;
| }
configure:4087: xcrun -sdk iphoneos clang -Wno-error=unused-command-line-argument-hard-error-in-future -c  -arch arm64 -mios-version-min=7.0 conftest.cpp >&5
warning: unknown warning option '-Werror=unused-command-line-argument-hard-error-in-future'; did you mean '-Werror=unused-command-line-argument'? [-Wunknown-warning-option]
1 warning generated.
configure:4087: $? = 0
configure: failed program was:
| /* confdefs.h */
| #define PACKAGE_NAME "fdk-aac"
| #define PACKAGE_TARNAME "fdk-aac"
| #define PACKAGE_VERSION "0.1.4"
| #define PACKAGE_STRING "fdk-aac 0.1.4"
| #define PACKAGE_BUGREPORT "http://sourceforge.net/projects/opencore-amr/"
| #define PACKAGE_URL ""
| #define PACKAGE "fdk-aac"
| #define VERSION "0.1.4"
| /* end confdefs.h.  */
| 
| int
| main ()
| {
| 
|   ;
|   return 0;
| }
configure:4103: xcrun -sdk iphoneos clang -Wno-error=unused-command-line-argument-hard-error-in-future -c -g -arch arm64 -mios-version-min=7.0 conftest.cpp >&5
warning: unknown warning option '-Werror=unused-command-line-argument-hard-error-in-future'; did you mean '-Werror=unused-command-line-argument'? [-Wunknown-warning-option]
1 warning generated.
configure:4103: $? = 0
configure:4113: result: yes
configure:4138: checking dependency style of xcrun -sdk iphoneos clang -Wno-error=unused-command-line-argument-hard-error-in-future
configure:4249: result: gcc3
configure:4293: checking build system type
configure:4307: result: x86_64-apple-darwin16.7.0
configure:4327: checking host system type
configure:4340: result: aarch64-apple-darwin
configure:4381: checking how to print strings
configure:4408: result: printf
configure:4429: checking for a sed that does not truncate output
configure:4493: result: /usr/bin/sed
configure:4511: checking for grep that handles long lines and -e
configure:4569: result: /usr/bin/grep
configure:4574: checking for egrep
configure:4636: result: /usr/bin/grep -E
configure:4641: checking for fgrep
configure:4703: result: /usr/bin/grep -F
configure:4738: checking for ld used by xcrun -sdk iphoneos clang -Wno-error=unused-command-line-argument-hard-error-in-future
configure:4805: result: /Applications/Xcode.app/Contents/Developer/Toolchains/XcodeDefault.xctoolchain/usr/bin/ld
configure:4812: checking if the linker (/Applications/Xcode.app/Contents/Developer/Toolchains/XcodeDefault.xctoolchain/usr/bin/ld) is GNU ld
configure:4827: result: no
configure:4839: checking for BSD- or MS-compatible name lister (nm)
configure:4888: result: no
configure:4902: checking for aarch64-apple-darwin-dumpbin
configure:4932: result: no
configure:4902: checking for aarch64-apple-darwin-link
configure:4932: result: no
configure:4946: checking for dumpbin
configure:4976: result: no
configure:4946: checking for link
configure:4962: found /bin/link
configure:4973: result: link -dump
configure:4989: WARNING: using cross tools not prefixed with host triplet
configure:5018: checking the name lister (nm) interface
configure:5025: xcrun -sdk iphoneos clang -Wno-error=unused-command-line-argument-hard-error-in-future -c -arch arm64 -mios-version-min=7.0 -arch arm64 -mios-version-min=7.0 conftest.c >&5
warning: unknown warning option '-Werror=unused-command-line-argument-hard-error-in-future'; did you mean '-Werror=unused-command-line-argument'? [-Wunknown-warning-option]
1 warning generated.
configure:5028: nm "conftest.o"
configure:5031: output
0000000000000000 S _some_variable
0000000000000000 t ltmp0
configure:5038: result: BSD nm
configure:5041: checking whether ln -s works
configure:5045: result: yes
configure:5053: checking the maximum length of command line arguments
configure:5183: result: 196608
configure:5200: checking whether the shell understands some XSI constructs
configure:5210: result: yes
configure:5214: checking whether the shell understands "+="
configure:5220: result: yes
configure:5255: checking how to convert x86_64-apple-darwin16.7.0 file names to aarch64-apple-darwin format
configure:5295: result: func_convert_file_noop
configure:5302: checking how to convert x86_64-apple-darwin16.7.0 file names to toolchain format
configure:5322: result: func_convert_file_noop
configure:5329: checking for /Applications/Xcode.app/Contents/Developer/Toolchains/XcodeDefault.xctoolchain/usr/bin/ld option to reload object files
configure:5336: result: -r
configure:5370: checking for aarch64-apple-darwin-objdump
configure:5400: result: no
configure:5410: checking for objdump
configure:5426: found /usr/bin/objdump
configure:5437: result: objdump
configure:5469: checking how to recognize dependent libraries
configure:5667: result: pass_all
configure:5712: checking for aarch64-apple-darwin-dlltool
configure:5742: result: no
configure:5752: checking for dlltool
configure:5782: result: no
configure:5812: checking how to associate runtime and link libraries
configure:5839: result: printf %s\n
configure:5856: checking for aarch64-apple-darwin-ar
configure:5886: result: no
configure:5900: checking for ar
configure:5916: found /usr/bin/ar
configure:5927: result: ar
configure:5964: checking for archiver @FILE support
configure:5981: xcrun -sdk iphoneos clang -Wno-error=unused-command-line-argument-hard-error-in-future -c -arch arm64 -mios-version-min=7.0 -arch arm64 -mios-version-min=7.0 conftest.c >&5
warning: unknown warning option '-Werror=unused-command-line-argument-hard-error-in-future'; did you mean '-Werror=unused-command-line-argument'? [-Wunknown-warning-option]
1 warning generated.
configure:5981: $? = 0
configure:5984: ar cru libconftest.a @conftest.lst >&5
ar: @conftest.lst: No such file or directory
configure:5987: $? = 1
configure:6007: result: no
configure:6025: checking for aarch64-apple-darwin-strip
configure:6052: result: strip
configure:6124: checking for aarch64-apple-darwin-ranlib
configure:6154: result: no
configure:6164: checking for ranlib
configure:6180: found /usr/bin/ranlib
configure:6191: result: ranlib
configure:6293: checking command to parse nm output from xcrun -sdk iphoneos clang -Wno-error=unused-command-line-argument-hard-error-in-future object
configure:6413: xcrun -sdk iphoneos clang -Wno-error=unused-command-line-argument-hard-error-in-future -c -arch arm64 -mios-version-min=7.0 -arch arm64 -mios-version-min=7.0 conftest.c >&5
warning: unknown warning option '-Werror=unused-command-line-argument-hard-error-in-future'; did you mean '-Werror=unused-command-line-argument'? [-Wunknown-warning-option]
1 warning generated.
configure:6416: $? = 0
configure:6420: nm conftest.o \| sed -n -e 's/^.*[ ]\([BCDEGRST][BCDEGRST]*\)[ ][ ]*\([_A-Za-z][_A-Za-z0-9]*\)$/\1 \2 \2/p' | sed '/ __gnu_lto/d' \> conftest.nm
configure:6423: $? = 0
cannot find nm_test_var in conftest.nm
configure:6413: xcrun -sdk iphoneos clang -Wno-error=unused-command-line-argument-hard-error-in-future -c -arch arm64 -mios-version-min=7.0 -arch arm64 -mios-version-min=7.0 conftest.c >&5
warning: unknown warning option '-Werror=unused-command-line-argument-hard-error-in-future'; did you mean '-Werror=unused-command-line-argument'? [-Wunknown-warning-option]
1 warning generated.
configure:6416: $? = 0
configure:6420: nm conftest.o \| sed -n -e 's/^.*[ ]\([BCDEGRST][BCDEGRST]*\)[ ][ ]*_\([_A-Za-z][_A-Za-z0-9]*\)$/\1 _\2 \2/p' | sed '/ __gnu_lto/d' \> conftest.nm
configure:6423: $? = 0
configure:6489: xcrun -sdk iphoneos clang -Wno-error=unused-command-line-argument-hard-error-in-future -o conftest -arch arm64 -mios-version-min=7.0 -arch arm64 -mios-version-min=7.0 -arch arm64 -mios-version-min=7.0 conftest.c conftstm.o >&5
warning: unknown warning option '-Werror=unused-command-line-argument-hard-error-in-future'; did you mean '-Werror=unused-command-line-argument'? [-Wunknown-warning-option]
1 warning generated.
configure:6492: $? = 0
configure:6530: result: ok
configure:6567: checking for sysroot
configure:6597: result: no
configure:6813: checking for aarch64-apple-darwin-mt
configure:6843: result: no
configure:6853: checking for mt
configure:6883: result: no
configure:6903: checking if : is a manifest tool
configure:6909: : '-?'
configure:6917: result: no
configure:6933: checking for aarch64-apple-darwin-dsymutil
configure:6963: result: no
configure:6973: checking for dsymutil
configure:6989: found /usr/bin/dsymutil
configure:7000: result: dsymutil
configure:7025: checking for aarch64-apple-darwin-nmedit
configure:7055: result: no
configure:7065: checking for nmedit
configure:7081: found /usr/bin/nmedit
configure:7092: result: nmedit
configure:7117: checking for aarch64-apple-darwin-lipo
configure:7147: result: no
configure:7157: checking for lipo
configure:7173: found /usr/bin/lipo
configure:7184: result: lipo
configure:7209: checking for aarch64-apple-darwin-otool
configure:7239: result: no
configure:7249: checking for otool
configure:7265: found /usr/bin/otool
configure:7276: result: otool
configure:7301: checking for aarch64-apple-darwin-otool64
configure:7331: result: no
configure:7341: checking for otool64
configure:7371: result: no
configure:7416: checking for -single_module linker flag
xcrun -sdk iphoneos clang -Wno-error=unused-command-line-argument-hard-error-in-future -arch arm64 -mios-version-min=7.0 -arch arm64 -mios-version-min=7.0 -o libconftest.dylib -dynamiclib -Wl,-single_module conftest.c
configure:7449: result: yes
configure:7452: checking for -exported_symbols_list linker flag
configure:7472: xcrun -sdk iphoneos clang -Wno-error=unused-command-line-argument-hard-error-in-future -o conftest -arch arm64 -mios-version-min=7.0 -arch arm64 -mios-version-min=7.0 -arch arm64 -mios-version-min=7.0 -Wl,-exported_symbols_list,conftest.sym conftest.c  >&5
warning: unknown warning option '-Werror=unused-command-line-argument-hard-error-in-future'; did you mean '-Werror=unused-command-line-argument'? [-Wunknown-warning-option]
1 warning generated.
configure:7472: $? = 0
configure:7482: result: yes
configure:7485: checking for -force_load linker flag
xcrun -sdk iphoneos clang -Wno-error=unused-command-line-argument-hard-error-in-future -arch arm64 -mios-version-min=7.0 -c -o conftest.o conftest.c
warning: unknown warning option '-Werror=unused-command-line-argument-hard-error-in-future'; did you mean '-Werror=unused-command-line-argument'? [-Wunknown-warning-option]
1 warning generated.
ar cru libconftest.a conftest.o
ranlib libconftest.a
xcrun -sdk iphoneos clang -Wno-error=unused-command-line-argument-hard-error-in-future -arch arm64 -mios-version-min=7.0 -arch arm64 -mios-version-min=7.0 -o conftest conftest.c -Wl,-force_load,./libconftest.a
configure:7517: result: yes
configure:7559: checking how to run the C preprocessor
configure:7629: result: xcrun -sdk iphoneos clang -Wno-error=unused-command-line-argument-hard-error-in-future -E
configure:7649: xcrun -sdk iphoneos clang -Wno-error=unused-command-line-argument-hard-error-in-future -E -arch arm64 -mios-version-min=7.0 conftest.c
warning: unknown warning option '-Werror=unused-command-line-argument-hard-error-in-future'; did you mean '-Werror=unused-command-line-argument'? [-Wunknown-warning-option]
1 warning generated.
configure:7649: $? = 0
configure:7663: xcrun -sdk iphoneos clang -Wno-error=unused-command-line-argument-hard-error-in-future -E -arch arm64 -mios-version-min=7.0 conftest.c
warning: unknown warning option '-Werror=unused-command-line-argument-hard-error-in-future'; did you mean '-Werror=unused-command-line-argument'? [-Wunknown-warning-option]
conftest.c:11:10: fatal error: 'ac_nonexistent.h' file not found
#include <ac_nonexistent.h>
         ^~~~~~~~~~~~~~~~~~
1 warning and 1 error generated.
configure:7663: $? = 1
configure: failed program was:
| /* confdefs.h */
| #define PACKAGE_NAME "fdk-aac"
| #define PACKAGE_TARNAME "fdk-aac"
| #define PACKAGE_VERSION "0.1.4"
| #define PACKAGE_STRING "fdk-aac 0.1.4"
| #define PACKAGE_BUGREPORT "http://sourceforge.net/projects/opencore-amr/"
| #define PACKAGE_URL ""
| #define PACKAGE "fdk-aac"
| #define VERSION "0.1.4"
| /* end confdefs.h.  */
| #include <ac_nonexistent.h>
configure:7692: checking for ANSI C header files
configure:7712: xcrun -sdk iphoneos clang -Wno-error=unused-command-line-argument-hard-error-in-future -c -arch arm64 -mios-version-min=7.0 -arch arm64 -mios-version-min=7.0 conftest.c >&5
warning: unknown warning option '-Werror=unused-command-line-argument-hard-error-in-future'; did you mean '-Werror=unused-command-line-argument'? [-Wunknown-warning-option]
1 warning generated.
configure:7712: $? = 0
warning: unknown warning option '-Werror=unused-command-line-argument-hard-error-in-future'; did you mean '-Werror=unused-command-line-argument'? [-Wunknown-warning-option]
1 warning generated.
warning: unknown warning option '-Werror=unused-command-line-argument-hard-error-in-future'; did you mean '-Werror=unused-command-line-argument'? [-Wunknown-warning-option]
1 warning generated.
configure:7796: result: yes
configure:7809: checking for sys/types.h
configure:7809: xcrun -sdk iphoneos clang -Wno-error=unused-command-line-argument-hard-error-in-future -c -arch arm64 -mios-version-min=7.0 -arch arm64 -mios-version-min=7.0 conftest.c >&5
warning: unknown warning option '-Werror=unused-command-line-argument-hard-error-in-future'; did you mean '-Werror=unused-command-line-argument'? [-Wunknown-warning-option]
1 warning generated.
configure:7809: $? = 0
configure:7809: result: yes
configure:7809: checking for sys/stat.h
configure:7809: xcrun -sdk iphoneos clang -Wno-error=unused-command-line-argument-hard-error-in-future -c -arch arm64 -mios-version-min=7.0 -arch arm64 -mios-version-min=7.0 conftest.c >&5
warning: unknown warning option '-Werror=unused-command-line-argument-hard-error-in-future'; did you mean '-Werror=unused-command-line-argument'? [-Wunknown-warning-option]
1 warning generated.
configure:7809: $? = 0
configure:7809: result: yes
configure:7809: checking for stdlib.h
configure:7809: xcrun -sdk iphoneos clang -Wno-error=unused-command-line-argument-hard-error-in-future -c -arch arm64 -mios-version-min=7.0 -arch arm64 -mios-version-min=7.0 conftest.c >&5
warning: unknown warning option '-Werror=unused-command-line-argument-hard-error-in-future'; did you mean '-Werror=unused-command-line-argument'? [-Wunknown-warning-option]
1 warning generated.
configure:7809: $? = 0
configure:7809: result: yes
configure:7809: checking for string.h
configure:7809: xcrun -sdk iphoneos clang -Wno-error=unused-command-line-argument-hard-error-in-future -c -arch arm64 -mios-version-min=7.0 -arch arm64 -mios-version-min=7.0 conftest.c >&5
warning: unknown warning option '-Werror=unused-command-line-argument-hard-error-in-future'; did you mean '-Werror=unused-command-line-argument'? [-Wunknown-warning-option]
1 warning generated.
configure:7809: $? = 0
configure:7809: result: yes
configure:7809: checking for memory.h
configure:7809: xcrun -sdk iphoneos clang -Wno-error=unused-command-line-argument-hard-error-in-future -c -arch arm64 -mios-version-min=7.0 -arch arm64 -mios-version-min=7.0 conftest.c >&5
warning: unknown warning option '-Werror=unused-command-line-argument-hard-error-in-future'; did you mean '-Werror=unused-command-line-argument'? [-Wunknown-warning-option]
1 warning generated.
configure:7809: $? = 0
configure:7809: result: yes
configure:7809: checking for strings.h
configure:7809: xcrun -sdk iphoneos clang -Wno-error=unused-command-line-argument-hard-error-in-future -c -arch arm64 -mios-version-min=7.0 -arch arm64 -mios-version-min=7.0 conftest.c >&5
warning: unknown warning option '-Werror=unused-command-line-argument-hard-error-in-future'; did you mean '-Werror=unused-command-line-argument'? [-Wunknown-warning-option]
1 warning generated.
configure:7809: $? = 0
configure:7809: result: yes
configure:7809: checking for inttypes.h
configure:7809: xcrun -sdk iphoneos clang -Wno-error=unused-command-line-argument-hard-error-in-future -c -arch arm64 -mios-version-min=7.0 -arch arm64 -mios-version-min=7.0 conftest.c >&5
warning: unknown warning option '-Werror=unused-command-line-argument-hard-error-in-future'; did you mean '-Werror=unused-command-line-argument'? [-Wunknown-warning-option]
1 warning generated.
configure:7809: $? = 0
configure:7809: result: yes
configure:7809: checking for stdint.h
configure:7809: xcrun -sdk iphoneos clang -Wno-error=unused-command-line-argument-hard-error-in-future -c -arch arm64 -mios-version-min=7.0 -arch arm64 -mios-version-min=7.0 conftest.c >&5
warning: unknown warning option '-Werror=unused-command-line-argument-hard-error-in-future'; did you mean '-Werror=unused-command-line-argument'? [-Wunknown-warning-option]
1 warning generated.
configure:7809: $? = 0
configure:7809: result: yes
configure:7809: checking for unistd.h
configure:7809: xcrun -sdk iphoneos clang -Wno-error=unused-command-line-argument-hard-error-in-future -c -arch arm64 -mios-version-min=7.0 -arch arm64 -mios-version-min=7.0 conftest.c >&5
warning: unknown warning option '-Werror=unused-command-line-argument-hard-error-in-future'; did you mean '-Werror=unused-command-line-argument'? [-Wunknown-warning-option]
1 warning generated.
configure:7809: $? = 0
configure:7809: result: yes
configure:7823: checking for dlfcn.h
configure:7823: xcrun -sdk iphoneos clang -Wno-error=unused-command-line-argument-hard-error-in-future -c -arch arm64 -mios-version-min=7.0 -arch arm64 -mios-version-min=7.0 conftest.c >&5
warning: unknown warning option '-Werror=unused-command-line-argument-hard-error-in-future'; did you mean '-Werror=unused-command-line-argument'? [-Wunknown-warning-option]
1 warning generated.
configure:7823: $? = 0
configure:7823: result: yes
configure:8040: checking for objdir
configure:8055: result: .libs
configure:8326: checking if xcrun -sdk iphoneos clang -Wno-error=unused-command-line-argument-hard-error-in-future supports -fno-rtti -fno-exceptions
configure:8344: xcrun -sdk iphoneos clang -Wno-error=unused-command-line-argument-hard-error-in-future -c -arch arm64 -mios-version-min=7.0 -arch arm64 -mios-version-min=7.0 -fno-rtti -fno-exceptions conftest.c >&5
warning: unknown warning option '-Werror=unused-command-line-argument-hard-error-in-future'; did you mean '-Werror=unused-command-line-argument'? [-Wunknown-warning-option]
1 warning generated.
configure:8348: $? = 0
configure:8361: result: yes
configure:8688: checking for xcrun -sdk iphoneos clang -Wno-error=unused-command-line-argument-hard-error-in-future option to produce PIC
configure:8695: result: -fno-common -DPIC
configure:8703: checking if xcrun -sdk iphoneos clang -Wno-error=unused-command-line-argument-hard-error-in-future PIC flag -fno-common -DPIC works
configure:8721: xcrun -sdk iphoneos clang -Wno-error=unused-command-line-argument-hard-error-in-future -c -arch arm64 -mios-version-min=7.0 -arch arm64 -mios-version-min=7.0 -fno-common -DPIC -DPIC conftest.c >&5
warning: unknown warning option '-Werror=unused-command-line-argument-hard-error-in-future'; did you mean '-Werror=unused-command-line-argument'? [-Wunknown-warning-option]
1 warning generated.
configure:8725: $? = 0
configure:8738: result: yes
configure:8767: checking if xcrun -sdk iphoneos clang -Wno-error=unused-command-line-argument-hard-error-in-future static flag -static works
configure:8795: result: no
configure:8810: checking if xcrun -sdk iphoneos clang -Wno-error=unused-command-line-argument-hard-error-in-future supports -c -o file.o
configure:8831: xcrun -sdk iphoneos clang -Wno-error=unused-command-line-argument-hard-error-in-future -c -arch arm64 -mios-version-min=7.0 -arch arm64 -mios-version-min=7.0 -o out/conftest2.o conftest.c >&5
warning: unknown warning option '-Werror=unused-command-line-argument-hard-error-in-future'; did you mean '-Werror=unused-command-line-argument'? [-Wunknown-warning-option]
1 warning generated.
configure:8835: $? = 0
configure:8857: result: yes
configure:8865: checking if xcrun -sdk iphoneos clang -Wno-error=unused-command-line-argument-hard-error-in-future supports -c -o file.o
configure:8912: result: yes
configure:8945: checking whether the xcrun -sdk iphoneos clang -Wno-error=unused-command-line-argument-hard-error-in-future linker (/Applications/Xcode.app/Contents/Developer/Toolchains/XcodeDefault.xctoolchain/usr/bin/ld) supports shared libraries
configure:10102: result: yes
configure:10342: checking dynamic linker characteristics
configure:11076: result: darwin dyld
configure:11183: checking how to hardcode library paths into programs
configure:11208: result: immediate
configure:11748: checking whether stripping libraries is possible
configure:11762: result: yes
configure:11788: checking if libtool supports shared libraries
configure:11790: result: yes
configure:11793: checking whether to build shared libraries
configure:11814: result: no
configure:11817: checking whether to build static libraries
configure:11821: result: yes
configure:11844: checking how to run the C++ preprocessor
configure:11871: xcrun -sdk iphoneos clang -Wno-error=unused-command-line-argument-hard-error-in-future -E -arch arm64 -mios-version-min=7.0 conftest.cpp
warning: unknown warning option '-Werror=unused-command-line-argument-hard-error-in-future'; did you mean '-Werror=unused-command-line-argument'? [-Wunknown-warning-option]
1 warning generated.
configure:11871: $? = 0
configure:11885: xcrun -sdk iphoneos clang -Wno-error=unused-command-line-argument-hard-error-in-future -E -arch arm64 -mios-version-min=7.0 conftest.cpp
warning: unknown warning option '-Werror=unused-command-line-argument-hard-error-in-future'; did you mean '-Werror=unused-command-line-argument'? [-Wunknown-warning-option]
conftest.cpp:23:10: fatal error: 'ac_nonexistent.h' file not found
#include <ac_nonexistent.h>
         ^~~~~~~~~~~~~~~~~~
1 warning and 1 error generated.
configure:11885: $? = 1
configure: failed program was:
| /* confdefs.h */
| #define PACKAGE_NAME "fdk-aac"
| #define PACKAGE_TARNAME "fdk-aac"
| #define PACKAGE_VERSION "0.1.4"
| #define PACKAGE_STRING "fdk-aac 0.1.4"
| #define PACKAGE_BUGREPORT "http://sourceforge.net/projects/opencore-amr/"
| #define PACKAGE_URL ""
| #define PACKAGE "fdk-aac"
| #define VERSION "0.1.4"
| #define STDC_HEADERS 1
| #define HAVE_SYS_TYPES_H 1
| #define HAVE_SYS_STAT_H 1
| #define HAVE_STDLIB_H 1
| #define HAVE_STRING_H 1
| #define HAVE_MEMORY_H 1
| #define HAVE_STRINGS_H 1
| #define HAVE_INTTYPES_H 1
| #define HAVE_STDINT_H 1
| #define HAVE_UNISTD_H 1
| #define HAVE_DLFCN_H 1
| #define LT_OBJDIR ".libs/"
| /* end confdefs.h.  */
| #include <ac_nonexistent.h>
configure:11910: result: xcrun -sdk iphoneos clang -Wno-error=unused-command-line-argument-hard-error-in-future -E
configure:11930: xcrun -sdk iphoneos clang -Wno-error=unused-command-line-argument-hard-error-in-future -E -arch arm64 -mios-version-min=7.0 conftest.cpp
warning: unknown warning option '-Werror=unused-command-line-argument-hard-error-in-future'; did you mean '-Werror=unused-command-line-argument'? [-Wunknown-warning-option]
1 warning generated.
configure:11930: $? = 0
configure:11944: xcrun -sdk iphoneos clang -Wno-error=unused-command-line-argument-hard-error-in-future -E -arch arm64 -mios-version-min=7.0 conftest.cpp
warning: unknown warning option '-Werror=unused-command-line-argument-hard-error-in-future'; did you mean '-Werror=unused-command-line-argument'? [-Wunknown-warning-option]
conftest.cpp:23:10: fatal error: 'ac_nonexistent.h' file not found
#include <ac_nonexistent.h>
         ^~~~~~~~~~~~~~~~~~
1 warning and 1 error generated.
configure:11944: $? = 1
configure: failed program was:
| /* confdefs.h */
| #define PACKAGE_NAME "fdk-aac"
| #define PACKAGE_TARNAME "fdk-aac"
| #define PACKAGE_VERSION "0.1.4"
| #define PACKAGE_STRING "fdk-aac 0.1.4"
| #define PACKAGE_BUGREPORT "http://sourceforge.net/projects/opencore-amr/"
| #define PACKAGE_URL ""
| #define PACKAGE "fdk-aac"
| #define VERSION "0.1.4"
| #define STDC_HEADERS 1
| #define HAVE_SYS_TYPES_H 1
| #define HAVE_SYS_STAT_H 1
| #define HAVE_STDLIB_H 1
| #define HAVE_STRING_H 1
| #define HAVE_MEMORY_H 1
| #define HAVE_STRINGS_H 1
| #define HAVE_INTTYPES_H 1
| #define HAVE_STDINT_H 1
| #define HAVE_UNISTD_H 1
| #define HAVE_DLFCN_H 1
| #define LT_OBJDIR ".libs/"
| /* end confdefs.h.  */
| #include <ac_nonexistent.h>
configure:12113: checking for ld used by xcrun -sdk iphoneos clang -Wno-error=unused-command-line-argument-hard-error-in-future
configure:12180: result: /Applications/Xcode.app/Contents/Developer/Toolchains/XcodeDefault.xctoolchain/usr/bin/ld
configure:12187: checking if the linker (/Applications/Xcode.app/Contents/Developer/Toolchains/XcodeDefault.xctoolchain/usr/bin/ld) is GNU ld
configure:12202: result: no
configure:12257: checking whether the xcrun -sdk iphoneos clang -Wno-error=unused-command-line-argument-hard-error-in-future linker (/Applications/Xcode.app/Contents/Developer/Toolchains/XcodeDefault.xctoolchain/usr/bin/ld) supports shared libraries
configure:13259: result: yes
configure:13295: xcrun -sdk iphoneos clang -Wno-error=unused-command-line-argument-hard-error-in-future -c -g -O2 -arch arm64 -mios-version-min=7.0 conftest.cpp >&5
warning: unknown warning option '-Werror=unused-command-line-argument-hard-error-in-future'; did you mean '-Werror=unused-command-line-argument'? [-Wunknown-warning-option]
1 warning generated.
configure:13298: $? = 0
configure:13818: checking for xcrun -sdk iphoneos clang -Wno-error=unused-command-line-argument-hard-error-in-future option to produce PIC
configure:13825: result: -fno-common -DPIC
configure:13833: checking if xcrun -sdk iphoneos clang -Wno-error=unused-command-line-argument-hard-error-in-future PIC flag -fno-common -DPIC works
configure:13851: xcrun -sdk iphoneos clang -Wno-error=unused-command-line-argument-hard-error-in-future -c -g -O2 -arch arm64 -mios-version-min=7.0 -fno-common -DPIC -DPIC conftest.cpp >&5
warning: unknown warning option '-Werror=unused-command-line-argument-hard-error-in-future'; did you mean '-Werror=unused-command-line-argument'? [-Wunknown-warning-option]
1 warning generated.
configure:13855: $? = 0
configure:13868: result: yes
configure:13891: checking if xcrun -sdk iphoneos clang -Wno-error=unused-command-line-argument-hard-error-in-future static flag -static works
configure:13919: result: no
configure:13931: checking if xcrun -sdk iphoneos clang -Wno-error=unused-command-line-argument-hard-error-in-future supports -c -o file.o
configure:13952: xcrun -sdk iphoneos clang -Wno-error=unused-command-line-argument-hard-error-in-future -c -g -O2 -arch arm64 -mios-version-min=7.0 -o out/conftest2.o conftest.cpp >&5
warning: unknown warning option '-Werror=unused-command-line-argument-hard-error-in-future'; did you mean '-Werror=unused-command-line-argument'? [-Wunknown-warning-option]
1 warning generated.
configure:13956: $? = 0
configure:13978: result: yes
configure:13983: checking if xcrun -sdk iphoneos clang -Wno-error=unused-command-line-argument-hard-error-in-future supports -c -o file.o
configure:14030: result: yes
configure:14060: checking whether the xcrun -sdk iphoneos clang -Wno-error=unused-command-line-argument-hard-error-in-future linker (/Applications/Xcode.app/Contents/Developer/Toolchains/XcodeDefault.xctoolchain/usr/bin/ld) supports shared libraries
configure:14099: result: yes
configure:14240: checking dynamic linker characteristics
configure:14908: result: darwin dyld
configure:14961: checking how to hardcode library paths into programs
configure:14986: result: immediate
configure:15048: checking for library containing sin
configure:15079: xcrun -sdk iphoneos clang -Wno-error=unused-command-line-argument-hard-error-in-future -o conftest -arch arm64 -mios-version-min=7.0 -arch arm64 -mios-version-min=7.0 -arch arm64 -mios-version-min=7.0 conftest.c  >&5
warning: unknown warning option '-Werror=unused-command-line-argument-hard-error-in-future'; did you mean '-Werror=unused-command-line-argument'? [-Wunknown-warning-option]
conftest.c:30:6: warning: incompatible redeclaration of library function 'sin' [-Wincompatible-library-redeclaration]
char sin ();
     ^
conftest.c:30:6: note: 'sin' is a builtin with type 'double (double)'
2 warnings generated.
configure:15079: $? = 0
configure:15096: result: none required
configure:15292: creating ./config.status

## ---------------------- ##
## Running config.status. ##
## ---------------------- ##

This file was extended by fdk-aac config.status 0.1.4, which was
generated by GNU Autoconf 2.69.  Invocation command line was

  CONFIG_FILES    = 
  CONFIG_HEADERS  = 
  CONFIG_LINKS    = 
  CONFIG_COMMANDS = 
  $ ./config.status 

on XiaokaiZhandeMacBook-Pro.local

config.status:1069: creating Makefile
config.status:1069: creating fdk-aac.pc
config.status:1226: executing depfiles commands
config.status:1226: executing libtool commands

## ---------------- ##
## Cache variables. ##
## ---------------- ##

ac_cv_build=x86_64-apple-darwin16.7.0
ac_cv_c_compiler_gnu=yes
ac_cv_cxx_compiler_gnu=yes
ac_cv_env_CCC_set=
ac_cv_env_CCC_value=
ac_cv_env_CC_set=set
ac_cv_env_CC_value='xcrun -sdk iphoneos clang -Wno-error=unused-command-line-argument-hard-error-in-future'
ac_cv_env_CFLAGS_set=set
ac_cv_env_CFLAGS_value='-arch arm64 -mios-version-min=7.0'
ac_cv_env_CPPFLAGS_set=set
ac_cv_env_CPPFLAGS_value='-arch arm64 -mios-version-min=7.0'
ac_cv_env_CPP_set=set
ac_cv_env_CPP_value='xcrun -sdk iphoneos clang -Wno-error=unused-command-line-argument-hard-error-in-future -E'
ac_cv_env_CXXCPP_set=
ac_cv_env_CXXCPP_value=
ac_cv_env_CXXFLAGS_set=
ac_cv_env_CXXFLAGS_value=
ac_cv_env_CXX_set=set
ac_cv_env_CXX_value='xcrun -sdk iphoneos clang -Wno-error=unused-command-line-argument-hard-error-in-future'
ac_cv_env_LDFLAGS_set=set
ac_cv_env_LDFLAGS_value='-arch arm64 -mios-version-min=7.0'
ac_cv_env_LIBS_set=
ac_cv_env_LIBS_value=
ac_cv_env_build_alias_set=
ac_cv_env_build_alias_value=
ac_cv_env_host_alias_set=set
ac_cv_env_host_alias_value=aarch64-apple-darwin
ac_cv_env_target_alias_set=
ac_cv_env_target_alias_value=
ac_cv_header_dlfcn_h=yes
ac_cv_header_inttypes_h=yes
ac_cv_header_memory_h=yes
ac_cv_header_stdc=yes
ac_cv_header_stdint_h=yes
ac_cv_header_stdlib_h=yes
ac_cv_header_string_h=yes
ac_cv_header_strings_h=yes
ac_cv_header_sys_stat_h=yes
ac_cv_header_sys_types_h=yes
ac_cv_header_unistd_h=yes
ac_cv_host=aarch64-apple-darwin
ac_cv_objext=o
ac_cv_path_EGREP='/usr/bin/grep -E'
ac_cv_path_FGREP='/usr/bin/grep -F'
ac_cv_path_GREP=/usr/bin/grep
ac_cv_path_SED=/usr/bin/sed
ac_cv_path_install='/usr/local/bin/ginstall -c'
ac_cv_path_mkdir=/usr/local/bin/gmkdir
ac_cv_prog_AWK=awk
ac_cv_prog_CC='xcrun -sdk iphoneos clang -Wno-error=unused-command-line-argument-hard-error-in-future'
ac_cv_prog_CPP='xcrun -sdk iphoneos clang -Wno-error=unused-command-line-argument-hard-error-in-future -E'
ac_cv_prog_CXXCPP='xcrun -sdk iphoneos clang -Wno-error=unused-command-line-argument-hard-error-in-future -E'
ac_cv_prog_STRIP=strip
ac_cv_prog_ac_ct_AR=ar
ac_cv_prog_ac_ct_DSYMUTIL=dsymutil
ac_cv_prog_ac_ct_DUMPBIN='link -dump'
ac_cv_prog_ac_ct_LIPO=lipo
ac_cv_prog_ac_ct_NMEDIT=nmedit
ac_cv_prog_ac_ct_OBJDUMP=objdump
ac_cv_prog_ac_ct_OTOOL=otool
ac_cv_prog_ac_ct_RANLIB=ranlib
ac_cv_prog_ac_ct_STRIP=strip
ac_cv_prog_cc_c89=
ac_cv_prog_cc_g=yes
ac_cv_prog_cxx_g=yes
ac_cv_prog_make_make_set=yes
ac_cv_search_sin='none required'
am_cv_CC_dependencies_compiler_type=gcc3
am_cv_CXX_dependencies_compiler_type=gcc3
am_cv_make_support_nested_variables=yes
am_cv_prog_tar_ustar=gnutar
lt_cv_apple_cc_single_mod=yes
lt_cv_ar_at_file=no
lt_cv_deplibs_check_method=pass_all
lt_cv_file_magic_cmd='$MAGIC_CMD'
lt_cv_file_magic_test_file=
lt_cv_ld_exported_symbols_list=yes
lt_cv_ld_force_load=yes
lt_cv_ld_reload_flag=-r
lt_cv_nm_interface='BSD nm'
lt_cv_objdir=.libs
lt_cv_path_LD=/Applications/Xcode.app/Contents/Developer/Toolchains/XcodeDefault.xctoolchain/usr/bin/ld
lt_cv_path_LDCXX=/Applications/Xcode.app/Contents/Developer/Toolchains/XcodeDefault.xctoolchain/usr/bin/ld
lt_cv_path_NM=no
lt_cv_path_mainfest_tool=no
lt_cv_prog_compiler_c_o=yes
lt_cv_prog_compiler_c_o_CXX=yes
lt_cv_prog_compiler_pic='-fno-common -DPIC'
lt_cv_prog_compiler_pic_CXX='-fno-common -DPIC'
lt_cv_prog_compiler_pic_works=yes
lt_cv_prog_compiler_pic_works_CXX=yes
lt_cv_prog_compiler_rtti_exceptions=yes
lt_cv_prog_compiler_static_works=no
lt_cv_prog_compiler_static_works_CXX=no
lt_cv_prog_gnu_ld=no
lt_cv_prog_gnu_ldcxx=no
lt_cv_sharedlib_from_linklib_cmd='printf %s\n'
lt_cv_sys_global_symbol_pipe='sed -n -e '\''s/^.*[	 ]\([BCDEGRST][BCDEGRST]*\)[	 ][	 ]*_\([_A-Za-z][_A-Za-z0-9]*\)$/\1 _\2 \2/p'\'' | sed '\''/ __gnu_lto/d'\'''
lt_cv_sys_global_symbol_to_c_name_address='sed -n -e '\''s/^: \([^ ]*\)[ ]*$/  {\"\1\", (void *) 0},/p'\'' -e '\''s/^[BCDEGRST]* \([^ ]*\) \([^ ]*\)$/  {"\2", (void *) \&\2},/p'\'''
lt_cv_sys_global_symbol_to_c_name_address_lib_prefix='sed -n -e '\''s/^: \([^ ]*\)[ ]*$/  {\"\1\", (void *) 0},/p'\'' -e '\''s/^[BCDEGRST]* \([^ ]*\) \(lib[^ ]*\)$/  {"\2", (void *) \&\2},/p'\'' -e '\''s/^[BCDEGRST]* \([^ ]*\) \([^ ]*\)$/  {"lib\2", (void *) \&\2},/p'\'''
lt_cv_sys_global_symbol_to_cdecl='sed -n -e '\''s/^T .* \(.*\)$/extern int \1();/p'\'' -e '\''s/^[BCDEGRST]* .* \(.*\)$/extern char \1;/p'\'''
lt_cv_sys_max_cmd_len=196608
lt_cv_to_host_file_cmd=func_convert_file_noop
lt_cv_to_tool_file_cmd=func_convert_file_noop

## ----------------- ##
## Output variables. ##
## ----------------- ##

ACLOCAL='${SHELL} /Users/xiaokai.zhan/book/workspace/cross_compile_project/FFmpeg-Compile-Source/build-fdk-aac/fdk-aac-0.1.4/missing --run aclocal-1.11'
AMDEPBACKSLASH='\'
AMDEP_FALSE='#'
AMDEP_TRUE=''
AMTAR='$${TAR-tar}'
AM_BACKSLASH='\'
AM_DEFAULT_V='$(AM_DEFAULT_VERBOSITY)'
AM_DEFAULT_VERBOSITY='0'
AM_V='$(V)'
AR='ar'
AUTOCONF='${SHELL} /Users/xiaokai.zhan/book/workspace/cross_compile_project/FFmpeg-Compile-Source/build-fdk-aac/fdk-aac-0.1.4/missing --run autoconf'
AUTOHEADER='${SHELL} /Users/xiaokai.zhan/book/workspace/cross_compile_project/FFmpeg-Compile-Source/build-fdk-aac/fdk-aac-0.1.4/missing --run autoheader'
AUTOMAKE='${SHELL} /Users/xiaokai.zhan/book/workspace/cross_compile_project/FFmpeg-Compile-Source/build-fdk-aac/fdk-aac-0.1.4/missing --run automake-1.11'
AWK='awk'
CC='xcrun -sdk iphoneos clang -Wno-error=unused-command-line-argument-hard-error-in-future'
CCDEPMODE='depmode=gcc3'
CFLAGS='-arch arm64 -mios-version-min=7.0'
CPP='xcrun -sdk iphoneos clang -Wno-error=unused-command-line-argument-hard-error-in-future -E'
CPPFLAGS='-arch arm64 -mios-version-min=7.0'
CXX='xcrun -sdk iphoneos clang -Wno-error=unused-command-line-argument-hard-error-in-future'
CXXCPP='xcrun -sdk iphoneos clang -Wno-error=unused-command-line-argument-hard-error-in-future -E'
CXXDEPMODE='depmode=gcc3'
CXXFLAGS='-g -O2'
CYGPATH_W='echo'
DEFS='-DPACKAGE_NAME=\"fdk-aac\" -DPACKAGE_TARNAME=\"fdk-aac\" -DPACKAGE_VERSION=\"0.1.4\" -DPACKAGE_STRING=\"fdk-aac\ 0.1.4\" -DPACKAGE_BUGREPORT=\"http://sourceforge.net/projects/opencore-amr/\" -DPACKAGE_URL=\"\" -DPACKAGE=\"fdk-aac\" -DVERSION=\"0.1.4\" -DSTDC_HEADERS=1 -DHAVE_SYS_TYPES_H=1 -DHAVE_SYS_STAT_H=1 -DHAVE_STDLIB_H=1 -DHAVE_STRING_H=1 -DHAVE_MEMORY_H=1 -DHAVE_STRINGS_H=1 -DHAVE_INTTYPES_H=1 -DHAVE_STDINT_H=1 -DHAVE_UNISTD_H=1 -DHAVE_DLFCN_H=1 -DLT_OBJDIR=\".libs/\"'
DEPDIR='.deps'
DLLTOOL='false'
DSYMUTIL='dsymutil'
DUMPBIN=':'
ECHO_C='\c'
ECHO_N=''
ECHO_T=''
EGREP='/usr/bin/grep -E'
EXAMPLE_FALSE=''
EXAMPLE_TRUE='#'
EXEEXT=''
FDK_AAC_VERSION='1:0:0'
FGREP='/usr/bin/grep -F'
GREP='/usr/bin/grep'
INSTALL_DATA='${INSTALL} -m 644'
INSTALL_PROGRAM='${INSTALL}'
INSTALL_SCRIPT='${INSTALL}'
INSTALL_STRIP_PROGRAM='$(install_sh) -c -s'
LD='/Applications/Xcode.app/Contents/Developer/Toolchains/XcodeDefault.xctoolchain/usr/bin/ld'
LDFLAGS='-arch arm64 -mios-version-min=7.0'
LIBOBJS=''
LIBS=''
LIBS_PRIVATE=''
LIBS_PUBLIC=''
LIBTOOL='$(SHELL) $(top_builddir)/libtool'
LIPO='lipo'
LN_S='ln -s'
LTLIBOBJS=''
MAKEINFO='${SHELL} /Users/xiaokai.zhan/book/workspace/cross_compile_project/FFmpeg-Compile-Source/build-fdk-aac/fdk-aac-0.1.4/missing --run makeinfo'
MANIFEST_TOOL=':'
MKDIR_P='/usr/local/bin/gmkdir -p'
NM='nm'
NMEDIT='nmedit'
OBJDUMP='objdump'
OBJEXT='o'
OTOOL64=':'
OTOOL='otool'
PACKAGE='fdk-aac'
PACKAGE_BUGREPORT='http://sourceforge.net/projects/opencore-amr/'
PACKAGE_NAME='fdk-aac'
PACKAGE_STRING='fdk-aac 0.1.4'
PACKAGE_TARNAME='fdk-aac'
PACKAGE_URL=''
PACKAGE_VERSION='0.1.4'
PATH_SEPARATOR=':'
RANLIB='ranlib'
SED='/usr/bin/sed'
SET_MAKE=''
SHELL='/bin/sh'
STRIP='strip'
VERSION='0.1.4'
ac_ct_AR='ar'
ac_ct_CC=''
ac_ct_CXX=''
ac_ct_DUMPBIN='link -dump'
am__EXEEXT_FALSE=''
am__EXEEXT_TRUE='#'
am__fastdepCC_FALSE='#'
am__fastdepCC_TRUE=''
am__fastdepCXX_FALSE='#'
am__fastdepCXX_TRUE=''
am__include='include'
am__isrc=' -I$(srcdir)'
am__leading_dot='.'
am__nodep='_no'
am__quote=''
am__tar='tar --format=ustar -chf - "$$tardir"'
am__untar='tar -xf -'
bindir='${exec_prefix}/bin'
build='x86_64-apple-darwin16.7.0'
build_alias=''
build_cpu='x86_64'
build_os='darwin16.7.0'
build_vendor='apple'
datadir='${datarootdir}'
datarootdir='${prefix}/share'
docdir='${datarootdir}/doc/${PACKAGE_TARNAME}'
dvidir='${docdir}'
exec_prefix='${prefix}'
host='aarch64-apple-darwin'
host_alias='aarch64-apple-darwin'
host_cpu='aarch64'
host_os='darwin'
host_vendor='apple'
htmldir='${docdir}'
includedir='${prefix}/include'
infodir='${datarootdir}/info'
install_sh='${SHELL} /Users/xiaokai.zhan/book/workspace/cross_compile_project/FFmpeg-Compile-Source/build-fdk-aac/fdk-aac-0.1.4/install-sh'
libdir='${exec_prefix}/lib'
libexecdir='${exec_prefix}/libexec'
localedir='${datarootdir}/locale'
localstatedir='${prefix}/var'
mandir='${datarootdir}/man'
mkdir_p='/usr/local/bin/gmkdir -p'
oldincludedir='/usr/include'
pdfdir='${docdir}'
prefix='/Users/xiaokai.zhan/book/workspace/cross_compile_project/FFmpeg-Compile-Source/build-fdk-aac/thin/arm64'
program_transform_name='s,x,x,'
psdir='${docdir}'
sbindir='${exec_prefix}/sbin'
sharedstatedir='${prefix}/com'
sysconfdir='${prefix}/etc'
target_alias=''

## ----------- ##
## confdefs.h. ##
## ----------- ##

/* confdefs.h */
#define PACKAGE_NAME "fdk-aac"
#define PACKAGE_TARNAME "fdk-aac"
#define PACKAGE_VERSION "0.1.4"
#define PACKAGE_STRING "fdk-aac 0.1.4"
#define PACKAGE_BUGREPORT "http://sourceforge.net/projects/opencore-amr/"
#define PACKAGE_URL ""
#define PACKAGE "fdk-aac"
#define VERSION "0.1.4"
#define STDC_HEADERS 1
#define HAVE_SYS_TYPES_H 1
#define HAVE_SYS_STAT_H 1
#define HAVE_STDLIB_H 1
#define HAVE_STRING_H 1
#define HAVE_MEMORY_H 1
#define HAVE_STRINGS_H 1
#define HAVE_INTTYPES_H 1
#define HAVE_STDINT_H 1
#define HAVE_UNISTD_H 1
#define HAVE_DLFCN_H 1
#define LT_OBJDIR ".libs/"

configure: exit 0
