This file contains any messages produced by compilers while
running configure, to aid debugging if configure makes a mistake.

It was created by fdk-aac configure 0.1.4, which was
generated by GNU Autoconf 2.69.  Invocation command line was

  $ ./configure --host=armv7a --enable-static --disable-shared --prefix=/Users/xiaokai.zhan/book/workspace/cross_compile_project/ffmpeg_2.8.5_android/external_libs/fdk-aac/build/armv7a/

## --------- ##
## Platform. ##
## --------- ##

hostname = XiaokaiZhandeMacBook-Pro.local
uname -m = x86_64
uname -r = 16.7.0
uname -s = Darwin
uname -v = Darwin Kernel Version 16.7.0: Thu Jun 15 17:36:27 PDT 2017; root:xnu-3789.70.16~2/RELEASE_X86_64

/usr/bin/uname -p = i386
/bin/uname -X     = unknown

/bin/arch              = unknown
/usr/bin/arch -k       = unknown
/usr/convex/getsysinfo = unknown
/usr/bin/hostinfo      = Mach kernel version:
	 Darwin Kernel Version 16.7.0: Thu Jun 15 17:36:27 PDT 2017; root:xnu-3789.70.16~2/RELEASE_X86_64
Kernel configured for up to 8 processors.
4 processors are physically available.
8 processors are logically available.
Processor type: x86_64h (Intel x86-64h Haswell)
Processors active: 0 1 2 3 4 5 6 7
Primary memory available: 16.00 gigabytes
Default processor set: 279 tasks, 1107 threads, 8 processors
Load average: 2.06, Mach factor: 5.93
/bin/machine           = unknown
/usr/bin/oslevel       = unknown
/bin/universe          = unknown

PATH: /Users/xiaokai.zhan/.rvm/gems/ruby-2.4.1/bin
PATH: /Users/xiaokai.zhan/.rvm/gems/ruby-2.4.1@global/bin
PATH: /Users/xiaokai.zhan/.rvm/rubies/ruby-2.4.1/bin
PATH: /usr/local/arcanist/bin/
PATH: /usr/local/libphutil/bin
PATH: /Users/xiaokai.zhan/soft/android-ndk-r10d
PATH: /Users/xiaokai.zhan/soft/sdk/platform-tools
PATH: /Users/xiaokai.zhan/libs/ffmpeg-2.8.5/install-path/bin
PATH: /usr/local/arcanist/bin/
PATH: /usr/local/libphutil/bin
PATH: /usr/local/bin
PATH: /usr/bin
PATH: /bin
PATH: /usr/sbin
PATH: /sbin
PATH: /Users/xiaokai.zhan/.rvm/bin
PATH: /Users/xiaokai.zhan/soft/android-ndk-r10d/toolchains/arm-linux-androideabi-4.6/prebuilt/darwin-x86_64/bin
PATH: /Users/xiaokai.zhan/soft/android-ndk-r10d/platforms/android-9/arch-arm/usr/include


## ----------- ##
## Core tests. ##
## ----------- ##

configure:2301: checking for a BSD-compatible install
configure:2369: result: /usr/local/bin/ginstall -c
configure:2380: checking whether build environment is sane
configure:2435: result: yes
configure:2494: checking for armv7a-strip
configure:2521: result: /Users/xiaokai.zhan/soft/android-ndk-r10d/toolchains/arm-linux-androideabi-4.6/prebuilt/darwin-x86_64/bin/arm-linux-androideabi-strip
configure:2586: checking for a thread-safe mkdir -p
configure:2625: result: /usr/local/bin/gmkdir -p
configure:2632: checking for gawk
configure:2662: result: no
configure:2632: checking for mawk
configure:2662: result: no
configure:2632: checking for nawk
configure:2662: result: no
configure:2632: checking for awk
configure:2648: found /usr/bin/awk
configure:2659: result: awk
configure:2670: checking whether make sets $(MAKE)
configure:2692: result: yes
configure:2721: checking whether make supports nested variables
configure:2738: result: yes
configure:2827: checking whether UID '501' is supported by ustar format
configure:2830: result: yes
configure:2837: checking whether GID '20' is supported by ustar format
configure:2840: result: yes
configure:2848: checking how to create a ustar tar archive
configure:2859: tar --version
bsdtar 2.8.3 - libarchive 2.8.3
configure:2862: $? = 0
configure:2902: tardir=conftest.dir && eval tar --format=ustar -chf - "$tardir" >conftest.tar
configure:2905: $? = 0
configure:2909: tar -xf - <conftest.tar
configure:2912: $? = 0
configure:2914: cat conftest.dir/file
GrepMe
configure:2917: $? = 0
configure:2930: result: gnutar
configure:2990: checking whether make supports nested variables
configure:3007: result: yes
configure:3044: checking for armv7a-gcc
configure:3071: result: /Users/xiaokai.zhan/soft/android-ndk-r10d/toolchains/arm-linux-androideabi-4.6/prebuilt/darwin-x86_64/bin/arm-linux-androideabi-gcc --sysroot=/Users/xiaokai.zhan/soft/android-ndk-r10d/platforms/android-9/arch-arm
configure:3340: checking for C compiler version
configure:3349: /Users/xiaokai.zhan/soft/android-ndk-r10d/toolchains/arm-linux-androideabi-4.6/prebuilt/darwin-x86_64/bin/arm-linux-androideabi-gcc --sysroot=/Users/xiaokai.zhan/soft/android-ndk-r10d/platforms/android-9/arch-arm --version >&5
arm-linux-androideabi-gcc (GCC) 4.6 20120106 (prerelease)
Copyright (C) 2011 Free Software Foundation, Inc.
This is free software; see the source for copying conditions.  There is NO
warranty; not even for MERCHANTABILITY or FITNESS FOR A PARTICULAR PURPOSE.

configure:3360: $? = 0
configure:3349: /Users/xiaokai.zhan/soft/android-ndk-r10d/toolchains/arm-linux-androideabi-4.6/prebuilt/darwin-x86_64/bin/arm-linux-androideabi-gcc --sysroot=/Users/xiaokai.zhan/soft/android-ndk-r10d/platforms/android-9/arch-arm -v >&5
Using built-in specs.
COLLECT_GCC=/Users/xiaokai.zhan/soft/android-ndk-r10d/toolchains/arm-linux-androideabi-4.6/prebuilt/darwin-x86_64/bin/arm-linux-androideabi-gcc
COLLECT_LTO_WRAPPER=/Users/xiaokai.zhan/soft/android-ndk-r10d/toolchains/arm-linux-androideabi-4.6/prebuilt/darwin-x86_64/bin/../libexec/gcc/arm-linux-androideabi/4.6/lto-wrapper
Target: arm-linux-androideabi
Configured with: /s/ndk-toolchain/src/build/../gcc/gcc-4.6/configure --prefix=/tmp/ndk-User/build/toolchain/prefix --target=arm-linux-androideabi --host=x86_64-apple-darwin --build=x86_64-apple-darwin --with-gnu-as --with-gnu-ld --enable-languages=c,c++ --with-gmp=/tmp/ndk-User/build/toolchain/temp-install --with-mpfr=/tmp/ndk-User/build/toolchain/temp-install --with-mpc=/tmp/ndk-User/build/toolchain/temp-install --with-cloog=/tmp/ndk-User/build/toolchain/temp-install --with-isl=/tmp/ndk-User/build/toolchain/temp-install --with-ppl=/tmp/ndk-User/build/toolchain/temp-install --disable-ppl-version-check --disable-cloog-version-check --disable-isl-version-check --enable-cloog-backend=isl --with-host-libstdcxx='-static-libgcc -lstdc++ -lm' --disable-libssp --enable-threads --disable-nls --disable-libmudflap --disable-libgomp --disable-libstdc__-v3 --disable-sjlj-exceptions --disable-shared --disable-tls --disable-libitm --with-float=soft --with-fpu=vfp --with-arch=armv5te --enable-target-optspace --enable-initfini-array --disable-nls --prefix=/tmp/ndk-User/build/toolchain/prefix --with-sysroot=/tmp/ndk-User/build/toolchain/prefix/sysroot --with-binutils-version=2.21 --with-mpfr-version=3.1.1 --with-mpc-version=1.0.1 --with-gmp-version=5.0.5 --with-gcc-version=4.6 --with-gdb-version=7.3.x --with-python=/Users/User/mydroid/ndk/prebuilt/darwin-x86_64/bin/python-config.sh --with-gxx-include-dir=/tmp/ndk-User/build/toolchain/prefix/include/c++/4.6 --with-bugurl=http://source.android.com/source/report-bugs.html --enable-languages=c,c++ --disable-bootstrap --enable-plugins --enable-libgomp --disable-libsanitizer --enable-gold --enable-graphite=yes --with-cloog-version=0.18.0 --with-ppl-version=1.0 --enable-eh-frame-hdr-for-static --with-arch=armv5te --program-transform-name='s&^&arm-linux-androideabi-&' --enable-gold=default
Thread model: posix
gcc version 4.6 20120106 (prerelease) (GCC) 
configure:3360: $? = 0
configure:3349: /Users/xiaokai.zhan/soft/android-ndk-r10d/toolchains/arm-linux-androideabi-4.6/prebuilt/darwin-x86_64/bin/arm-linux-androideabi-gcc --sysroot=/Users/xiaokai.zhan/soft/android-ndk-r10d/platforms/android-9/arch-arm -V >&5
arm-linux-androideabi-gcc: error: unrecognized option '-V'
arm-linux-androideabi-gcc: fatal error: no input files
compilation terminated.
configure:3360: $? = 1
configure:3349: /Users/xiaokai.zhan/soft/android-ndk-r10d/toolchains/arm-linux-androideabi-4.6/prebuilt/darwin-x86_64/bin/arm-linux-androideabi-gcc --sysroot=/Users/xiaokai.zhan/soft/android-ndk-r10d/platforms/android-9/arch-arm -qversion >&5
arm-linux-androideabi-gcc: error: unrecognized option '-qversion'
arm-linux-androideabi-gcc: fatal error: no input files
compilation terminated.
configure:3360: $? = 1
configure:3380: checking whether the C compiler works
configure:3402: /Users/xiaokai.zhan/soft/android-ndk-r10d/toolchains/arm-linux-androideabi-4.6/prebuilt/darwin-x86_64/bin/arm-linux-androideabi-gcc --sysroot=/Users/xiaokai.zhan/soft/android-ndk-r10d/platforms/android-9/arch-arm -I/Users/xiaokai.zhan/soft/android-ndk-r10d/platforms/android-9/arch-arm/usr/include  -fpic -mthumb-interwork -ffunction-sections -funwind-tables -fstack-protector -fno-short-enums -D__ARM_ARCH_5__ -D__ARM_ARCH_5T__ -D__ARM_ARCH_5E__ -D__ARM_ARCH_5TE__  -Wno-psabi -march=armv7-a -mtune=xscale -msoft-float -mthumb -Os -fomit-frame-pointer -fno-strict-aliasing -finline-limit=64 -DANDROID  -Wa,--noexecstack -MMD -MP -I/Users/xiaokai.zhan/soft/android-ndk-r10d/platforms/android-9/arch-arm/usr/include  -fpic -mthumb-interwork -ffunction-sections -funwind-tables -fstack-protector -fno-short-enums -D__ARM_ARCH_5__ -D__ARM_ARCH_5T__ -D__ARM_ARCH_5E__ -D__ARM_ARCH_5TE__  -Wno-psabi -march=armv7-a -mtune=xscale -msoft-float -mthumb -Os -fomit-frame-pointer -fno-strict-aliasing -finline-limit=64 -DANDROID  -Wa,--noexecstack -MMD -MP -L/Users/xiaokai.zhan/soft/android-ndk-r10d/platforms/android-9/arch-arm/usr/lib -L/Users/xiaokai.zhan/soft/android-ndk-r10d/toolchains/arm-linux-androideabi-4.6/prebuilt/darwin-x86_64/arm-linux-androideabi/lib conftest.c  >&5
configure:3406: $? = 0
configure:3454: result: yes
configure:3457: checking for C compiler default output file name
configure:3459: result: a.out
configure:3465: checking for suffix of executables
configure:3472: /Users/xiaokai.zhan/soft/android-ndk-r10d/toolchains/arm-linux-androideabi-4.6/prebuilt/darwin-x86_64/bin/arm-linux-androideabi-gcc --sysroot=/Users/xiaokai.zhan/soft/android-ndk-r10d/platforms/android-9/arch-arm -o conftest -I/Users/xiaokai.zhan/soft/android-ndk-r10d/platforms/android-9/arch-arm/usr/include  -fpic -mthumb-interwork -ffunction-sections -funwind-tables -fstack-protector -fno-short-enums -D__ARM_ARCH_5__ -D__ARM_ARCH_5T__ -D__ARM_ARCH_5E__ -D__ARM_ARCH_5TE__  -Wno-psabi -march=armv7-a -mtune=xscale -msoft-float -mthumb -Os -fomit-frame-pointer -fno-strict-aliasing -finline-limit=64 -DANDROID  -Wa,--noexecstack -MMD -MP -I/Users/xiaokai.zhan/soft/android-ndk-r10d/platforms/android-9/arch-arm/usr/include  -fpic -mthumb-interwork -ffunction-sections -funwind-tables -fstack-protector -fno-short-enums -D__ARM_ARCH_5__ -D__ARM_ARCH_5T__ -D__ARM_ARCH_5E__ -D__ARM_ARCH_5TE__  -Wno-psabi -march=armv7-a -mtune=xscale -msoft-float -mthumb -Os -fomit-frame-pointer -fno-strict-aliasing -finline-limit=64 -DANDROID  -Wa,--noexecstack -MMD -MP -L/Users/xiaokai.zhan/soft/android-ndk-r10d/platforms/android-9/arch-arm/usr/lib -L/Users/xiaokai.zhan/soft/android-ndk-r10d/toolchains/arm-linux-androideabi-4.6/prebuilt/darwin-x86_64/arm-linux-androideabi/lib conftest.c  >&5
configure:3476: $? = 0
configure:3498: result: 
configure:3520: checking whether we are cross compiling
configure:3528: /Users/xiaokai.zhan/soft/android-ndk-r10d/toolchains/arm-linux-androideabi-4.6/prebuilt/darwin-x86_64/bin/arm-linux-androideabi-gcc --sysroot=/Users/xiaokai.zhan/soft/android-ndk-r10d/platforms/android-9/arch-arm -o conftest -I/Users/xiaokai.zhan/soft/android-ndk-r10d/platforms/android-9/arch-arm/usr/include  -fpic -mthumb-interwork -ffunction-sections -funwind-tables -fstack-protector -fno-short-enums -D__ARM_ARCH_5__ -D__ARM_ARCH_5T__ -D__ARM_ARCH_5E__ -D__ARM_ARCH_5TE__  -Wno-psabi -march=armv7-a -mtune=xscale -msoft-float -mthumb -Os -fomit-frame-pointer -fno-strict-aliasing -finline-limit=64 -DANDROID  -Wa,--noexecstack -MMD -MP -I/Users/xiaokai.zhan/soft/android-ndk-r10d/platforms/android-9/arch-arm/usr/include  -fpic -mthumb-interwork -ffunction-sections -funwind-tables -fstack-protector -fno-short-enums -D__ARM_ARCH_5__ -D__ARM_ARCH_5T__ -D__ARM_ARCH_5E__ -D__ARM_ARCH_5TE__  -Wno-psabi -march=armv7-a -mtune=xscale -msoft-float -mthumb -Os -fomit-frame-pointer -fno-strict-aliasing -finline-limit=64 -DANDROID  -Wa,--noexecstack -MMD -MP -L/Users/xiaokai.zhan/soft/android-ndk-r10d/platforms/android-9/arch-arm/usr/lib -L/Users/xiaokai.zhan/soft/android-ndk-r10d/toolchains/arm-linux-androideabi-4.6/prebuilt/darwin-x86_64/arm-linux-androideabi/lib conftest.c  >&5
configure:3532: $? = 0
configure:3539: ./conftest
./configure: line 3541: ./conftest: cannot execute binary file
configure:3543: $? = 126
configure:3558: result: yes
configure:3563: checking for suffix of object files
configure:3585: /Users/xiaokai.zhan/soft/android-ndk-r10d/toolchains/arm-linux-androideabi-4.6/prebuilt/darwin-x86_64/bin/arm-linux-androideabi-gcc --sysroot=/Users/xiaokai.zhan/soft/android-ndk-r10d/platforms/android-9/arch-arm -c -I/Users/xiaokai.zhan/soft/android-ndk-r10d/platforms/android-9/arch-arm/usr/include  -fpic -mthumb-interwork -ffunction-sections -funwind-tables -fstack-protector -fno-short-enums -D__ARM_ARCH_5__ -D__ARM_ARCH_5T__ -D__ARM_ARCH_5E__ -D__ARM_ARCH_5TE__  -Wno-psabi -march=armv7-a -mtune=xscale -msoft-float -mthumb -Os -fomit-frame-pointer -fno-strict-aliasing -finline-limit=64 -DANDROID  -Wa,--noexecstack -MMD -MP -I/Users/xiaokai.zhan/soft/android-ndk-r10d/platforms/android-9/arch-arm/usr/include  -fpic -mthumb-interwork -ffunction-sections -funwind-tables -fstack-protector -fno-short-enums -D__ARM_ARCH_5__ -D__ARM_ARCH_5T__ -D__ARM_ARCH_5E__ -D__ARM_ARCH_5TE__  -Wno-psabi -march=armv7-a -mtune=xscale -msoft-float -mthumb -Os -fomit-frame-pointer -fno-strict-aliasing -finline-limit=64 -DANDROID  -Wa,--noexecstack -MMD -MP conftest.c >&5
configure:3589: $? = 0
configure:3610: result: o
configure:3614: checking whether we are using the GNU C compiler
configure:3633: /Users/xiaokai.zhan/soft/android-ndk-r10d/toolchains/arm-linux-androideabi-4.6/prebuilt/darwin-x86_64/bin/arm-linux-androideabi-gcc --sysroot=/Users/xiaokai.zhan/soft/android-ndk-r10d/platforms/android-9/arch-arm -c -I/Users/xiaokai.zhan/soft/android-ndk-r10d/platforms/android-9/arch-arm/usr/include  -fpic -mthumb-interwork -ffunction-sections -funwind-tables -fstack-protector -fno-short-enums -D__ARM_ARCH_5__ -D__ARM_ARCH_5T__ -D__ARM_ARCH_5E__ -D__ARM_ARCH_5TE__  -Wno-psabi -march=armv7-a -mtune=xscale -msoft-float -mthumb -Os -fomit-frame-pointer -fno-strict-aliasing -finline-limit=64 -DANDROID  -Wa,--noexecstack -MMD -MP -I/Users/xiaokai.zhan/soft/android-ndk-r10d/platforms/android-9/arch-arm/usr/include  -fpic -mthumb-interwork -ffunction-sections -funwind-tables -fstack-protector -fno-short-enums -D__ARM_ARCH_5__ -D__ARM_ARCH_5T__ -D__ARM_ARCH_5E__ -D__ARM_ARCH_5TE__  -Wno-psabi -march=armv7-a -mtune=xscale -msoft-float -mthumb -Os -fomit-frame-pointer -fno-strict-aliasing -finline-limit=64 -DANDROID  -Wa,--noexecstack -MMD -MP conftest.c >&5
configure:3633: $? = 0
configure:3642: result: yes
configure:3651: checking whether /Users/xiaokai.zhan/soft/android-ndk-r10d/toolchains/arm-linux-androideabi-4.6/prebuilt/darwin-x86_64/bin/arm-linux-androideabi-gcc --sysroot=/Users/xiaokai.zhan/soft/android-ndk-r10d/platforms/android-9/arch-arm accepts -g
configure:3671: /Users/xiaokai.zhan/soft/android-ndk-r10d/toolchains/arm-linux-androideabi-4.6/prebuilt/darwin-x86_64/bin/arm-linux-androideabi-gcc --sysroot=/Users/xiaokai.zhan/soft/android-ndk-r10d/platforms/android-9/arch-arm -c -g -I/Users/xiaokai.zhan/soft/android-ndk-r10d/platforms/android-9/arch-arm/usr/include  -fpic -mthumb-interwork -ffunction-sections -funwind-tables -fstack-protector -fno-short-enums -D__ARM_ARCH_5__ -D__ARM_ARCH_5T__ -D__ARM_ARCH_5E__ -D__ARM_ARCH_5TE__  -Wno-psabi -march=armv7-a -mtune=xscale -msoft-float -mthumb -Os -fomit-frame-pointer -fno-strict-aliasing -finline-limit=64 -DANDROID  -Wa,--noexecstack -MMD -MP conftest.c >&5
configure:3671: $? = 0
configure:3712: result: yes
configure:3729: checking for /Users/xiaokai.zhan/soft/android-ndk-r10d/toolchains/arm-linux-androideabi-4.6/prebuilt/darwin-x86_64/bin/arm-linux-androideabi-gcc --sysroot=/Users/xiaokai.zhan/soft/android-ndk-r10d/platforms/android-9/arch-arm option to accept ISO C89
configure:3792: /Users/xiaokai.zhan/soft/android-ndk-r10d/toolchains/arm-linux-androideabi-4.6/prebuilt/darwin-x86_64/bin/arm-linux-androideabi-gcc --sysroot=/Users/xiaokai.zhan/soft/android-ndk-r10d/platforms/android-9/arch-arm  -c -I/Users/xiaokai.zhan/soft/android-ndk-r10d/platforms/android-9/arch-arm/usr/include  -fpic -mthumb-interwork -ffunction-sections -funwind-tables -fstack-protector -fno-short-enums -D__ARM_ARCH_5__ -D__ARM_ARCH_5T__ -D__ARM_ARCH_5E__ -D__ARM_ARCH_5TE__  -Wno-psabi -march=armv7-a -mtune=xscale -msoft-float -mthumb -Os -fomit-frame-pointer -fno-strict-aliasing -finline-limit=64 -DANDROID  -Wa,--noexecstack -MMD -MP -I/Users/xiaokai.zhan/soft/android-ndk-r10d/platforms/android-9/arch-arm/usr/include  -fpic -mthumb-interwork -ffunction-sections -funwind-tables -fstack-protector -fno-short-enums -D__ARM_ARCH_5__ -D__ARM_ARCH_5T__ -D__ARM_ARCH_5E__ -D__ARM_ARCH_5TE__  -Wno-psabi -march=armv7-a -mtune=xscale -msoft-float -mthumb -Os -fomit-frame-pointer -fno-strict-aliasing -finline-limit=64 -DANDROID  -Wa,--noexecstack -MMD -MP conftest.c >&5
configure:3792: $? = 0
configure:3805: result: none needed
configure:3830: checking whether /Users/xiaokai.zhan/soft/android-ndk-r10d/toolchains/arm-linux-androideabi-4.6/prebuilt/darwin-x86_64/bin/arm-linux-androideabi-gcc --sysroot=/Users/xiaokai.zhan/soft/android-ndk-r10d/platforms/android-9/arch-arm understands -c and -o together
configure:3852: /Users/xiaokai.zhan/soft/android-ndk-r10d/toolchains/arm-linux-androideabi-4.6/prebuilt/darwin-x86_64/bin/arm-linux-androideabi-gcc --sysroot=/Users/xiaokai.zhan/soft/android-ndk-r10d/platforms/android-9/arch-arm -c conftest.c -o conftest2.o
configure:3855: $? = 0
configure:3852: /Users/xiaokai.zhan/soft/android-ndk-r10d/toolchains/arm-linux-androideabi-4.6/prebuilt/darwin-x86_64/bin/arm-linux-androideabi-gcc --sysroot=/Users/xiaokai.zhan/soft/android-ndk-r10d/platforms/android-9/arch-arm -c conftest.c -o conftest2.o
configure:3855: $? = 0
configure:3867: result: yes
configure:3895: checking for style of include used by make
configure:3923: result: GNU
configure:3949: checking dependency style of /Users/xiaokai.zhan/soft/android-ndk-r10d/toolchains/arm-linux-androideabi-4.6/prebuilt/darwin-x86_64/bin/arm-linux-androideabi-gcc --sysroot=/Users/xiaokai.zhan/soft/android-ndk-r10d/platforms/android-9/arch-arm
configure:4060: result: gcc3
configure:4187: checking for C++ compiler version
configure:4196: /Users/xiaokai.zhan/soft/android-ndk-r10d/toolchains/arm-linux-androideabi-4.6/prebuilt/darwin-x86_64/bin/arm-linux-androideabi-g++ --sysroot=/Users/xiaokai.zhan/soft/android-ndk-r10d/platforms/android-9/arch-arm --version >&5
arm-linux-androideabi-g++ (GCC) 4.6 20120106 (prerelease)
Copyright (C) 2011 Free Software Foundation, Inc.
This is free software; see the source for copying conditions.  There is NO
warranty; not even for MERCHANTABILITY or FITNESS FOR A PARTICULAR PURPOSE.

configure:4207: $? = 0
configure:4196: /Users/xiaokai.zhan/soft/android-ndk-r10d/toolchains/arm-linux-androideabi-4.6/prebuilt/darwin-x86_64/bin/arm-linux-androideabi-g++ --sysroot=/Users/xiaokai.zhan/soft/android-ndk-r10d/platforms/android-9/arch-arm -v >&5
Using built-in specs.
COLLECT_GCC=/Users/xiaokai.zhan/soft/android-ndk-r10d/toolchains/arm-linux-androideabi-4.6/prebuilt/darwin-x86_64/bin/arm-linux-androideabi-g++
COLLECT_LTO_WRAPPER=/Users/xiaokai.zhan/soft/android-ndk-r10d/toolchains/arm-linux-androideabi-4.6/prebuilt/darwin-x86_64/bin/../libexec/gcc/arm-linux-androideabi/4.6/lto-wrapper
Target: arm-linux-androideabi
Configured with: /s/ndk-toolchain/src/build/../gcc/gcc-4.6/configure --prefix=/tmp/ndk-User/build/toolchain/prefix --target=arm-linux-androideabi --host=x86_64-apple-darwin --build=x86_64-apple-darwin --with-gnu-as --with-gnu-ld --enable-languages=c,c++ --with-gmp=/tmp/ndk-User/build/toolchain/temp-install --with-mpfr=/tmp/ndk-User/build/toolchain/temp-install --with-mpc=/tmp/ndk-User/build/toolchain/temp-install --with-cloog=/tmp/ndk-User/build/toolchain/temp-install --with-isl=/tmp/ndk-User/build/toolchain/temp-install --with-ppl=/tmp/ndk-User/build/toolchain/temp-install --disable-ppl-version-check --disable-cloog-version-check --disable-isl-version-check --enable-cloog-backend=isl --with-host-libstdcxx='-static-libgcc -lstdc++ -lm' --disable-libssp --enable-threads --disable-nls --disable-libmudflap --disable-libgomp --disable-libstdc__-v3 --disable-sjlj-exceptions --disable-shared --disable-tls --disable-libitm --with-float=soft --with-fpu=vfp --with-arch=armv5te --enable-target-optspace --enable-initfini-array --disable-nls --prefix=/tmp/ndk-User/build/toolchain/prefix --with-sysroot=/tmp/ndk-User/build/toolchain/prefix/sysroot --with-binutils-version=2.21 --with-mpfr-version=3.1.1 --with-mpc-version=1.0.1 --with-gmp-version=5.0.5 --with-gcc-version=4.6 --with-gdb-version=7.3.x --with-python=/Users/User/mydroid/ndk/prebuilt/darwin-x86_64/bin/python-config.sh --with-gxx-include-dir=/tmp/ndk-User/build/toolchain/prefix/include/c++/4.6 --with-bugurl=http://source.android.com/source/report-bugs.html --enable-languages=c,c++ --disable-bootstrap --enable-plugins --enable-libgomp --disable-libsanitizer --enable-gold --enable-graphite=yes --with-cloog-version=0.18.0 --with-ppl-version=1.0 --enable-eh-frame-hdr-for-static --with-arch=armv5te --program-transform-name='s&^&arm-linux-androideabi-&' --enable-gold=default
Thread model: posix
gcc version 4.6 20120106 (prerelease) (GCC) 
configure:4207: $? = 0
configure:4196: /Users/xiaokai.zhan/soft/android-ndk-r10d/toolchains/arm-linux-androideabi-4.6/prebuilt/darwin-x86_64/bin/arm-linux-androideabi-g++ --sysroot=/Users/xiaokai.zhan/soft/android-ndk-r10d/platforms/android-9/arch-arm -V >&5
arm-linux-androideabi-g++: error: unrecognized option '-V'
arm-linux-androideabi-g++: fatal error: no input files
compilation terminated.
configure:4207: $? = 1
configure:4196: /Users/xiaokai.zhan/soft/android-ndk-r10d/toolchains/arm-linux-androideabi-4.6/prebuilt/darwin-x86_64/bin/arm-linux-androideabi-g++ --sysroot=/Users/xiaokai.zhan/soft/android-ndk-r10d/platforms/android-9/arch-arm -qversion >&5
arm-linux-androideabi-g++: error: unrecognized option '-qversion'
arm-linux-androideabi-g++: fatal error: no input files
compilation terminated.
configure:4207: $? = 1
configure:4211: checking whether we are using the GNU C++ compiler
configure:4230: /Users/xiaokai.zhan/soft/android-ndk-r10d/toolchains/arm-linux-androideabi-4.6/prebuilt/darwin-x86_64/bin/arm-linux-androideabi-g++ --sysroot=/Users/xiaokai.zhan/soft/android-ndk-r10d/platforms/android-9/arch-arm -c -I/Users/xiaokai.zhan/soft/android-ndk-r10d/platforms/android-9/arch-arm/usr/include  -fpic -mthumb-interwork -ffunction-sections -funwind-tables -fstack-protector -fno-short-enums -D__ARM_ARCH_5__ -D__ARM_ARCH_5T__ -D__ARM_ARCH_5E__ -D__ARM_ARCH_5TE__  -Wno-psabi -march=armv7-a -mtune=xscale -msoft-float -mthumb -Os -fomit-frame-pointer -fno-strict-aliasing -finline-limit=64 -DANDROID  -Wa,--noexecstack -MMD -MP -I/Users/xiaokai.zhan/soft/android-ndk-r10d/platforms/android-9/arch-arm/usr/include  -fpic -mthumb-interwork -ffunction-sections -funwind-tables -fstack-protector -fno-short-enums -D__ARM_ARCH_5__ -D__ARM_ARCH_5T__ -D__ARM_ARCH_5E__ -D__ARM_ARCH_5TE__  -Wno-psabi -march=armv7-a -mtune=xscale -msoft-float -mthumb -Os -fomit-frame-pointer -fno-strict-aliasing -finline-limit=64 -DANDROID  -Wa,--noexecstack -MMD -MP conftest.cpp >&5
configure:4230: $? = 0
configure:4239: result: yes
configure:4248: checking whether /Users/xiaokai.zhan/soft/android-ndk-r10d/toolchains/arm-linux-androideabi-4.6/prebuilt/darwin-x86_64/bin/arm-linux-androideabi-g++ --sysroot=/Users/xiaokai.zhan/soft/android-ndk-r10d/platforms/android-9/arch-arm accepts -g
configure:4268: /Users/xiaokai.zhan/soft/android-ndk-r10d/toolchains/arm-linux-androideabi-4.6/prebuilt/darwin-x86_64/bin/arm-linux-androideabi-g++ --sysroot=/Users/xiaokai.zhan/soft/android-ndk-r10d/platforms/android-9/arch-arm -c -g -I/Users/xiaokai.zhan/soft/android-ndk-r10d/platforms/android-9/arch-arm/usr/include  -fpic -mthumb-interwork -ffunction-sections -funwind-tables -fstack-protector -fno-short-enums -D__ARM_ARCH_5__ -D__ARM_ARCH_5T__ -D__ARM_ARCH_5E__ -D__ARM_ARCH_5TE__  -Wno-psabi -march=armv7-a -mtune=xscale -msoft-float -mthumb -Os -fomit-frame-pointer -fno-strict-aliasing -finline-limit=64 -DANDROID  -Wa,--noexecstack -MMD -MP conftest.cpp >&5
configure:4268: $? = 0
configure:4309: result: yes
configure:4334: checking dependency style of /Users/xiaokai.zhan/soft/android-ndk-r10d/toolchains/arm-linux-androideabi-4.6/prebuilt/darwin-x86_64/bin/arm-linux-androideabi-g++ --sysroot=/Users/xiaokai.zhan/soft/android-ndk-r10d/platforms/android-9/arch-arm
configure:4445: result: gcc3
configure:4489: checking build system type
configure:4503: result: x86_64-apple-darwin16.7.0
configure:4523: checking host system type
configure:4536: result: armv7a-unknown-none
configure:4577: checking how to print strings
configure:4604: result: printf
configure:4625: checking for a sed that does not truncate output
configure:4689: result: /usr/bin/sed
configure:4707: checking for grep that handles long lines and -e
configure:4765: result: /usr/bin/grep
configure:4770: checking for egrep
configure:4832: result: /usr/bin/grep -E
configure:4837: checking for fgrep
configure:4899: result: /usr/bin/grep -F
configure:4934: checking for ld used by /Users/xiaokai.zhan/soft/android-ndk-r10d/toolchains/arm-linux-androideabi-4.6/prebuilt/darwin-x86_64/bin/arm-linux-androideabi-gcc --sysroot=/Users/xiaokai.zhan/soft/android-ndk-r10d/platforms/android-9/arch-arm
configure:5001: result: /Users/xiaokai.zhan/soft/android-ndk-r10d/toolchains/arm-linux-androideabi-4.6/prebuilt/darwin-x86_64/bin/arm-linux-androideabi-ld
configure:5008: checking if the linker (/Users/xiaokai.zhan/soft/android-ndk-r10d/toolchains/arm-linux-androideabi-4.6/prebuilt/darwin-x86_64/bin/arm-linux-androideabi-ld) is GNU ld
configure:5023: result: yes
configure:5035: checking for BSD- or MS-compatible name lister (nm)
configure:5084: result: /Users/xiaokai.zhan/soft/android-ndk-r10d/toolchains/arm-linux-androideabi-4.6/prebuilt/darwin-x86_64/bin/arm-linux-androideabi-nm
configure:5214: checking the name lister (/Users/xiaokai.zhan/soft/android-ndk-r10d/toolchains/arm-linux-androideabi-4.6/prebuilt/darwin-x86_64/bin/arm-linux-androideabi-nm) interface
configure:5221: /Users/xiaokai.zhan/soft/android-ndk-r10d/toolchains/arm-linux-androideabi-4.6/prebuilt/darwin-x86_64/bin/arm-linux-androideabi-gcc --sysroot=/Users/xiaokai.zhan/soft/android-ndk-r10d/platforms/android-9/arch-arm -c -I/Users/xiaokai.zhan/soft/android-ndk-r10d/platforms/android-9/arch-arm/usr/include  -fpic -mthumb-interwork -ffunction-sections -funwind-tables -fstack-protector -fno-short-enums -D__ARM_ARCH_5__ -D__ARM_ARCH_5T__ -D__ARM_ARCH_5E__ -D__ARM_ARCH_5TE__  -Wno-psabi -march=armv7-a -mtune=xscale -msoft-float -mthumb -Os -fomit-frame-pointer -fno-strict-aliasing -finline-limit=64 -DANDROID  -Wa,--noexecstack -MMD -MP -I/Users/xiaokai.zhan/soft/android-ndk-r10d/platforms/android-9/arch-arm/usr/include  -fpic -mthumb-interwork -ffunction-sections -funwind-tables -fstack-protector -fno-short-enums -D__ARM_ARCH_5__ -D__ARM_ARCH_5T__ -D__ARM_ARCH_5E__ -D__ARM_ARCH_5TE__  -Wno-psabi -march=armv7-a -mtune=xscale -msoft-float -mthumb -Os -fomit-frame-pointer -fno-strict-aliasing -finline-limit=64 -DANDROID  -Wa,--noexecstack -MMD -MP conftest.c >&5
configure:5224: /Users/xiaokai.zhan/soft/android-ndk-r10d/toolchains/arm-linux-androideabi-4.6/prebuilt/darwin-x86_64/bin/arm-linux-androideabi-nm "conftest.o"
configure:5227: output
00000000 B some_variable
configure:5234: result: BSD nm
configure:5237: checking whether ln -s works
configure:5241: result: yes
configure:5249: checking the maximum length of command line arguments
configure:5379: result: 196608
configure:5396: checking whether the shell understands some XSI constructs
configure:5406: result: yes
configure:5410: checking whether the shell understands "+="
configure:5416: result: yes
configure:5451: checking how to convert x86_64-apple-darwin16.7.0 file names to armv7a-unknown-none format
configure:5491: result: func_convert_file_noop
configure:5498: checking how to convert x86_64-apple-darwin16.7.0 file names to toolchain format
configure:5518: result: func_convert_file_noop
configure:5525: checking for /Users/xiaokai.zhan/soft/android-ndk-r10d/toolchains/arm-linux-androideabi-4.6/prebuilt/darwin-x86_64/bin/arm-linux-androideabi-ld option to reload object files
configure:5532: result: -r
configure:5566: checking for armv7a-objdump
configure:5596: result: no
configure:5606: checking for objdump
configure:5622: found /usr/bin/objdump
configure:5633: result: objdump
configure:5645: WARNING: using cross tools not prefixed with host triplet
configure:5665: checking how to recognize dependent libraries
configure:5867: result: unknown
configure:5912: checking for armv7a-dlltool
configure:5942: result: no
configure:5952: checking for dlltool
configure:5982: result: no
configure:6012: checking how to associate runtime and link libraries
configure:6039: result: printf %s\n
configure:6056: checking for armv7a-ar
configure:6083: result: /Users/xiaokai.zhan/soft/android-ndk-r10d/toolchains/arm-linux-androideabi-4.6/prebuilt/darwin-x86_64/bin/arm-linux-androideabi-ar
configure:6164: checking for archiver @FILE support
configure:6181: /Users/xiaokai.zhan/soft/android-ndk-r10d/toolchains/arm-linux-androideabi-4.6/prebuilt/darwin-x86_64/bin/arm-linux-androideabi-gcc --sysroot=/Users/xiaokai.zhan/soft/android-ndk-r10d/platforms/android-9/arch-arm -c -I/Users/xiaokai.zhan/soft/android-ndk-r10d/platforms/android-9/arch-arm/usr/include  -fpic -mthumb-interwork -ffunction-sections -funwind-tables -fstack-protector -fno-short-enums -D__ARM_ARCH_5__ -D__ARM_ARCH_5T__ -D__ARM_ARCH_5E__ -D__ARM_ARCH_5TE__  -Wno-psabi -march=armv7-a -mtune=xscale -msoft-float -mthumb -Os -fomit-frame-pointer -fno-strict-aliasing -finline-limit=64 -DANDROID  -Wa,--noexecstack -MMD -MP -I/Users/xiaokai.zhan/soft/android-ndk-r10d/platforms/android-9/arch-arm/usr/include  -fpic -mthumb-interwork -ffunction-sections -funwind-tables -fstack-protector -fno-short-enums -D__ARM_ARCH_5__ -D__ARM_ARCH_5T__ -D__ARM_ARCH_5E__ -D__ARM_ARCH_5TE__  -Wno-psabi -march=armv7-a -mtune=xscale -msoft-float -mthumb -Os -fomit-frame-pointer -fno-strict-aliasing -finline-limit=64 -DANDROID  -Wa,--noexecstack -MMD -MP conftest.c >&5
configure:6181: $? = 0
configure:6184: /Users/xiaokai.zhan/soft/android-ndk-r10d/toolchains/arm-linux-androideabi-4.6/prebuilt/darwin-x86_64/bin/arm-linux-androideabi-ar cru libconftest.a @conftest.lst >&5
configure:6187: $? = 0
configure:6192: /Users/xiaokai.zhan/soft/android-ndk-r10d/toolchains/arm-linux-androideabi-4.6/prebuilt/darwin-x86_64/bin/arm-linux-androideabi-ar cru libconftest.a @conftest.lst >&5
/Users/xiaokai.zhan/soft/android-ndk-r10d/toolchains/arm-linux-androideabi-4.6/prebuilt/darwin-x86_64/bin/arm-linux-androideabi-ar: conftest.o: No such file or directory
configure:6195: $? = 1
configure:6207: result: @
configure:6225: checking for armv7a-strip
configure:6252: result: /Users/xiaokai.zhan/soft/android-ndk-r10d/toolchains/arm-linux-androideabi-4.6/prebuilt/darwin-x86_64/bin/arm-linux-androideabi-strip
configure:6324: checking for armv7a-ranlib
configure:6351: result: /Users/xiaokai.zhan/soft/android-ndk-r10d/toolchains/arm-linux-androideabi-4.6/prebuilt/darwin-x86_64/bin/arm-linux-androideabi-ranlib
configure:6493: checking command to parse /Users/xiaokai.zhan/soft/android-ndk-r10d/toolchains/arm-linux-androideabi-4.6/prebuilt/darwin-x86_64/bin/arm-linux-androideabi-nm output from /Users/xiaokai.zhan/soft/android-ndk-r10d/toolchains/arm-linux-androideabi-4.6/prebuilt/darwin-x86_64/bin/arm-linux-androideabi-gcc --sysroot=/Users/xiaokai.zhan/soft/android-ndk-r10d/platforms/android-9/arch-arm object
configure:6613: /Users/xiaokai.zhan/soft/android-ndk-r10d/toolchains/arm-linux-androideabi-4.6/prebuilt/darwin-x86_64/bin/arm-linux-androideabi-gcc --sysroot=/Users/xiaokai.zhan/soft/android-ndk-r10d/platforms/android-9/arch-arm -c -I/Users/xiaokai.zhan/soft/android-ndk-r10d/platforms/android-9/arch-arm/usr/include  -fpic -mthumb-interwork -ffunction-sections -funwind-tables -fstack-protector -fno-short-enums -D__ARM_ARCH_5__ -D__ARM_ARCH_5T__ -D__ARM_ARCH_5E__ -D__ARM_ARCH_5TE__  -Wno-psabi -march=armv7-a -mtune=xscale -msoft-float -mthumb -Os -fomit-frame-pointer -fno-strict-aliasing -finline-limit=64 -DANDROID  -Wa,--noexecstack -MMD -MP -I/Users/xiaokai.zhan/soft/android-ndk-r10d/platforms/android-9/arch-arm/usr/include  -fpic -mthumb-interwork -ffunction-sections -funwind-tables -fstack-protector -fno-short-enums -D__ARM_ARCH_5__ -D__ARM_ARCH_5T__ -D__ARM_ARCH_5E__ -D__ARM_ARCH_5TE__  -Wno-psabi -march=armv7-a -mtune=xscale -msoft-float -mthumb -Os -fomit-frame-pointer -fno-strict-aliasing -finline-limit=64 -DANDROID  -Wa,--noexecstack -MMD -MP conftest.c >&5
configure:6616: $? = 0
configure:6620: /Users/xiaokai.zhan/soft/android-ndk-r10d/toolchains/arm-linux-androideabi-4.6/prebuilt/darwin-x86_64/bin/arm-linux-androideabi-nm conftest.o \| sed -n -e 's/^.*[ ]\([ABCDGIRSTW][ABCDGIRSTW]*\)[ ][ ]*\([_A-Za-z][_A-Za-z0-9]*\)$/\1 \2 \2/p' | sed '/ __gnu_lto/d' \> conftest.nm
configure:6623: $? = 0
configure:6689: /Users/xiaokai.zhan/soft/android-ndk-r10d/toolchains/arm-linux-androideabi-4.6/prebuilt/darwin-x86_64/bin/arm-linux-androideabi-gcc --sysroot=/Users/xiaokai.zhan/soft/android-ndk-r10d/platforms/android-9/arch-arm -o conftest -I/Users/xiaokai.zhan/soft/android-ndk-r10d/platforms/android-9/arch-arm/usr/include  -fpic -mthumb-interwork -ffunction-sections -funwind-tables -fstack-protector -fno-short-enums -D__ARM_ARCH_5__ -D__ARM_ARCH_5T__ -D__ARM_ARCH_5E__ -D__ARM_ARCH_5TE__  -Wno-psabi -march=armv7-a -mtune=xscale -msoft-float -mthumb -Os -fomit-frame-pointer -fno-strict-aliasing -finline-limit=64 -DANDROID  -Wa,--noexecstack -MMD -MP -I/Users/xiaokai.zhan/soft/android-ndk-r10d/platforms/android-9/arch-arm/usr/include  -fpic -mthumb-interwork -ffunction-sections -funwind-tables -fstack-protector -fno-short-enums -D__ARM_ARCH_5__ -D__ARM_ARCH_5T__ -D__ARM_ARCH_5E__ -D__ARM_ARCH_5TE__  -Wno-psabi -march=armv7-a -mtune=xscale -msoft-float -mthumb -Os -fomit-frame-pointer -fno-strict-aliasing -finline-limit=64 -DANDROID  -Wa,--noexecstack -MMD -MP -L/Users/xiaokai.zhan/soft/android-ndk-r10d/platforms/android-9/arch-arm/usr/lib -L/Users/xiaokai.zhan/soft/android-ndk-r10d/toolchains/arm-linux-androideabi-4.6/prebuilt/darwin-x86_64/arm-linux-androideabi/lib conftest.c conftstm.o >&5
configure:6692: $? = 0
configure:6730: result: ok
configure:6767: checking for sysroot
configure:6797: result: no
configure:7013: checking for armv7a-mt
configure:7043: result: no
configure:7053: checking for mt
configure:7083: result: no
configure:7103: checking if : is a manifest tool
configure:7109: : '-?'
configure:7117: result: no
configure:7759: checking how to run the C preprocessor
configure:7790: /Users/xiaokai.zhan/soft/android-ndk-r10d/toolchains/arm-linux-androideabi-4.6/prebuilt/darwin-x86_64/bin/arm-linux-androideabi-gcc --sysroot=/Users/xiaokai.zhan/soft/android-ndk-r10d/platforms/android-9/arch-arm -E -I/Users/xiaokai.zhan/soft/android-ndk-r10d/platforms/android-9/arch-arm/usr/include  -fpic -mthumb-interwork -ffunction-sections -funwind-tables -fstack-protector -fno-short-enums -D__ARM_ARCH_5__ -D__ARM_ARCH_5T__ -D__ARM_ARCH_5E__ -D__ARM_ARCH_5TE__  -Wno-psabi -march=armv7-a -mtune=xscale -msoft-float -mthumb -Os -fomit-frame-pointer -fno-strict-aliasing -finline-limit=64 -DANDROID  -Wa,--noexecstack -MMD -MP conftest.c
configure:7790: $? = 0
configure:7804: /Users/xiaokai.zhan/soft/android-ndk-r10d/toolchains/arm-linux-androideabi-4.6/prebuilt/darwin-x86_64/bin/arm-linux-androideabi-gcc --sysroot=/Users/xiaokai.zhan/soft/android-ndk-r10d/platforms/android-9/arch-arm -E -I/Users/xiaokai.zhan/soft/android-ndk-r10d/platforms/android-9/arch-arm/usr/include  -fpic -mthumb-interwork -ffunction-sections -funwind-tables -fstack-protector -fno-short-enums -D__ARM_ARCH_5__ -D__ARM_ARCH_5T__ -D__ARM_ARCH_5E__ -D__ARM_ARCH_5TE__  -Wno-psabi -march=armv7-a -mtune=xscale -msoft-float -mthumb -Os -fomit-frame-pointer -fno-strict-aliasing -finline-limit=64 -DANDROID  -Wa,--noexecstack -MMD -MP conftest.c
conftest.c:11:28: fatal error: ac_nonexistent.h: No such file or directory
compilation terminated.
configure:7804: $? = 1
configure: failed program was:
| /* confdefs.h */
| #define PACKAGE_NAME "fdk-aac"
| #define PACKAGE_TARNAME "fdk-aac"
| #define PACKAGE_VERSION "0.1.4"
| #define PACKAGE_STRING "fdk-aac 0.1.4"
| #define PACKAGE_BUGREPORT "http://sourceforge.net/projects/opencore-amr/"
| #define PACKAGE_URL ""
| #define PACKAGE "fdk-aac"
| #define VERSION "0.1.4"
| /* end confdefs.h.  */
| #include <ac_nonexistent.h>
configure:7829: result: /Users/xiaokai.zhan/soft/android-ndk-r10d/toolchains/arm-linux-androideabi-4.6/prebuilt/darwin-x86_64/bin/arm-linux-androideabi-gcc --sysroot=/Users/xiaokai.zhan/soft/android-ndk-r10d/platforms/android-9/arch-arm -E
configure:7849: /Users/xiaokai.zhan/soft/android-ndk-r10d/toolchains/arm-linux-androideabi-4.6/prebuilt/darwin-x86_64/bin/arm-linux-androideabi-gcc --sysroot=/Users/xiaokai.zhan/soft/android-ndk-r10d/platforms/android-9/arch-arm -E -I/Users/xiaokai.zhan/soft/android-ndk-r10d/platforms/android-9/arch-arm/usr/include  -fpic -mthumb-interwork -ffunction-sections -funwind-tables -fstack-protector -fno-short-enums -D__ARM_ARCH_5__ -D__ARM_ARCH_5T__ -D__ARM_ARCH_5E__ -D__ARM_ARCH_5TE__  -Wno-psabi -march=armv7-a -mtune=xscale -msoft-float -mthumb -Os -fomit-frame-pointer -fno-strict-aliasing -finline-limit=64 -DANDROID  -Wa,--noexecstack -MMD -MP conftest.c
configure:7849: $? = 0
configure:7863: /Users/xiaokai.zhan/soft/android-ndk-r10d/toolchains/arm-linux-androideabi-4.6/prebuilt/darwin-x86_64/bin/arm-linux-androideabi-gcc --sysroot=/Users/xiaokai.zhan/soft/android-ndk-r10d/platforms/android-9/arch-arm -E -I/Users/xiaokai.zhan/soft/android-ndk-r10d/platforms/android-9/arch-arm/usr/include  -fpic -mthumb-interwork -ffunction-sections -funwind-tables -fstack-protector -fno-short-enums -D__ARM_ARCH_5__ -D__ARM_ARCH_5T__ -D__ARM_ARCH_5E__ -D__ARM_ARCH_5TE__  -Wno-psabi -march=armv7-a -mtune=xscale -msoft-float -mthumb -Os -fomit-frame-pointer -fno-strict-aliasing -finline-limit=64 -DANDROID  -Wa,--noexecstack -MMD -MP conftest.c
conftest.c:11:28: fatal error: ac_nonexistent.h: No such file or directory
compilation terminated.
configure:7863: $? = 1
configure: failed program was:
| /* confdefs.h */
| #define PACKAGE_NAME "fdk-aac"
| #define PACKAGE_TARNAME "fdk-aac"
| #define PACKAGE_VERSION "0.1.4"
| #define PACKAGE_STRING "fdk-aac 0.1.4"
| #define PACKAGE_BUGREPORT "http://sourceforge.net/projects/opencore-amr/"
| #define PACKAGE_URL ""
| #define PACKAGE "fdk-aac"
| #define VERSION "0.1.4"
| /* end confdefs.h.  */
| #include <ac_nonexistent.h>
configure:7892: checking for ANSI C header files
configure:7912: /Users/xiaokai.zhan/soft/android-ndk-r10d/toolchains/arm-linux-androideabi-4.6/prebuilt/darwin-x86_64/bin/arm-linux-androideabi-gcc --sysroot=/Users/xiaokai.zhan/soft/android-ndk-r10d/platforms/android-9/arch-arm -c -I/Users/xiaokai.zhan/soft/android-ndk-r10d/platforms/android-9/arch-arm/usr/include  -fpic -mthumb-interwork -ffunction-sections -funwind-tables -fstack-protector -fno-short-enums -D__ARM_ARCH_5__ -D__ARM_ARCH_5T__ -D__ARM_ARCH_5E__ -D__ARM_ARCH_5TE__  -Wno-psabi -march=armv7-a -mtune=xscale -msoft-float -mthumb -Os -fomit-frame-pointer -fno-strict-aliasing -finline-limit=64 -DANDROID  -Wa,--noexecstack -MMD -MP -I/Users/xiaokai.zhan/soft/android-ndk-r10d/platforms/android-9/arch-arm/usr/include  -fpic -mthumb-interwork -ffunction-sections -funwind-tables -fstack-protector -fno-short-enums -D__ARM_ARCH_5__ -D__ARM_ARCH_5T__ -D__ARM_ARCH_5E__ -D__ARM_ARCH_5TE__  -Wno-psabi -march=armv7-a -mtune=xscale -msoft-float -mthumb -Os -fomit-frame-pointer -fno-strict-aliasing -finline-limit=64 -DANDROID  -Wa,--noexecstack -MMD -MP conftest.c >&5
configure:7912: $? = 0
configure:7996: result: yes
configure:8009: checking for sys/types.h
configure:8009: /Users/xiaokai.zhan/soft/android-ndk-r10d/toolchains/arm-linux-androideabi-4.6/prebuilt/darwin-x86_64/bin/arm-linux-androideabi-gcc --sysroot=/Users/xiaokai.zhan/soft/android-ndk-r10d/platforms/android-9/arch-arm -c -I/Users/xiaokai.zhan/soft/android-ndk-r10d/platforms/android-9/arch-arm/usr/include  -fpic -mthumb-interwork -ffunction-sections -funwind-tables -fstack-protector -fno-short-enums -D__ARM_ARCH_5__ -D__ARM_ARCH_5T__ -D__ARM_ARCH_5E__ -D__ARM_ARCH_5TE__  -Wno-psabi -march=armv7-a -mtune=xscale -msoft-float -mthumb -Os -fomit-frame-pointer -fno-strict-aliasing -finline-limit=64 -DANDROID  -Wa,--noexecstack -MMD -MP -I/Users/xiaokai.zhan/soft/android-ndk-r10d/platforms/android-9/arch-arm/usr/include  -fpic -mthumb-interwork -ffunction-sections -funwind-tables -fstack-protector -fno-short-enums -D__ARM_ARCH_5__ -D__ARM_ARCH_5T__ -D__ARM_ARCH_5E__ -D__ARM_ARCH_5TE__  -Wno-psabi -march=armv7-a -mtune=xscale -msoft-float -mthumb -Os -fomit-frame-pointer -fno-strict-aliasing -finline-limit=64 -DANDROID  -Wa,--noexecstack -MMD -MP conftest.c >&5
configure:8009: $? = 0
configure:8009: result: yes
configure:8009: checking for sys/stat.h
configure:8009: /Users/xiaokai.zhan/soft/android-ndk-r10d/toolchains/arm-linux-androideabi-4.6/prebuilt/darwin-x86_64/bin/arm-linux-androideabi-gcc --sysroot=/Users/xiaokai.zhan/soft/android-ndk-r10d/platforms/android-9/arch-arm -c -I/Users/xiaokai.zhan/soft/android-ndk-r10d/platforms/android-9/arch-arm/usr/include  -fpic -mthumb-interwork -ffunction-sections -funwind-tables -fstack-protector -fno-short-enums -D__ARM_ARCH_5__ -D__ARM_ARCH_5T__ -D__ARM_ARCH_5E__ -D__ARM_ARCH_5TE__  -Wno-psabi -march=armv7-a -mtune=xscale -msoft-float -mthumb -Os -fomit-frame-pointer -fno-strict-aliasing -finline-limit=64 -DANDROID  -Wa,--noexecstack -MMD -MP -I/Users/xiaokai.zhan/soft/android-ndk-r10d/platforms/android-9/arch-arm/usr/include  -fpic -mthumb-interwork -ffunction-sections -funwind-tables -fstack-protector -fno-short-enums -D__ARM_ARCH_5__ -D__ARM_ARCH_5T__ -D__ARM_ARCH_5E__ -D__ARM_ARCH_5TE__  -Wno-psabi -march=armv7-a -mtune=xscale -msoft-float -mthumb -Os -fomit-frame-pointer -fno-strict-aliasing -finline-limit=64 -DANDROID  -Wa,--noexecstack -MMD -MP conftest.c >&5
configure:8009: $? = 0
configure:8009: result: yes
configure:8009: checking for stdlib.h
configure:8009: /Users/xiaokai.zhan/soft/android-ndk-r10d/toolchains/arm-linux-androideabi-4.6/prebuilt/darwin-x86_64/bin/arm-linux-androideabi-gcc --sysroot=/Users/xiaokai.zhan/soft/android-ndk-r10d/platforms/android-9/arch-arm -c -I/Users/xiaokai.zhan/soft/android-ndk-r10d/platforms/android-9/arch-arm/usr/include  -fpic -mthumb-interwork -ffunction-sections -funwind-tables -fstack-protector -fno-short-enums -D__ARM_ARCH_5__ -D__ARM_ARCH_5T__ -D__ARM_ARCH_5E__ -D__ARM_ARCH_5TE__  -Wno-psabi -march=armv7-a -mtune=xscale -msoft-float -mthumb -Os -fomit-frame-pointer -fno-strict-aliasing -finline-limit=64 -DANDROID  -Wa,--noexecstack -MMD -MP -I/Users/xiaokai.zhan/soft/android-ndk-r10d/platforms/android-9/arch-arm/usr/include  -fpic -mthumb-interwork -ffunction-sections -funwind-tables -fstack-protector -fno-short-enums -D__ARM_ARCH_5__ -D__ARM_ARCH_5T__ -D__ARM_ARCH_5E__ -D__ARM_ARCH_5TE__  -Wno-psabi -march=armv7-a -mtune=xscale -msoft-float -mthumb -Os -fomit-frame-pointer -fno-strict-aliasing -finline-limit=64 -DANDROID  -Wa,--noexecstack -MMD -MP conftest.c >&5
configure:8009: $? = 0
configure:8009: result: yes
configure:8009: checking for string.h
configure:8009: /Users/xiaokai.zhan/soft/android-ndk-r10d/toolchains/arm-linux-androideabi-4.6/prebuilt/darwin-x86_64/bin/arm-linux-androideabi-gcc --sysroot=/Users/xiaokai.zhan/soft/android-ndk-r10d/platforms/android-9/arch-arm -c -I/Users/xiaokai.zhan/soft/android-ndk-r10d/platforms/android-9/arch-arm/usr/include  -fpic -mthumb-interwork -ffunction-sections -funwind-tables -fstack-protector -fno-short-enums -D__ARM_ARCH_5__ -D__ARM_ARCH_5T__ -D__ARM_ARCH_5E__ -D__ARM_ARCH_5TE__  -Wno-psabi -march=armv7-a -mtune=xscale -msoft-float -mthumb -Os -fomit-frame-pointer -fno-strict-aliasing -finline-limit=64 -DANDROID  -Wa,--noexecstack -MMD -MP -I/Users/xiaokai.zhan/soft/android-ndk-r10d/platforms/android-9/arch-arm/usr/include  -fpic -mthumb-interwork -ffunction-sections -funwind-tables -fstack-protector -fno-short-enums -D__ARM_ARCH_5__ -D__ARM_ARCH_5T__ -D__ARM_ARCH_5E__ -D__ARM_ARCH_5TE__  -Wno-psabi -march=armv7-a -mtune=xscale -msoft-float -mthumb -Os -fomit-frame-pointer -fno-strict-aliasing -finline-limit=64 -DANDROID  -Wa,--noexecstack -MMD -MP conftest.c >&5
configure:8009: $? = 0
configure:8009: result: yes
configure:8009: checking for memory.h
configure:8009: /Users/xiaokai.zhan/soft/android-ndk-r10d/toolchains/arm-linux-androideabi-4.6/prebuilt/darwin-x86_64/bin/arm-linux-androideabi-gcc --sysroot=/Users/xiaokai.zhan/soft/android-ndk-r10d/platforms/android-9/arch-arm -c -I/Users/xiaokai.zhan/soft/android-ndk-r10d/platforms/android-9/arch-arm/usr/include  -fpic -mthumb-interwork -ffunction-sections -funwind-tables -fstack-protector -fno-short-enums -D__ARM_ARCH_5__ -D__ARM_ARCH_5T__ -D__ARM_ARCH_5E__ -D__ARM_ARCH_5TE__  -Wno-psabi -march=armv7-a -mtune=xscale -msoft-float -mthumb -Os -fomit-frame-pointer -fno-strict-aliasing -finline-limit=64 -DANDROID  -Wa,--noexecstack -MMD -MP -I/Users/xiaokai.zhan/soft/android-ndk-r10d/platforms/android-9/arch-arm/usr/include  -fpic -mthumb-interwork -ffunction-sections -funwind-tables -fstack-protector -fno-short-enums -D__ARM_ARCH_5__ -D__ARM_ARCH_5T__ -D__ARM_ARCH_5E__ -D__ARM_ARCH_5TE__  -Wno-psabi -march=armv7-a -mtune=xscale -msoft-float -mthumb -Os -fomit-frame-pointer -fno-strict-aliasing -finline-limit=64 -DANDROID  -Wa,--noexecstack -MMD -MP conftest.c >&5
configure:8009: $? = 0
configure:8009: result: yes
configure:8009: checking for strings.h
configure:8009: /Users/xiaokai.zhan/soft/android-ndk-r10d/toolchains/arm-linux-androideabi-4.6/prebuilt/darwin-x86_64/bin/arm-linux-androideabi-gcc --sysroot=/Users/xiaokai.zhan/soft/android-ndk-r10d/platforms/android-9/arch-arm -c -I/Users/xiaokai.zhan/soft/android-ndk-r10d/platforms/android-9/arch-arm/usr/include  -fpic -mthumb-interwork -ffunction-sections -funwind-tables -fstack-protector -fno-short-enums -D__ARM_ARCH_5__ -D__ARM_ARCH_5T__ -D__ARM_ARCH_5E__ -D__ARM_ARCH_5TE__  -Wno-psabi -march=armv7-a -mtune=xscale -msoft-float -mthumb -Os -fomit-frame-pointer -fno-strict-aliasing -finline-limit=64 -DANDROID  -Wa,--noexecstack -MMD -MP -I/Users/xiaokai.zhan/soft/android-ndk-r10d/platforms/android-9/arch-arm/usr/include  -fpic -mthumb-interwork -ffunction-sections -funwind-tables -fstack-protector -fno-short-enums -D__ARM_ARCH_5__ -D__ARM_ARCH_5T__ -D__ARM_ARCH_5E__ -D__ARM_ARCH_5TE__  -Wno-psabi -march=armv7-a -mtune=xscale -msoft-float -mthumb -Os -fomit-frame-pointer -fno-strict-aliasing -finline-limit=64 -DANDROID  -Wa,--noexecstack -MMD -MP conftest.c >&5
configure:8009: $? = 0
configure:8009: result: yes
configure:8009: checking for inttypes.h
configure:8009: /Users/xiaokai.zhan/soft/android-ndk-r10d/toolchains/arm-linux-androideabi-4.6/prebuilt/darwin-x86_64/bin/arm-linux-androideabi-gcc --sysroot=/Users/xiaokai.zhan/soft/android-ndk-r10d/platforms/android-9/arch-arm -c -I/Users/xiaokai.zhan/soft/android-ndk-r10d/platforms/android-9/arch-arm/usr/include  -fpic -mthumb-interwork -ffunction-sections -funwind-tables -fstack-protector -fno-short-enums -D__ARM_ARCH_5__ -D__ARM_ARCH_5T__ -D__ARM_ARCH_5E__ -D__ARM_ARCH_5TE__  -Wno-psabi -march=armv7-a -mtune=xscale -msoft-float -mthumb -Os -fomit-frame-pointer -fno-strict-aliasing -finline-limit=64 -DANDROID  -Wa,--noexecstack -MMD -MP -I/Users/xiaokai.zhan/soft/android-ndk-r10d/platforms/android-9/arch-arm/usr/include  -fpic -mthumb-interwork -ffunction-sections -funwind-tables -fstack-protector -fno-short-enums -D__ARM_ARCH_5__ -D__ARM_ARCH_5T__ -D__ARM_ARCH_5E__ -D__ARM_ARCH_5TE__  -Wno-psabi -march=armv7-a -mtune=xscale -msoft-float -mthumb -Os -fomit-frame-pointer -fno-strict-aliasing -finline-limit=64 -DANDROID  -Wa,--noexecstack -MMD -MP conftest.c >&5
configure:8009: $? = 0
configure:8009: result: yes
configure:8009: checking for stdint.h
configure:8009: /Users/xiaokai.zhan/soft/android-ndk-r10d/toolchains/arm-linux-androideabi-4.6/prebuilt/darwin-x86_64/bin/arm-linux-androideabi-gcc --sysroot=/Users/xiaokai.zhan/soft/android-ndk-r10d/platforms/android-9/arch-arm -c -I/Users/xiaokai.zhan/soft/android-ndk-r10d/platforms/android-9/arch-arm/usr/include  -fpic -mthumb-interwork -ffunction-sections -funwind-tables -fstack-protector -fno-short-enums -D__ARM_ARCH_5__ -D__ARM_ARCH_5T__ -D__ARM_ARCH_5E__ -D__ARM_ARCH_5TE__  -Wno-psabi -march=armv7-a -mtune=xscale -msoft-float -mthumb -Os -fomit-frame-pointer -fno-strict-aliasing -finline-limit=64 -DANDROID  -Wa,--noexecstack -MMD -MP -I/Users/xiaokai.zhan/soft/android-ndk-r10d/platforms/android-9/arch-arm/usr/include  -fpic -mthumb-interwork -ffunction-sections -funwind-tables -fstack-protector -fno-short-enums -D__ARM_ARCH_5__ -D__ARM_ARCH_5T__ -D__ARM_ARCH_5E__ -D__ARM_ARCH_5TE__  -Wno-psabi -march=armv7-a -mtune=xscale -msoft-float -mthumb -Os -fomit-frame-pointer -fno-strict-aliasing -finline-limit=64 -DANDROID  -Wa,--noexecstack -MMD -MP conftest.c >&5
configure:8009: $? = 0
configure:8009: result: yes
configure:8009: checking for unistd.h
configure:8009: /Users/xiaokai.zhan/soft/android-ndk-r10d/toolchains/arm-linux-androideabi-4.6/prebuilt/darwin-x86_64/bin/arm-linux-androideabi-gcc --sysroot=/Users/xiaokai.zhan/soft/android-ndk-r10d/platforms/android-9/arch-arm -c -I/Users/xiaokai.zhan/soft/android-ndk-r10d/platforms/android-9/arch-arm/usr/include  -fpic -mthumb-interwork -ffunction-sections -funwind-tables -fstack-protector -fno-short-enums -D__ARM_ARCH_5__ -D__ARM_ARCH_5T__ -D__ARM_ARCH_5E__ -D__ARM_ARCH_5TE__  -Wno-psabi -march=armv7-a -mtune=xscale -msoft-float -mthumb -Os -fomit-frame-pointer -fno-strict-aliasing -finline-limit=64 -DANDROID  -Wa,--noexecstack -MMD -MP -I/Users/xiaokai.zhan/soft/android-ndk-r10d/platforms/android-9/arch-arm/usr/include  -fpic -mthumb-interwork -ffunction-sections -funwind-tables -fstack-protector -fno-short-enums -D__ARM_ARCH_5__ -D__ARM_ARCH_5T__ -D__ARM_ARCH_5E__ -D__ARM_ARCH_5TE__  -Wno-psabi -march=armv7-a -mtune=xscale -msoft-float -mthumb -Os -fomit-frame-pointer -fno-strict-aliasing -finline-limit=64 -DANDROID  -Wa,--noexecstack -MMD -MP conftest.c >&5
configure:8009: $? = 0
configure:8009: result: yes
configure:8023: checking for dlfcn.h
configure:8023: /Users/xiaokai.zhan/soft/android-ndk-r10d/toolchains/arm-linux-androideabi-4.6/prebuilt/darwin-x86_64/bin/arm-linux-androideabi-gcc --sysroot=/Users/xiaokai.zhan/soft/android-ndk-r10d/platforms/android-9/arch-arm -c -I/Users/xiaokai.zhan/soft/android-ndk-r10d/platforms/android-9/arch-arm/usr/include  -fpic -mthumb-interwork -ffunction-sections -funwind-tables -fstack-protector -fno-short-enums -D__ARM_ARCH_5__ -D__ARM_ARCH_5T__ -D__ARM_ARCH_5E__ -D__ARM_ARCH_5TE__  -Wno-psabi -march=armv7-a -mtune=xscale -msoft-float -mthumb -Os -fomit-frame-pointer -fno-strict-aliasing -finline-limit=64 -DANDROID  -Wa,--noexecstack -MMD -MP -I/Users/xiaokai.zhan/soft/android-ndk-r10d/platforms/android-9/arch-arm/usr/include  -fpic -mthumb-interwork -ffunction-sections -funwind-tables -fstack-protector -fno-short-enums -D__ARM_ARCH_5__ -D__ARM_ARCH_5T__ -D__ARM_ARCH_5E__ -D__ARM_ARCH_5TE__  -Wno-psabi -march=armv7-a -mtune=xscale -msoft-float -mthumb -Os -fomit-frame-pointer -fno-strict-aliasing -finline-limit=64 -DANDROID  -Wa,--noexecstack -MMD -MP conftest.c >&5
configure:8023: $? = 0
configure:8023: result: yes
configure:8240: checking for objdir
configure:8255: result: .libs
configure:8526: checking if /Users/xiaokai.zhan/soft/android-ndk-r10d/toolchains/arm-linux-androideabi-4.6/prebuilt/darwin-x86_64/bin/arm-linux-androideabi-gcc --sysroot=/Users/xiaokai.zhan/soft/android-ndk-r10d/platforms/android-9/arch-arm supports -fno-rtti -fno-exceptions
configure:8544: /Users/xiaokai.zhan/soft/android-ndk-r10d/toolchains/arm-linux-androideabi-4.6/prebuilt/darwin-x86_64/bin/arm-linux-androideabi-gcc --sysroot=/Users/xiaokai.zhan/soft/android-ndk-r10d/platforms/android-9/arch-arm -c -I/Users/xiaokai.zhan/soft/android-ndk-r10d/platforms/android-9/arch-arm/usr/include  -fpic -mthumb-interwork -ffunction-sections -funwind-tables -fstack-protector -fno-short-enums -D__ARM_ARCH_5__ -D__ARM_ARCH_5T__ -D__ARM_ARCH_5E__ -D__ARM_ARCH_5TE__  -Wno-psabi -march=armv7-a -mtune=xscale -msoft-float -mthumb -Os -fomit-frame-pointer -fno-strict-aliasing -finline-limit=64 -DANDROID  -Wa,--noexecstack -MMD -MP -I/Users/xiaokai.zhan/soft/android-ndk-r10d/platforms/android-9/arch-arm/usr/include  -fpic -mthumb-interwork -ffunction-sections -funwind-tables -fstack-protector -fno-short-enums -D__ARM_ARCH_5__ -D__ARM_ARCH_5T__ -D__ARM_ARCH_5E__ -D__ARM_ARCH_5TE__  -Wno-psabi -march=armv7-a -mtune=xscale -msoft-float -mthumb -Os -fomit-frame-pointer -fno-strict-aliasing -finline-limit=64 -DANDROID  -Wa,--noexecstack -MMD -MP -fno-rtti -fno-exceptions conftest.c >&5
cc1: warning: command line option '-fno-rtti' is valid for C++/ObjC++ but not for C [enabled by default]
configure:8548: $? = 0
configure:8561: result: no
configure:8888: checking for /Users/xiaokai.zhan/soft/android-ndk-r10d/toolchains/arm-linux-androideabi-4.6/prebuilt/darwin-x86_64/bin/arm-linux-androideabi-gcc --sysroot=/Users/xiaokai.zhan/soft/android-ndk-r10d/platforms/android-9/arch-arm option to produce PIC
configure:8895: result: -fPIC -DPIC
configure:8903: checking if /Users/xiaokai.zhan/soft/android-ndk-r10d/toolchains/arm-linux-androideabi-4.6/prebuilt/darwin-x86_64/bin/arm-linux-androideabi-gcc --sysroot=/Users/xiaokai.zhan/soft/android-ndk-r10d/platforms/android-9/arch-arm PIC flag -fPIC -DPIC works
configure:8921: /Users/xiaokai.zhan/soft/android-ndk-r10d/toolchains/arm-linux-androideabi-4.6/prebuilt/darwin-x86_64/bin/arm-linux-androideabi-gcc --sysroot=/Users/xiaokai.zhan/soft/android-ndk-r10d/platforms/android-9/arch-arm -c -I/Users/xiaokai.zhan/soft/android-ndk-r10d/platforms/android-9/arch-arm/usr/include  -fpic -mthumb-interwork -ffunction-sections -funwind-tables -fstack-protector -fno-short-enums -D__ARM_ARCH_5__ -D__ARM_ARCH_5T__ -D__ARM_ARCH_5E__ -D__ARM_ARCH_5TE__  -Wno-psabi -march=armv7-a -mtune=xscale -msoft-float -mthumb -Os -fomit-frame-pointer -fno-strict-aliasing -finline-limit=64 -DANDROID  -Wa,--noexecstack -MMD -MP -I/Users/xiaokai.zhan/soft/android-ndk-r10d/platforms/android-9/arch-arm/usr/include  -fpic -mthumb-interwork -ffunction-sections -funwind-tables -fstack-protector -fno-short-enums -D__ARM_ARCH_5__ -D__ARM_ARCH_5T__ -D__ARM_ARCH_5E__ -D__ARM_ARCH_5TE__  -Wno-psabi -march=armv7-a -mtune=xscale -msoft-float -mthumb -Os -fomit-frame-pointer -fno-strict-aliasing -finline-limit=64 -DANDROID  -Wa,--noexecstack -MMD -MP -fPIC -DPIC -DPIC conftest.c >&5
configure:8925: $? = 0
configure:8938: result: yes
configure:8967: checking if /Users/xiaokai.zhan/soft/android-ndk-r10d/toolchains/arm-linux-androideabi-4.6/prebuilt/darwin-x86_64/bin/arm-linux-androideabi-gcc --sysroot=/Users/xiaokai.zhan/soft/android-ndk-r10d/platforms/android-9/arch-arm static flag -static works
configure:8995: result: yes
configure:9010: checking if /Users/xiaokai.zhan/soft/android-ndk-r10d/toolchains/arm-linux-androideabi-4.6/prebuilt/darwin-x86_64/bin/arm-linux-androideabi-gcc --sysroot=/Users/xiaokai.zhan/soft/android-ndk-r10d/platforms/android-9/arch-arm supports -c -o file.o
configure:9031: /Users/xiaokai.zhan/soft/android-ndk-r10d/toolchains/arm-linux-androideabi-4.6/prebuilt/darwin-x86_64/bin/arm-linux-androideabi-gcc --sysroot=/Users/xiaokai.zhan/soft/android-ndk-r10d/platforms/android-9/arch-arm -c -I/Users/xiaokai.zhan/soft/android-ndk-r10d/platforms/android-9/arch-arm/usr/include  -fpic -mthumb-interwork -ffunction-sections -funwind-tables -fstack-protector -fno-short-enums -D__ARM_ARCH_5__ -D__ARM_ARCH_5T__ -D__ARM_ARCH_5E__ -D__ARM_ARCH_5TE__  -Wno-psabi -march=armv7-a -mtune=xscale -msoft-float -mthumb -Os -fomit-frame-pointer -fno-strict-aliasing -finline-limit=64 -DANDROID  -Wa,--noexecstack -MMD -MP -I/Users/xiaokai.zhan/soft/android-ndk-r10d/platforms/android-9/arch-arm/usr/include  -fpic -mthumb-interwork -ffunction-sections -funwind-tables -fstack-protector -fno-short-enums -D__ARM_ARCH_5__ -D__ARM_ARCH_5T__ -D__ARM_ARCH_5E__ -D__ARM_ARCH_5TE__  -Wno-psabi -march=armv7-a -mtune=xscale -msoft-float -mthumb -Os -fomit-frame-pointer -fno-strict-aliasing -finline-limit=64 -DANDROID  -Wa,--noexecstack -MMD -MP -o out/conftest2.o conftest.c >&5
configure:9035: $? = 0
configure:9057: result: yes
configure:9065: checking if /Users/xiaokai.zhan/soft/android-ndk-r10d/toolchains/arm-linux-androideabi-4.6/prebuilt/darwin-x86_64/bin/arm-linux-androideabi-gcc --sysroot=/Users/xiaokai.zhan/soft/android-ndk-r10d/platforms/android-9/arch-arm supports -c -o file.o
configure:9112: result: yes
configure:9145: checking whether the /Users/xiaokai.zhan/soft/android-ndk-r10d/toolchains/arm-linux-androideabi-4.6/prebuilt/darwin-x86_64/bin/arm-linux-androideabi-gcc --sysroot=/Users/xiaokai.zhan/soft/android-ndk-r10d/platforms/android-9/arch-arm linker (/Users/xiaokai.zhan/soft/android-ndk-r10d/toolchains/arm-linux-androideabi-4.6/prebuilt/darwin-x86_64/bin/arm-linux-androideabi-ld) supports shared libraries
configure:10298: result: yes
configure:10538: checking dynamic linker characteristics
configure:11271: result: no
configure:11378: checking how to hardcode library paths into programs
configure:11403: result: immediate
configure:11943: checking whether stripping libraries is possible
configure:11948: result: yes
configure:11983: checking if libtool supports shared libraries
configure:11985: result: no
configure:11988: checking whether to build shared libraries
configure:12009: result: no
configure:12012: checking whether to build static libraries
configure:12016: result: yes
configure:12039: checking how to run the C++ preprocessor
configure:12066: /Users/xiaokai.zhan/soft/android-ndk-r10d/toolchains/arm-linux-androideabi-4.6/prebuilt/darwin-x86_64/bin/arm-linux-androideabi-g++ --sysroot=/Users/xiaokai.zhan/soft/android-ndk-r10d/platforms/android-9/arch-arm -E -I/Users/xiaokai.zhan/soft/android-ndk-r10d/platforms/android-9/arch-arm/usr/include  -fpic -mthumb-interwork -ffunction-sections -funwind-tables -fstack-protector -fno-short-enums -D__ARM_ARCH_5__ -D__ARM_ARCH_5T__ -D__ARM_ARCH_5E__ -D__ARM_ARCH_5TE__  -Wno-psabi -march=armv7-a -mtune=xscale -msoft-float -mthumb -Os -fomit-frame-pointer -fno-strict-aliasing -finline-limit=64 -DANDROID  -Wa,--noexecstack -MMD -MP conftest.cpp
configure:12066: $? = 0
configure:12080: /Users/xiaokai.zhan/soft/android-ndk-r10d/toolchains/arm-linux-androideabi-4.6/prebuilt/darwin-x86_64/bin/arm-linux-androideabi-g++ --sysroot=/Users/xiaokai.zhan/soft/android-ndk-r10d/platforms/android-9/arch-arm -E -I/Users/xiaokai.zhan/soft/android-ndk-r10d/platforms/android-9/arch-arm/usr/include  -fpic -mthumb-interwork -ffunction-sections -funwind-tables -fstack-protector -fno-short-enums -D__ARM_ARCH_5__ -D__ARM_ARCH_5T__ -D__ARM_ARCH_5E__ -D__ARM_ARCH_5TE__  -Wno-psabi -march=armv7-a -mtune=xscale -msoft-float -mthumb -Os -fomit-frame-pointer -fno-strict-aliasing -finline-limit=64 -DANDROID  -Wa,--noexecstack -MMD -MP conftest.cpp
conftest.cpp:23:28: fatal error: ac_nonexistent.h: No such file or directory
compilation terminated.
configure:12080: $? = 1
configure: failed program was:
| /* confdefs.h */
| #define PACKAGE_NAME "fdk-aac"
| #define PACKAGE_TARNAME "fdk-aac"
| #define PACKAGE_VERSION "0.1.4"
| #define PACKAGE_STRING "fdk-aac 0.1.4"
| #define PACKAGE_BUGREPORT "http://sourceforge.net/projects/opencore-amr/"
| #define PACKAGE_URL ""
| #define PACKAGE "fdk-aac"
| #define VERSION "0.1.4"
| #define STDC_HEADERS 1
| #define HAVE_SYS_TYPES_H 1
| #define HAVE_SYS_STAT_H 1
| #define HAVE_STDLIB_H 1
| #define HAVE_STRING_H 1
| #define HAVE_MEMORY_H 1
| #define HAVE_STRINGS_H 1
| #define HAVE_INTTYPES_H 1
| #define HAVE_STDINT_H 1
| #define HAVE_UNISTD_H 1
| #define HAVE_DLFCN_H 1
| #define LT_OBJDIR ".libs/"
| /* end confdefs.h.  */
| #include <ac_nonexistent.h>
configure:12105: result: /Users/xiaokai.zhan/soft/android-ndk-r10d/toolchains/arm-linux-androideabi-4.6/prebuilt/darwin-x86_64/bin/arm-linux-androideabi-g++ --sysroot=/Users/xiaokai.zhan/soft/android-ndk-r10d/platforms/android-9/arch-arm -E
configure:12125: /Users/xiaokai.zhan/soft/android-ndk-r10d/toolchains/arm-linux-androideabi-4.6/prebuilt/darwin-x86_64/bin/arm-linux-androideabi-g++ --sysroot=/Users/xiaokai.zhan/soft/android-ndk-r10d/platforms/android-9/arch-arm -E -I/Users/xiaokai.zhan/soft/android-ndk-r10d/platforms/android-9/arch-arm/usr/include  -fpic -mthumb-interwork -ffunction-sections -funwind-tables -fstack-protector -fno-short-enums -D__ARM_ARCH_5__ -D__ARM_ARCH_5T__ -D__ARM_ARCH_5E__ -D__ARM_ARCH_5TE__  -Wno-psabi -march=armv7-a -mtune=xscale -msoft-float -mthumb -Os -fomit-frame-pointer -fno-strict-aliasing -finline-limit=64 -DANDROID  -Wa,--noexecstack -MMD -MP conftest.cpp
configure:12125: $? = 0
configure:12139: /Users/xiaokai.zhan/soft/android-ndk-r10d/toolchains/arm-linux-androideabi-4.6/prebuilt/darwin-x86_64/bin/arm-linux-androideabi-g++ --sysroot=/Users/xiaokai.zhan/soft/android-ndk-r10d/platforms/android-9/arch-arm -E -I/Users/xiaokai.zhan/soft/android-ndk-r10d/platforms/android-9/arch-arm/usr/include  -fpic -mthumb-interwork -ffunction-sections -funwind-tables -fstack-protector -fno-short-enums -D__ARM_ARCH_5__ -D__ARM_ARCH_5T__ -D__ARM_ARCH_5E__ -D__ARM_ARCH_5TE__  -Wno-psabi -march=armv7-a -mtune=xscale -msoft-float -mthumb -Os -fomit-frame-pointer -fno-strict-aliasing -finline-limit=64 -DANDROID  -Wa,--noexecstack -MMD -MP conftest.cpp
conftest.cpp:23:28: fatal error: ac_nonexistent.h: No such file or directory
compilation terminated.
configure:12139: $? = 1
configure: failed program was:
| /* confdefs.h */
| #define PACKAGE_NAME "fdk-aac"
| #define PACKAGE_TARNAME "fdk-aac"
| #define PACKAGE_VERSION "0.1.4"
| #define PACKAGE_STRING "fdk-aac 0.1.4"
| #define PACKAGE_BUGREPORT "http://sourceforge.net/projects/opencore-amr/"
| #define PACKAGE_URL ""
| #define PACKAGE "fdk-aac"
| #define VERSION "0.1.4"
| #define STDC_HEADERS 1
| #define HAVE_SYS_TYPES_H 1
| #define HAVE_SYS_STAT_H 1
| #define HAVE_STDLIB_H 1
| #define HAVE_STRING_H 1
| #define HAVE_MEMORY_H 1
| #define HAVE_STRINGS_H 1
| #define HAVE_INTTYPES_H 1
| #define HAVE_STDINT_H 1
| #define HAVE_UNISTD_H 1
| #define HAVE_DLFCN_H 1
| #define LT_OBJDIR ".libs/"
| /* end confdefs.h.  */
| #include <ac_nonexistent.h>
configure:12308: checking for ld used by /Users/xiaokai.zhan/soft/android-ndk-r10d/toolchains/arm-linux-androideabi-4.6/prebuilt/darwin-x86_64/bin/arm-linux-androideabi-g++ --sysroot=/Users/xiaokai.zhan/soft/android-ndk-r10d/platforms/android-9/arch-arm
configure:12375: result: /Users/xiaokai.zhan/soft/android-ndk-r10d/toolchains/arm-linux-androideabi-4.6/prebuilt/darwin-x86_64/bin/arm-linux-androideabi-ld
configure:12382: checking if the linker (/Users/xiaokai.zhan/soft/android-ndk-r10d/toolchains/arm-linux-androideabi-4.6/prebuilt/darwin-x86_64/bin/arm-linux-androideabi-ld) is GNU ld
configure:12397: result: yes
configure:12452: checking whether the /Users/xiaokai.zhan/soft/android-ndk-r10d/toolchains/arm-linux-androideabi-4.6/prebuilt/darwin-x86_64/bin/arm-linux-androideabi-g++ --sysroot=/Users/xiaokai.zhan/soft/android-ndk-r10d/platforms/android-9/arch-arm linker (/Users/xiaokai.zhan/soft/android-ndk-r10d/toolchains/arm-linux-androideabi-4.6/prebuilt/darwin-x86_64/bin/arm-linux-androideabi-ld) supports shared libraries
configure:13457: result: no
configure:13493: /Users/xiaokai.zhan/soft/android-ndk-r10d/toolchains/arm-linux-androideabi-4.6/prebuilt/darwin-x86_64/bin/arm-linux-androideabi-g++ --sysroot=/Users/xiaokai.zhan/soft/android-ndk-r10d/platforms/android-9/arch-arm -c -I/Users/xiaokai.zhan/soft/android-ndk-r10d/platforms/android-9/arch-arm/usr/include  -fpic -mthumb-interwork -ffunction-sections -funwind-tables -fstack-protector -fno-short-enums -D__ARM_ARCH_5__ -D__ARM_ARCH_5T__ -D__ARM_ARCH_5E__ -D__ARM_ARCH_5TE__  -Wno-psabi -march=armv7-a -mtune=xscale -msoft-float -mthumb -Os -fomit-frame-pointer -fno-strict-aliasing -finline-limit=64 -DANDROID  -Wa,--noexecstack -MMD -MP -I/Users/xiaokai.zhan/soft/android-ndk-r10d/platforms/android-9/arch-arm/usr/include  -fpic -mthumb-interwork -ffunction-sections -funwind-tables -fstack-protector -fno-short-enums -D__ARM_ARCH_5__ -D__ARM_ARCH_5T__ -D__ARM_ARCH_5E__ -D__ARM_ARCH_5TE__  -Wno-psabi -march=armv7-a -mtune=xscale -msoft-float -mthumb -Os -fomit-frame-pointer -fno-strict-aliasing -finline-limit=64 -DANDROID  -Wa,--noexecstack -MMD -MP conftest.cpp >&5
configure:13496: $? = 0
configure:14016: checking for /Users/xiaokai.zhan/soft/android-ndk-r10d/toolchains/arm-linux-androideabi-4.6/prebuilt/darwin-x86_64/bin/arm-linux-androideabi-g++ --sysroot=/Users/xiaokai.zhan/soft/android-ndk-r10d/platforms/android-9/arch-arm option to produce PIC
configure:14023: result: -fPIC -DPIC
configure:14031: checking if /Users/xiaokai.zhan/soft/android-ndk-r10d/toolchains/arm-linux-androideabi-4.6/prebuilt/darwin-x86_64/bin/arm-linux-androideabi-g++ --sysroot=/Users/xiaokai.zhan/soft/android-ndk-r10d/platforms/android-9/arch-arm PIC flag -fPIC -DPIC works
configure:14049: /Users/xiaokai.zhan/soft/android-ndk-r10d/toolchains/arm-linux-androideabi-4.6/prebuilt/darwin-x86_64/bin/arm-linux-androideabi-g++ --sysroot=/Users/xiaokai.zhan/soft/android-ndk-r10d/platforms/android-9/arch-arm -c -I/Users/xiaokai.zhan/soft/android-ndk-r10d/platforms/android-9/arch-arm/usr/include  -fpic -mthumb-interwork -ffunction-sections -funwind-tables -fstack-protector -fno-short-enums -D__ARM_ARCH_5__ -D__ARM_ARCH_5T__ -D__ARM_ARCH_5E__ -D__ARM_ARCH_5TE__  -Wno-psabi -march=armv7-a -mtune=xscale -msoft-float -mthumb -Os -fomit-frame-pointer -fno-strict-aliasing -finline-limit=64 -DANDROID  -Wa,--noexecstack -MMD -MP -I/Users/xiaokai.zhan/soft/android-ndk-r10d/platforms/android-9/arch-arm/usr/include  -fpic -mthumb-interwork -ffunction-sections -funwind-tables -fstack-protector -fno-short-enums -D__ARM_ARCH_5__ -D__ARM_ARCH_5T__ -D__ARM_ARCH_5E__ -D__ARM_ARCH_5TE__  -Wno-psabi -march=armv7-a -mtune=xscale -msoft-float -mthumb -Os -fomit-frame-pointer -fno-strict-aliasing -finline-limit=64 -DANDROID  -Wa,--noexecstack -MMD -MP -fPIC -DPIC -DPIC conftest.cpp >&5
configure:14053: $? = 0
configure:14066: result: yes
configure:14089: checking if /Users/xiaokai.zhan/soft/android-ndk-r10d/toolchains/arm-linux-androideabi-4.6/prebuilt/darwin-x86_64/bin/arm-linux-androideabi-g++ --sysroot=/Users/xiaokai.zhan/soft/android-ndk-r10d/platforms/android-9/arch-arm static flag -static works
configure:14117: result: yes
configure:14129: checking if /Users/xiaokai.zhan/soft/android-ndk-r10d/toolchains/arm-linux-androideabi-4.6/prebuilt/darwin-x86_64/bin/arm-linux-androideabi-g++ --sysroot=/Users/xiaokai.zhan/soft/android-ndk-r10d/platforms/android-9/arch-arm supports -c -o file.o
configure:14150: /Users/xiaokai.zhan/soft/android-ndk-r10d/toolchains/arm-linux-androideabi-4.6/prebuilt/darwin-x86_64/bin/arm-linux-androideabi-g++ --sysroot=/Users/xiaokai.zhan/soft/android-ndk-r10d/platforms/android-9/arch-arm -c -I/Users/xiaokai.zhan/soft/android-ndk-r10d/platforms/android-9/arch-arm/usr/include  -fpic -mthumb-interwork -ffunction-sections -funwind-tables -fstack-protector -fno-short-enums -D__ARM_ARCH_5__ -D__ARM_ARCH_5T__ -D__ARM_ARCH_5E__ -D__ARM_ARCH_5TE__  -Wno-psabi -march=armv7-a -mtune=xscale -msoft-float -mthumb -Os -fomit-frame-pointer -fno-strict-aliasing -finline-limit=64 -DANDROID  -Wa,--noexecstack -MMD -MP -I/Users/xiaokai.zhan/soft/android-ndk-r10d/platforms/android-9/arch-arm/usr/include  -fpic -mthumb-interwork -ffunction-sections -funwind-tables -fstack-protector -fno-short-enums -D__ARM_ARCH_5__ -D__ARM_ARCH_5T__ -D__ARM_ARCH_5E__ -D__ARM_ARCH_5TE__  -Wno-psabi -march=armv7-a -mtune=xscale -msoft-float -mthumb -Os -fomit-frame-pointer -fno-strict-aliasing -finline-limit=64 -DANDROID  -Wa,--noexecstack -MMD -MP -o out/conftest2.o conftest.cpp >&5
configure:14154: $? = 0
configure:14176: result: yes
configure:14181: checking if /Users/xiaokai.zhan/soft/android-ndk-r10d/toolchains/arm-linux-androideabi-4.6/prebuilt/darwin-x86_64/bin/arm-linux-androideabi-g++ --sysroot=/Users/xiaokai.zhan/soft/android-ndk-r10d/platforms/android-9/arch-arm supports -c -o file.o
configure:14228: result: yes
configure:14258: checking whether the /Users/xiaokai.zhan/soft/android-ndk-r10d/toolchains/arm-linux-androideabi-4.6/prebuilt/darwin-x86_64/bin/arm-linux-androideabi-g++ --sysroot=/Users/xiaokai.zhan/soft/android-ndk-r10d/platforms/android-9/arch-arm linker (/Users/xiaokai.zhan/soft/android-ndk-r10d/toolchains/arm-linux-androideabi-4.6/prebuilt/darwin-x86_64/bin/arm-linux-androideabi-ld) supports shared libraries
configure:14294: result: no
configure:14435: checking dynamic linker characteristics
configure:15102: result: no
configure:15155: checking how to hardcode library paths into programs
configure:15180: result: immediate
configure:15242: checking for library containing sin
configure:15273: /Users/xiaokai.zhan/soft/android-ndk-r10d/toolchains/arm-linux-androideabi-4.6/prebuilt/darwin-x86_64/bin/arm-linux-androideabi-gcc --sysroot=/Users/xiaokai.zhan/soft/android-ndk-r10d/platforms/android-9/arch-arm -o conftest -I/Users/xiaokai.zhan/soft/android-ndk-r10d/platforms/android-9/arch-arm/usr/include  -fpic -mthumb-interwork -ffunction-sections -funwind-tables -fstack-protector -fno-short-enums -D__ARM_ARCH_5__ -D__ARM_ARCH_5T__ -D__ARM_ARCH_5E__ -D__ARM_ARCH_5TE__  -Wno-psabi -march=armv7-a -mtune=xscale -msoft-float -mthumb -Os -fomit-frame-pointer -fno-strict-aliasing -finline-limit=64 -DANDROID  -Wa,--noexecstack -MMD -MP -I/Users/xiaokai.zhan/soft/android-ndk-r10d/platforms/android-9/arch-arm/usr/include  -fpic -mthumb-interwork -ffunction-sections -funwind-tables -fstack-protector -fno-short-enums -D__ARM_ARCH_5__ -D__ARM_ARCH_5T__ -D__ARM_ARCH_5E__ -D__ARM_ARCH_5TE__  -Wno-psabi -march=armv7-a -mtune=xscale -msoft-float -mthumb -Os -fomit-frame-pointer -fno-strict-aliasing -finline-limit=64 -DANDROID  -Wa,--noexecstack -MMD -MP -L/Users/xiaokai.zhan/soft/android-ndk-r10d/platforms/android-9/arch-arm/usr/lib -L/Users/xiaokai.zhan/soft/android-ndk-r10d/toolchains/arm-linux-androideabi-4.6/prebuilt/darwin-x86_64/arm-linux-androideabi/lib conftest.c  >&5
conftest.c:30:6: warning: conflicting types for built-in function 'sin' [enabled by default]
/Users/xiaokai.zhan/soft/android-ndk-r10d/toolchains/arm-linux-androideabi-4.6/prebuilt/darwin-x86_64/bin/../lib/gcc/arm-linux-androideabi/4.6/../../../../arm-linux-androideabi/bin/ld: /var/folders/jn/15rt7wmj31b7b9p2_vdjlqr80000gn/T//ccMwJVlV.o: in function main:conftest.c(.text.startup.main+0x2): error: undefined reference to 'sin'
collect2: ld returned 1 exit status
configure:15273: $? = 1
configure: failed program was:
| /* confdefs.h */
| #define PACKAGE_NAME "fdk-aac"
| #define PACKAGE_TARNAME "fdk-aac"
| #define PACKAGE_VERSION "0.1.4"
| #define PACKAGE_STRING "fdk-aac 0.1.4"
| #define PACKAGE_BUGREPORT "http://sourceforge.net/projects/opencore-amr/"
| #define PACKAGE_URL ""
| #define PACKAGE "fdk-aac"
| #define VERSION "0.1.4"
| #define STDC_HEADERS 1
| #define HAVE_SYS_TYPES_H 1
| #define HAVE_SYS_STAT_H 1
| #define HAVE_STDLIB_H 1
| #define HAVE_STRING_H 1
| #define HAVE_MEMORY_H 1
| #define HAVE_STRINGS_H 1
| #define HAVE_INTTYPES_H 1
| #define HAVE_STDINT_H 1
| #define HAVE_UNISTD_H 1
| #define HAVE_DLFCN_H 1
| #define LT_OBJDIR ".libs/"
| /* end confdefs.h.  */
| 
| /* Override any GCC internal prototype to avoid an error.
|    Use char because int might match the return type of a GCC
|    builtin and then its argument prototype would still apply.  */
| #ifdef __cplusplus
| extern "C"
| #endif
| char sin ();
| int
| main ()
| {
| return sin ();
|   ;
|   return 0;
| }
configure:15273: /Users/xiaokai.zhan/soft/android-ndk-r10d/toolchains/arm-linux-androideabi-4.6/prebuilt/darwin-x86_64/bin/arm-linux-androideabi-gcc --sysroot=/Users/xiaokai.zhan/soft/android-ndk-r10d/platforms/android-9/arch-arm -o conftest -I/Users/xiaokai.zhan/soft/android-ndk-r10d/platforms/android-9/arch-arm/usr/include  -fpic -mthumb-interwork -ffunction-sections -funwind-tables -fstack-protector -fno-short-enums -D__ARM_ARCH_5__ -D__ARM_ARCH_5T__ -D__ARM_ARCH_5E__ -D__ARM_ARCH_5TE__  -Wno-psabi -march=armv7-a -mtune=xscale -msoft-float -mthumb -Os -fomit-frame-pointer -fno-strict-aliasing -finline-limit=64 -DANDROID  -Wa,--noexecstack -MMD -MP -I/Users/xiaokai.zhan/soft/android-ndk-r10d/platforms/android-9/arch-arm/usr/include  -fpic -mthumb-interwork -ffunction-sections -funwind-tables -fstack-protector -fno-short-enums -D__ARM_ARCH_5__ -D__ARM_ARCH_5T__ -D__ARM_ARCH_5E__ -D__ARM_ARCH_5TE__  -Wno-psabi -march=armv7-a -mtune=xscale -msoft-float -mthumb -Os -fomit-frame-pointer -fno-strict-aliasing -finline-limit=64 -DANDROID  -Wa,--noexecstack -MMD -MP -L/Users/xiaokai.zhan/soft/android-ndk-r10d/platforms/android-9/arch-arm/usr/lib -L/Users/xiaokai.zhan/soft/android-ndk-r10d/toolchains/arm-linux-androideabi-4.6/prebuilt/darwin-x86_64/arm-linux-androideabi/lib conftest.c -lm   >&5
conftest.c:30:6: warning: conflicting types for built-in function 'sin' [enabled by default]
configure:15273: $? = 0
configure:15290: result: -lm
configure:15457: checking that generated files are newer than configure
configure:15463: result: done
configure:15494: creating ./config.status

## ---------------------- ##
## Running config.status. ##
## ---------------------- ##

This file was extended by fdk-aac config.status 0.1.4, which was
generated by GNU Autoconf 2.69.  Invocation command line was

  CONFIG_FILES    = 
  CONFIG_HEADERS  = 
  CONFIG_LINKS    = 
  CONFIG_COMMANDS = 
  $ ./config.status 

on XiaokaiZhandeMacBook-Pro.local

config.status:1080: creating Makefile
config.status:1080: creating fdk-aac.pc
config.status:1252: executing depfiles commands
config.status:1252: executing libtool commands

## ---------------- ##
## Cache variables. ##
## ---------------- ##

ac_cv_build=x86_64-apple-darwin16.7.0
ac_cv_c_compiler_gnu=yes
ac_cv_cxx_compiler_gnu=yes
ac_cv_env_CCC_set=
ac_cv_env_CCC_value=
ac_cv_env_CC_set=set
ac_cv_env_CC_value='/Users/xiaokai.zhan/soft/android-ndk-r10d/toolchains/arm-linux-androideabi-4.6/prebuilt/darwin-x86_64/bin/arm-linux-androideabi-gcc --sysroot=/Users/xiaokai.zhan/soft/android-ndk-r10d/platforms/android-9/arch-arm'
ac_cv_env_CFLAGS_set=set
ac_cv_env_CFLAGS_value='-I/Users/xiaokai.zhan/soft/android-ndk-r10d/platforms/android-9/arch-arm/usr/include  -fpic -mthumb-interwork -ffunction-sections -funwind-tables -fstack-protector -fno-short-enums -D__ARM_ARCH_5__ -D__ARM_ARCH_5T__ -D__ARM_ARCH_5E__ -D__ARM_ARCH_5TE__  -Wno-psabi -march=armv7-a -mtune=xscale -msoft-float -mthumb -Os -fomit-frame-pointer -fno-strict-aliasing -finline-limit=64 -DANDROID  -Wa,--noexecstack -MMD -MP'
ac_cv_env_CPPFLAGS_set=set
ac_cv_env_CPPFLAGS_value='-I/Users/xiaokai.zhan/soft/android-ndk-r10d/platforms/android-9/arch-arm/usr/include  -fpic -mthumb-interwork -ffunction-sections -funwind-tables -fstack-protector -fno-short-enums -D__ARM_ARCH_5__ -D__ARM_ARCH_5T__ -D__ARM_ARCH_5E__ -D__ARM_ARCH_5TE__  -Wno-psabi -march=armv7-a -mtune=xscale -msoft-float -mthumb -Os -fomit-frame-pointer -fno-strict-aliasing -finline-limit=64 -DANDROID  -Wa,--noexecstack -MMD -MP'
ac_cv_env_CPP_set=
ac_cv_env_CPP_value=
ac_cv_env_CXXCPP_set=
ac_cv_env_CXXCPP_value=
ac_cv_env_CXXFLAGS_set=set
ac_cv_env_CXXFLAGS_value='-I/Users/xiaokai.zhan/soft/android-ndk-r10d/platforms/android-9/arch-arm/usr/include  -fpic -mthumb-interwork -ffunction-sections -funwind-tables -fstack-protector -fno-short-enums -D__ARM_ARCH_5__ -D__ARM_ARCH_5T__ -D__ARM_ARCH_5E__ -D__ARM_ARCH_5TE__  -Wno-psabi -march=armv7-a -mtune=xscale -msoft-float -mthumb -Os -fomit-frame-pointer -fno-strict-aliasing -finline-limit=64 -DANDROID  -Wa,--noexecstack -MMD -MP'
ac_cv_env_CXX_set=set
ac_cv_env_CXX_value='/Users/xiaokai.zhan/soft/android-ndk-r10d/toolchains/arm-linux-androideabi-4.6/prebuilt/darwin-x86_64/bin/arm-linux-androideabi-g++ --sysroot=/Users/xiaokai.zhan/soft/android-ndk-r10d/platforms/android-9/arch-arm'
ac_cv_env_LDFLAGS_set=set
ac_cv_env_LDFLAGS_value='-L/Users/xiaokai.zhan/soft/android-ndk-r10d/platforms/android-9/arch-arm/usr/lib -L/Users/xiaokai.zhan/soft/android-ndk-r10d/toolchains/arm-linux-androideabi-4.6/prebuilt/darwin-x86_64/arm-linux-androideabi/lib'
ac_cv_env_LIBS_set=
ac_cv_env_LIBS_value=
ac_cv_env_build_alias_set=
ac_cv_env_build_alias_value=
ac_cv_env_host_alias_set=set
ac_cv_env_host_alias_value=armv7a
ac_cv_env_target_alias_set=
ac_cv_env_target_alias_value=
ac_cv_header_dlfcn_h=yes
ac_cv_header_inttypes_h=yes
ac_cv_header_memory_h=yes
ac_cv_header_stdc=yes
ac_cv_header_stdint_h=yes
ac_cv_header_stdlib_h=yes
ac_cv_header_string_h=yes
ac_cv_header_strings_h=yes
ac_cv_header_sys_stat_h=yes
ac_cv_header_sys_types_h=yes
ac_cv_header_unistd_h=yes
ac_cv_host=armv7a-unknown-none
ac_cv_objext=o
ac_cv_path_EGREP='/usr/bin/grep -E'
ac_cv_path_FGREP='/usr/bin/grep -F'
ac_cv_path_GREP=/usr/bin/grep
ac_cv_path_SED=/usr/bin/sed
ac_cv_path_install='/usr/local/bin/ginstall -c'
ac_cv_path_mkdir=/usr/local/bin/gmkdir
ac_cv_prog_AR=/Users/xiaokai.zhan/soft/android-ndk-r10d/toolchains/arm-linux-androideabi-4.6/prebuilt/darwin-x86_64/bin/arm-linux-androideabi-ar
ac_cv_prog_AWK=awk
ac_cv_prog_CC='/Users/xiaokai.zhan/soft/android-ndk-r10d/toolchains/arm-linux-androideabi-4.6/prebuilt/darwin-x86_64/bin/arm-linux-androideabi-gcc --sysroot=/Users/xiaokai.zhan/soft/android-ndk-r10d/platforms/android-9/arch-arm'
ac_cv_prog_CPP='/Users/xiaokai.zhan/soft/android-ndk-r10d/toolchains/arm-linux-androideabi-4.6/prebuilt/darwin-x86_64/bin/arm-linux-androideabi-gcc --sysroot=/Users/xiaokai.zhan/soft/android-ndk-r10d/platforms/android-9/arch-arm -E'
ac_cv_prog_CXXCPP='/Users/xiaokai.zhan/soft/android-ndk-r10d/toolchains/arm-linux-androideabi-4.6/prebuilt/darwin-x86_64/bin/arm-linux-androideabi-g++ --sysroot=/Users/xiaokai.zhan/soft/android-ndk-r10d/platforms/android-9/arch-arm -E'
ac_cv_prog_RANLIB=/Users/xiaokai.zhan/soft/android-ndk-r10d/toolchains/arm-linux-androideabi-4.6/prebuilt/darwin-x86_64/bin/arm-linux-androideabi-ranlib
ac_cv_prog_STRIP=/Users/xiaokai.zhan/soft/android-ndk-r10d/toolchains/arm-linux-androideabi-4.6/prebuilt/darwin-x86_64/bin/arm-linux-androideabi-strip
ac_cv_prog_ac_ct_OBJDUMP=objdump
ac_cv_prog_cc_c89=
ac_cv_prog_cc_g=yes
ac_cv_prog_cxx_g=yes
ac_cv_prog_make_make_set=yes
ac_cv_search_sin=-lm
am_cv_CC_dependencies_compiler_type=gcc3
am_cv_CXX_dependencies_compiler_type=gcc3
am_cv_make_support_nested_variables=yes
am_cv_prog_cc_c_o=yes
am_cv_prog_tar_ustar=gnutar
lt_cv_ar_at_file=@
lt_cv_deplibs_check_method=unknown
lt_cv_file_magic_cmd='$MAGIC_CMD'
lt_cv_file_magic_test_file=
lt_cv_ld_reload_flag=-r
lt_cv_nm_interface='BSD nm'
lt_cv_objdir=.libs
lt_cv_path_LD=/Users/xiaokai.zhan/soft/android-ndk-r10d/toolchains/arm-linux-androideabi-4.6/prebuilt/darwin-x86_64/bin/arm-linux-androideabi-ld
lt_cv_path_LDCXX=/Users/xiaokai.zhan/soft/android-ndk-r10d/toolchains/arm-linux-androideabi-4.6/prebuilt/darwin-x86_64/bin/arm-linux-androideabi-ld
lt_cv_path_NM=/Users/xiaokai.zhan/soft/android-ndk-r10d/toolchains/arm-linux-androideabi-4.6/prebuilt/darwin-x86_64/bin/arm-linux-androideabi-nm
lt_cv_path_mainfest_tool=no
lt_cv_prog_compiler_c_o=yes
lt_cv_prog_compiler_c_o_CXX=yes
lt_cv_prog_compiler_pic='-fPIC -DPIC'
lt_cv_prog_compiler_pic_CXX='-fPIC -DPIC'
lt_cv_prog_compiler_pic_works=yes
lt_cv_prog_compiler_pic_works_CXX=yes
lt_cv_prog_compiler_rtti_exceptions=no
lt_cv_prog_compiler_static_works=yes
lt_cv_prog_compiler_static_works_CXX=yes
lt_cv_prog_gnu_ld=yes
lt_cv_prog_gnu_ldcxx=yes
lt_cv_sharedlib_from_linklib_cmd='printf %s\n'
lt_cv_sys_global_symbol_pipe='sed -n -e '\''s/^.*[	 ]\([ABCDGIRSTW][ABCDGIRSTW]*\)[	 ][	 ]*\([_A-Za-z][_A-Za-z0-9]*\)$/\1 \2 \2/p'\'' | sed '\''/ __gnu_lto/d'\'''
lt_cv_sys_global_symbol_to_c_name_address='sed -n -e '\''s/^: \([^ ]*\)[ ]*$/  {\"\1\", (void *) 0},/p'\'' -e '\''s/^[ABCDGIRSTW]* \([^ ]*\) \([^ ]*\)$/  {"\2", (void *) \&\2},/p'\'''
lt_cv_sys_global_symbol_to_c_name_address_lib_prefix='sed -n -e '\''s/^: \([^ ]*\)[ ]*$/  {\"\1\", (void *) 0},/p'\'' -e '\''s/^[ABCDGIRSTW]* \([^ ]*\) \(lib[^ ]*\)$/  {"\2", (void *) \&\2},/p'\'' -e '\''s/^[ABCDGIRSTW]* \([^ ]*\) \([^ ]*\)$/  {"lib\2", (void *) \&\2},/p'\'''
lt_cv_sys_global_symbol_to_cdecl='sed -n -e '\''s/^T .* \(.*\)$/extern int \1();/p'\'' -e '\''s/^[ABCDGIRSTW]* .* \(.*\)$/extern char \1;/p'\'''
lt_cv_sys_max_cmd_len=196608
lt_cv_to_host_file_cmd=func_convert_file_noop
lt_cv_to_tool_file_cmd=func_convert_file_noop

## ----------------- ##
## Output variables. ##
## ----------------- ##

ACLOCAL='${SHELL} /Users/xiaokai.zhan/book/workspace/cross_compile_project/ffmpeg_2.8.5_android/external_libs/fdk-aac/missing aclocal-1.14'
AMDEPBACKSLASH='\'
AMDEP_FALSE='#'
AMDEP_TRUE=''
AMTAR='$${TAR-tar}'
AM_BACKSLASH='\'
AM_DEFAULT_V='$(AM_DEFAULT_VERBOSITY)'
AM_DEFAULT_VERBOSITY='0'
AM_V='$(V)'
AR='/Users/xiaokai.zhan/soft/android-ndk-r10d/toolchains/arm-linux-androideabi-4.6/prebuilt/darwin-x86_64/bin/arm-linux-androideabi-ar'
AUTOCONF='${SHELL} /Users/xiaokai.zhan/book/workspace/cross_compile_project/ffmpeg_2.8.5_android/external_libs/fdk-aac/missing autoconf'
AUTOHEADER='${SHELL} /Users/xiaokai.zhan/book/workspace/cross_compile_project/ffmpeg_2.8.5_android/external_libs/fdk-aac/missing autoheader'
AUTOMAKE='${SHELL} /Users/xiaokai.zhan/book/workspace/cross_compile_project/ffmpeg_2.8.5_android/external_libs/fdk-aac/missing automake-1.14'
AWK='awk'
CC='/Users/xiaokai.zhan/soft/android-ndk-r10d/toolchains/arm-linux-androideabi-4.6/prebuilt/darwin-x86_64/bin/arm-linux-androideabi-gcc --sysroot=/Users/xiaokai.zhan/soft/android-ndk-r10d/platforms/android-9/arch-arm'
CCDEPMODE='depmode=gcc3'
CFLAGS='-I/Users/xiaokai.zhan/soft/android-ndk-r10d/platforms/android-9/arch-arm/usr/include  -fpic -mthumb-interwork -ffunction-sections -funwind-tables -fstack-protector -fno-short-enums -D__ARM_ARCH_5__ -D__ARM_ARCH_5T__ -D__ARM_ARCH_5E__ -D__ARM_ARCH_5TE__  -Wno-psabi -march=armv7-a -mtune=xscale -msoft-float -mthumb -Os -fomit-frame-pointer -fno-strict-aliasing -finline-limit=64 -DANDROID  -Wa,--noexecstack -MMD -MP'
CPP='/Users/xiaokai.zhan/soft/android-ndk-r10d/toolchains/arm-linux-androideabi-4.6/prebuilt/darwin-x86_64/bin/arm-linux-androideabi-gcc --sysroot=/Users/xiaokai.zhan/soft/android-ndk-r10d/platforms/android-9/arch-arm -E'
CPPFLAGS='-I/Users/xiaokai.zhan/soft/android-ndk-r10d/platforms/android-9/arch-arm/usr/include  -fpic -mthumb-interwork -ffunction-sections -funwind-tables -fstack-protector -fno-short-enums -D__ARM_ARCH_5__ -D__ARM_ARCH_5T__ -D__ARM_ARCH_5E__ -D__ARM_ARCH_5TE__  -Wno-psabi -march=armv7-a -mtune=xscale -msoft-float -mthumb -Os -fomit-frame-pointer -fno-strict-aliasing -finline-limit=64 -DANDROID  -Wa,--noexecstack -MMD -MP'
CXX='/Users/xiaokai.zhan/soft/android-ndk-r10d/toolchains/arm-linux-androideabi-4.6/prebuilt/darwin-x86_64/bin/arm-linux-androideabi-g++ --sysroot=/Users/xiaokai.zhan/soft/android-ndk-r10d/platforms/android-9/arch-arm'
CXXCPP='/Users/xiaokai.zhan/soft/android-ndk-r10d/toolchains/arm-linux-androideabi-4.6/prebuilt/darwin-x86_64/bin/arm-linux-androideabi-g++ --sysroot=/Users/xiaokai.zhan/soft/android-ndk-r10d/platforms/android-9/arch-arm -E'
CXXDEPMODE='depmode=gcc3'
CXXFLAGS='-I/Users/xiaokai.zhan/soft/android-ndk-r10d/platforms/android-9/arch-arm/usr/include  -fpic -mthumb-interwork -ffunction-sections -funwind-tables -fstack-protector -fno-short-enums -D__ARM_ARCH_5__ -D__ARM_ARCH_5T__ -D__ARM_ARCH_5E__ -D__ARM_ARCH_5TE__  -Wno-psabi -march=armv7-a -mtune=xscale -msoft-float -mthumb -Os -fomit-frame-pointer -fno-strict-aliasing -finline-limit=64 -DANDROID  -Wa,--noexecstack -MMD -MP'
CYGPATH_W='echo'
DEFS='-DPACKAGE_NAME=\"fdk-aac\" -DPACKAGE_TARNAME=\"fdk-aac\" -DPACKAGE_VERSION=\"0.1.4\" -DPACKAGE_STRING=\"fdk-aac\ 0.1.4\" -DPACKAGE_BUGREPORT=\"http://sourceforge.net/projects/opencore-amr/\" -DPACKAGE_URL=\"\" -DPACKAGE=\"fdk-aac\" -DVERSION=\"0.1.4\" -DSTDC_HEADERS=1 -DHAVE_SYS_TYPES_H=1 -DHAVE_SYS_STAT_H=1 -DHAVE_STDLIB_H=1 -DHAVE_STRING_H=1 -DHAVE_MEMORY_H=1 -DHAVE_STRINGS_H=1 -DHAVE_INTTYPES_H=1 -DHAVE_STDINT_H=1 -DHAVE_UNISTD_H=1 -DHAVE_DLFCN_H=1 -DLT_OBJDIR=\".libs/\"'
DEPDIR='.deps'
DLLTOOL='false'
DSYMUTIL=''
DUMPBIN=''
ECHO_C='\c'
ECHO_N=''
ECHO_T=''
EGREP='/usr/bin/grep -E'
EXAMPLE_FALSE=''
EXAMPLE_TRUE='#'
EXEEXT=''
FDK_AAC_VERSION='1:0:0'
FGREP='/usr/bin/grep -F'
GREP='/usr/bin/grep'
INSTALL_DATA='${INSTALL} -m 644'
INSTALL_PROGRAM='${INSTALL}'
INSTALL_SCRIPT='${INSTALL}'
INSTALL_STRIP_PROGRAM='$(install_sh) -c -s'
LD='/Users/xiaokai.zhan/soft/android-ndk-r10d/toolchains/arm-linux-androideabi-4.6/prebuilt/darwin-x86_64/bin/arm-linux-androideabi-ld'
LDFLAGS='-L/Users/xiaokai.zhan/soft/android-ndk-r10d/platforms/android-9/arch-arm/usr/lib -L/Users/xiaokai.zhan/soft/android-ndk-r10d/toolchains/arm-linux-androideabi-4.6/prebuilt/darwin-x86_64/arm-linux-androideabi/lib'
LIBOBJS=''
LIBS='-lm '
LIBS_PRIVATE=''
LIBS_PUBLIC='-lm '
LIBTOOL='$(SHELL) $(top_builddir)/libtool'
LIPO=''
LN_S='ln -s'
LTLIBOBJS=''
MAKEINFO='${SHELL} /Users/xiaokai.zhan/book/workspace/cross_compile_project/ffmpeg_2.8.5_android/external_libs/fdk-aac/missing makeinfo'
MANIFEST_TOOL=':'
MKDIR_P='/usr/local/bin/gmkdir -p'
NM='/Users/xiaokai.zhan/soft/android-ndk-r10d/toolchains/arm-linux-androideabi-4.6/prebuilt/darwin-x86_64/bin/arm-linux-androideabi-nm'
NMEDIT=''
OBJDUMP='objdump'
OBJEXT='o'
OTOOL64=''
OTOOL=''
PACKAGE='fdk-aac'
PACKAGE_BUGREPORT='http://sourceforge.net/projects/opencore-amr/'
PACKAGE_NAME='fdk-aac'
PACKAGE_STRING='fdk-aac 0.1.4'
PACKAGE_TARNAME='fdk-aac'
PACKAGE_URL=''
PACKAGE_VERSION='0.1.4'
PATH_SEPARATOR=':'
RANLIB='/Users/xiaokai.zhan/soft/android-ndk-r10d/toolchains/arm-linux-androideabi-4.6/prebuilt/darwin-x86_64/bin/arm-linux-androideabi-ranlib'
SED='/usr/bin/sed'
SET_MAKE=''
SHELL='/bin/sh'
STRIP='/Users/xiaokai.zhan/soft/android-ndk-r10d/toolchains/arm-linux-androideabi-4.6/prebuilt/darwin-x86_64/bin/arm-linux-androideabi-strip'
VERSION='0.1.4'
ac_ct_AR=''
ac_ct_CC=''
ac_ct_CXX=''
ac_ct_DUMPBIN=''
am__EXEEXT_FALSE=''
am__EXEEXT_TRUE='#'
am__fastdepCC_FALSE='#'
am__fastdepCC_TRUE=''
am__fastdepCXX_FALSE='#'
am__fastdepCXX_TRUE=''
am__include='include'
am__isrc=''
am__leading_dot='.'
am__nodep='_no'
am__quote=''
am__tar='tar --format=ustar -chf - "$$tardir"'
am__untar='tar -xf -'
bindir='${exec_prefix}/bin'
build='x86_64-apple-darwin16.7.0'
build_alias=''
build_cpu='x86_64'
build_os='darwin16.7.0'
build_vendor='apple'
datadir='${datarootdir}'
datarootdir='${prefix}/share'
docdir='${datarootdir}/doc/${PACKAGE_TARNAME}'
dvidir='${docdir}'
exec_prefix='${prefix}'
host='armv7a-unknown-none'
host_alias='armv7a'
host_cpu='armv7a'
host_os='none'
host_vendor='unknown'
htmldir='${docdir}'
includedir='${prefix}/include'
infodir='${datarootdir}/info'
install_sh='${SHELL} /Users/xiaokai.zhan/book/workspace/cross_compile_project/ffmpeg_2.8.5_android/external_libs/fdk-aac/install-sh'
libdir='${exec_prefix}/lib'
libexecdir='${exec_prefix}/libexec'
localedir='${datarootdir}/locale'
localstatedir='${prefix}/var'
mandir='${datarootdir}/man'
mkdir_p='$(MKDIR_P)'
oldincludedir='/usr/include'
pdfdir='${docdir}'
prefix='/Users/xiaokai.zhan/book/workspace/cross_compile_project/ffmpeg_2.8.5_android/external_libs/fdk-aac/build/armv7a'
program_transform_name='s,x,x,'
psdir='${docdir}'
sbindir='${exec_prefix}/sbin'
sharedstatedir='${prefix}/com'
sysconfdir='${prefix}/etc'
target_alias=''

## ----------- ##
## confdefs.h. ##
## ----------- ##

/* confdefs.h */
#define PACKAGE_NAME "fdk-aac"
#define PACKAGE_TARNAME "fdk-aac"
#define PACKAGE_VERSION "0.1.4"
#define PACKAGE_STRING "fdk-aac 0.1.4"
#define PACKAGE_BUGREPORT "http://sourceforge.net/projects/opencore-amr/"
#define PACKAGE_URL ""
#define PACKAGE "fdk-aac"
#define VERSION "0.1.4"
#define STDC_HEADERS 1
#define HAVE_SYS_TYPES_H 1
#define HAVE_SYS_STAT_H 1
#define HAVE_STDLIB_H 1
#define HAVE_STRING_H 1
#define HAVE_MEMORY_H 1
#define HAVE_STRINGS_H 1
#define HAVE_INTTYPES_H 1
#define HAVE_STDINT_H 1
#define HAVE_UNISTD_H 1
#define HAVE_DLFCN_H 1
#define LT_OBJDIR ".libs/"

configure: exit 0
